<?xml version="1.0" encoding="UTF-8"?>
<testsuite xmlns:xsi="http://www.w3.org/2001/XMLSchema-instance" xsi:noNamespaceSchemaLocation="https://maven.apache.org/surefire/maven-surefire-plugin/xsd/surefire-test-report.xsd" name="com.redhat.internal.config.RunnerTest" time="1.819" tests="3" errors="0" skipped="0" failures="3">
  <properties>
    <property name="gopherProxySet" value="false"/>
    <property name="awt.toolkit" value="sun.lwawt.macosx.LWCToolkit"/>
    <property name="java.specification.version" value="11"/>
    <property name="sun.cpu.isalist" value=""/>
    <property name="sun.jnu.encoding" value="UTF-8"/>
    <property name="java.class.path" value="/Users/rams/liveprojects/CreditSuisse/Projects/reproducer-exception-test/target/test-classes:/Users/rams/liveprojects/CreditSuisse/Projects/reproducer-exception-test/target/classes:/Users/rams/.m2/repository/org/kie/kie-server-spring-boot-starter-drools/7.48.0.Final-redhat-00006/kie-server-spring-boot-starter-drools-7.48.0.Final-redhat-00006.jar:/Users/rams/.m2/repository/org/springframework/boot/spring-boot-starter-web/2.2.2.RELEASE/spring-boot-starter-web-2.2.2.RELEASE.jar:/Users/rams/.m2/repository/org/springframework/boot/spring-boot-starter-json/2.2.2.RELEASE/spring-boot-starter-json-2.2.2.RELEASE.jar:/Users/rams/.m2/repository/com/fasterxml/jackson/datatype/jackson-datatype-jdk8/2.10.1/jackson-datatype-jdk8-2.10.1.jar:/Users/rams/.m2/repository/com/fasterxml/jackson/datatype/jackson-datatype-jsr310/2.10.1/jackson-datatype-jsr310-2.10.1.jar:/Users/rams/.m2/repository/com/fasterxml/jackson/module/jackson-module-parameter-names/2.10.1/jackson-module-parameter-names-2.10.1.jar:/Users/rams/.m2/repository/org/springframework/boot/spring-boot-starter-tomcat/2.2.2.RELEASE/spring-boot-starter-tomcat-2.2.2.RELEASE.jar:/Users/rams/.m2/repository/org/apache/tomcat/embed/tomcat-embed-core/9.0.29/tomcat-embed-core-9.0.29.jar:/Users/rams/.m2/repository/org/apache/tomcat/embed/tomcat-embed-el/9.0.29/tomcat-embed-el-9.0.29.jar:/Users/rams/.m2/repository/org/apache/tomcat/embed/tomcat-embed-websocket/9.0.29/tomcat-embed-websocket-9.0.29.jar:/Users/rams/.m2/repository/org/springframework/boot/spring-boot-starter-validation/2.2.2.RELEASE/spring-boot-starter-validation-2.2.2.RELEASE.jar:/Users/rams/.m2/repository/org/hibernate/validator/hibernate-validator/6.0.18.Final/hibernate-validator-6.0.18.Final.jar:/Users/rams/.m2/repository/com/fasterxml/classmate/1.5.1/classmate-1.5.1.jar:/Users/rams/.m2/repository/org/springframework/spring-web/5.2.2.RELEASE/spring-web-5.2.2.RELEASE.jar:/Users/rams/.m2/repository/org/springframework/spring-webmvc/5.2.2.RELEASE/spring-webmvc-5.2.2.RELEASE.jar:/Users/rams/.m2/repository/org/springframework/spring-aop/5.2.2.RELEASE/spring-aop-5.2.2.RELEASE.jar:/Users/rams/.m2/repository/org/springframework/spring-expression/5.2.2.RELEASE/spring-expression-5.2.2.RELEASE.jar:/Users/rams/.m2/repository/org/apache/cxf/cxf-spring-boot-starter-jaxrs/3.2.14/cxf-spring-boot-starter-jaxrs-3.2.14.jar:/Users/rams/.m2/repository/org/apache/cxf/cxf-spring-boot-autoconfigure/3.2.14/cxf-spring-boot-autoconfigure-3.2.14.jar:/Users/rams/.m2/repository/org/apache/cxf/cxf-rt-transports-http/3.2.14/cxf-rt-transports-http-3.2.14.jar:/Users/rams/.m2/repository/org/apache/cxf/cxf-rt-rs-client/3.2.14/cxf-rt-rs-client-3.2.14.jar:/Users/rams/.m2/repository/javax/validation/validation-api/2.0.1.Final/validation-api-2.0.1.Final.jar:/Users/rams/.m2/repository/org/kie/kie-server-spring-boot-autoconfiguration/7.48.0.Final-redhat-00006/kie-server-spring-boot-autoconfiguration-7.48.0.Final-redhat-00006.jar:/Users/rams/.m2/repository/org/springframework/boot/spring-boot/2.2.2.RELEASE/spring-boot-2.2.2.RELEASE.jar:/Users/rams/.m2/repository/org/springframework/boot/spring-boot-autoconfigure/2.2.2.RELEASE/spring-boot-autoconfigure-2.2.2.RELEASE.jar:/Users/rams/.m2/repository/org/springframework/boot/spring-boot-starter-security/2.2.2.RELEASE/spring-boot-starter-security-2.2.2.RELEASE.jar:/Users/rams/.m2/repository/org/springframework/security/spring-security-web/5.2.1.RELEASE/spring-security-web-5.2.1.RELEASE.jar:/Users/rams/.m2/repository/org/apache/cxf/cxf-core/3.2.14/cxf-core-3.2.14.jar:/Users/rams/.m2/repository/com/fasterxml/woodstox/woodstox-core/5.0.3/woodstox-core-5.0.3.jar:/Users/rams/.m2/repository/org/codehaus/woodstox/stax2-api/3.1.4/stax2-api-3.1.4.jar:/Users/rams/.m2/repository/org/apache/ws/xmlschema/xmlschema-core/2.2.5/xmlschema-core-2.2.5.jar:/Users/rams/.m2/repository/org/kie/kie-internal/7.48.0.Final-redhat-00006/kie-internal-7.48.0.Final-redhat-00006.jar:/Users/rams/.m2/repository/org/kie/server/kie-server-api/7.48.0.Final-redhat-00006/kie-server-api-7.48.0.Final-redhat-00006.jar:/Users/rams/.m2/repository/org/kie/soup/kie-soup-xstream/7.48.0.Final-redhat-00006/kie-soup-xstream-7.48.0.Final-redhat-00006.jar:/Users/rams/.m2/repository/org/drools/drools-core/7.48.0.Final-redhat-00006/drools-core-7.48.0.Final-redhat-00006.jar:/Users/rams/.m2/repository/org/drools/drools-core-reflective/7.48.0.Final-redhat-00006/drools-core-reflective-7.48.0.Final-redhat-00006.jar:/Users/rams/.m2/repository/org/drools/drools-core-dynamic/7.48.0.Final-redhat-00006/drools-core-dynamic-7.48.0.Final-redhat-00006.jar:/Users/rams/.m2/repository/org/optaplanner/optaplanner-core/7.48.0.Final-redhat-00006/optaplanner-core-7.48.0.Final-redhat-00006.jar:/Users/rams/.m2/repository/org/drools/drools-canonical-model/7.48.0.Final-redhat-00006/drools-canonical-model-7.48.0.Final-redhat-00006.jar:/Users/rams/.m2/repository/org/drools/drools-model-compiler/7.48.0.Final-redhat-00006/drools-model-compiler-7.48.0.Final-redhat-00006.jar:/Users/rams/.m2/repository/org/drools/drools-mvel-compiler/7.48.0.Final-redhat-00006/drools-mvel-compiler-7.48.0.Final-redhat-00006.jar:/Users/rams/.m2/repository/org/apache/commons/commons-math3/3.4.1.redhat-3/commons-math3-3.4.1.redhat-3.jar:/Users/rams/.m2/repository/org/optaplanner/optaplanner-persistence-xstream/7.48.0.Final-redhat-00006/optaplanner-persistence-xstream-7.48.0.Final-redhat-00006.jar:/Users/rams/.m2/repository/org/optaplanner/optaplanner-persistence-common/7.48.0.Final-redhat-00006/optaplanner-persistence-common-7.48.0.Final-redhat-00006.jar:/Users/rams/.m2/repository/org/optaplanner/optaplanner-persistence-jaxb/7.48.0.Final-redhat-00006/optaplanner-persistence-jaxb-7.48.0.Final-redhat-00006.jar:/Users/rams/.m2/repository/org/jboss/spec/javax/xml/bind/jboss-jaxb-api_2.3_spec/1.0.1.Final-redhat-1/jboss-jaxb-api_2.3_spec-1.0.1.Final-redhat-1.jar:/Users/rams/.m2/repository/org/kie/kie-dmn-api/7.48.0.Final-redhat-00006/kie-dmn-api-7.48.0.Final-redhat-00006.jar:/Users/rams/.m2/repository/com/fasterxml/jackson/module/jackson-module-jaxb-annotations/2.10.1/jackson-module-jaxb-annotations-2.10.1.jar:/Users/rams/.m2/repository/com/thoughtworks/xstream/xstream/1.4.14.redhat-00001/xstream-1.4.14.redhat-00001.jar:/Users/rams/.m2/repository/xmlpull/xmlpull/1.1.3.1/xmlpull-1.1.3.1.jar:/Users/rams/.m2/repository/xpp3/xpp3_min/1.1.4c-redhat-2/xpp3_min-1.1.4c-redhat-2.jar:/Users/rams/.m2/repository/org/drools/kie-pmml/7.48.0.Final-redhat-00006/kie-pmml-7.48.0.Final-redhat-00006.jar:/Users/rams/.m2/repository/org/drools/drools-ruleunit/7.48.0.Final-redhat-00006/drools-ruleunit-7.48.0.Final-redhat-00006.jar:/Users/rams/.m2/repository/com/sun/xml/bind/jaxb-impl/2.3.0.redhat-1/jaxb-impl-2.3.0.redhat-1.jar:/Users/rams/.m2/repository/com/sun/xml/bind/jaxb-core/2.3.0.redhat-1/jaxb-core-2.3.0.redhat-1.jar:/Users/rams/.m2/repository/javax/activation/activation/1.1.1.redhat-5/activation-1.1.1.redhat-5.jar:/Users/rams/.m2/repository/org/springframework/spring-beans/5.2.2.RELEASE/spring-beans-5.2.2.RELEASE.jar:/Users/rams/.m2/repository/org/springframework/spring-context/5.2.2.RELEASE/spring-context-5.2.2.RELEASE.jar:/Users/rams/.m2/repository/org/springframework/security/spring-security-config/5.2.1.RELEASE/spring-security-config-5.2.1.RELEASE.jar:/Users/rams/.m2/repository/org/springframework/boot/spring-boot-loader/2.2.2.RELEASE/spring-boot-loader-2.2.2.RELEASE.jar:/Users/rams/.m2/repository/org/springframework/security/spring-security-core/5.2.1.RELEASE/spring-security-core-5.2.1.RELEASE.jar:/Users/rams/.m2/repository/org/kie/server/kie-server-services-common/7.48.0.Final-redhat-00006/kie-server-services-common-7.48.0.Final-redhat-00006.jar:/Users/rams/.m2/repository/org/kie/server/kie-server-controller-api/7.48.0.Final-redhat-00006/kie-server-controller-api-7.48.0.Final-redhat-00006.jar:/Users/rams/.m2/repository/org/kie/soup/kie-soup-commons/7.48.0.Final-redhat-00006/kie-soup-commons-7.48.0.Final-redhat-00006.jar:/Users/rams/.m2/repository/org/kie/server/kie-server-common/7.48.0.Final-redhat-00006/kie-server-common-7.48.0.Final-redhat-00006.jar:/Users/rams/.m2/repository/org/drools/drools-compiler/7.48.0.Final-redhat-00006/drools-compiler-7.48.0.Final-redhat-00006.jar:/Users/rams/.m2/repository/org/kie/kie-memory-compiler/7.48.0.Final-redhat-00006/kie-memory-compiler-7.48.0.Final-redhat-00006.jar:/Users/rams/.m2/repository/org/antlr/antlr-runtime/3.5.2.redhat-1/antlr-runtime-3.5.2.redhat-1.jar:/Users/rams/.m2/repository/org/drools/drools-ecj/7.48.0.Final-redhat-00006/drools-ecj-7.48.0.Final-redhat-00006.jar:/Users/rams/.m2/repository/org/drools/drools-decisiontables/7.48.0.Final-redhat-00006/drools-decisiontables-7.48.0.Final-redhat-00006.jar:/Users/rams/.m2/repository/org/drools/drools-templates/7.48.0.Final-redhat-00006/drools-templates-7.48.0.Final-redhat-00006.jar:/Users/rams/.m2/repository/org/apache/poi/poi-ooxml/4.1.2/poi-ooxml-4.1.2.jar:/Users/rams/.m2/repository/org/apache/poi/poi-ooxml-schemas/4.1.2/poi-ooxml-schemas-4.1.2.jar:/Users/rams/.m2/repository/org/apache/xmlbeans/xmlbeans/3.1.0/xmlbeans-3.1.0.jar:/Users/rams/.m2/repository/org/apache/commons/commons-compress/1.19/commons-compress-1.19.jar:/Users/rams/.m2/repository/com/github/virtuald/curvesapi/1.06/curvesapi-1.06.jar:/Users/rams/.m2/repository/org/apache/poi/poi/4.1.2/poi-4.1.2.jar:/Users/rams/.m2/repository/org/apache/commons/commons-collections4/4.4/commons-collections4-4.4.jar:/Users/rams/.m2/repository/com/zaxxer/SparseBitSet/1.2/SparseBitSet-1.2.jar:/Users/rams/.m2/repository/org/kie/kie-ci/7.48.0.Final-redhat-00006/kie-ci-7.48.0.Final-redhat-00006.jar:/Users/rams/.m2/repository/org/drools/drools-serialization-protobuf/7.48.0.Final-redhat-00006/drools-serialization-protobuf-7.48.0.Final-redhat-00006.jar:/Users/rams/.m2/repository/org/kie/soup/kie-soup-maven-integration/7.48.0.Final-redhat-00006/kie-soup-maven-integration-7.48.0.Final-redhat-00006.jar:/Users/rams/.m2/repository/org/apache/maven/maven-plugin-api/3.3.9.redhat-2/maven-plugin-api-3.3.9.redhat-2.jar:/Users/rams/.m2/repository/org/eclipse/aether/aether-util/1.1.0.redhat-1/aether-util-1.1.0.redhat-1.jar:/Users/rams/.m2/repository/org/eclipse/aether/aether-spi/1.1.0.redhat-1/aether-spi-1.1.0.redhat-1.jar:/Users/rams/.m2/repository/org/eclipse/aether/aether-transport-file/1.1.0.redhat-1/aether-transport-file-1.1.0.redhat-1.jar:/Users/rams/.m2/repository/org/eclipse/aether/aether-transport-http/1.1.0.redhat-1/aether-transport-http-1.1.0.redhat-1.jar:/Users/rams/.m2/repository/org/apache/ant/ant/1.9.15/ant-1.9.15.jar:/Users/rams/.m2/repository/org/apache/ant/ant-launcher/1.9.15/ant-launcher-1.9.15.jar:/Users/rams/.m2/repository/com/google/inject/guice/4.0.0.redhat-2/guice-4.0.0.redhat-2-no_aop.jar:/Users/rams/.m2/repository/javax/inject/javax.inject/1.0.0.redhat-6/javax.inject-1.0.0.redhat-6.jar:/Users/rams/.m2/repository/org/apache/maven/maven-core/3.3.9.redhat-2/maven-core-3.3.9.redhat-2.jar:/Users/rams/.m2/repository/org/apache/maven/maven-repository-metadata/3.3.9.redhat-2/maven-repository-metadata-3.3.9.redhat-2.jar:/Users/rams/.m2/repository/org/codehaus/plexus/plexus-interpolation/1.21.0.redhat-1/plexus-interpolation-1.21.0.redhat-1.jar:/Users/rams/.m2/repository/org/codehaus/plexus/plexus-component-annotations/1.6.0.redhat-1/plexus-component-annotations-1.6.0.redhat-1.jar:/Users/rams/.m2/repository/org/apache/maven/maven-model/3.3.9.redhat-2/maven-model-3.3.9.redhat-2.jar:/Users/rams/.m2/repository/org/apache/maven/maven-model-builder/3.3.9.redhat-2/maven-model-builder-3.3.9.redhat-2.jar:/Users/rams/.m2/repository/org/apache/maven/maven-builder-support/3.3.9.redhat-2/maven-builder-support-3.3.9.redhat-2.jar:/Users/rams/.m2/repository/org/apache/maven/maven-settings/3.3.9.redhat-2/maven-settings-3.3.9.redhat-2.jar:/Users/rams/.m2/repository/org/apache/maven/maven-settings-builder/3.3.9.redhat-2/maven-settings-builder-3.3.9.redhat-2.jar:/Users/rams/.m2/repository/org/apache/maven/maven-compat/3.3.9.redhat-2/maven-compat-3.3.9.redhat-2.jar:/Users/rams/.m2/repository/org/apache/maven/maven-aether-provider/3.3.9.redhat-2/maven-aether-provider-3.3.9.redhat-2.jar:/Users/rams/.m2/repository/org/apache/maven/wagon/wagon-provider-api/3.0.0.redhat-2/wagon-provider-api-3.0.0.redhat-2.jar:/Users/rams/.m2/repository/org/sonatype/plexus/plexus-sec-dispatcher/1.3.0.redhat-1/plexus-sec-dispatcher-1.3.0.redhat-1.jar:/Users/rams/.m2/repository/org/codehaus/plexus/plexus-classworlds/2.5.2.redhat-2/plexus-classworlds-2.5.2.redhat-2.jar:/Users/rams/.m2/repository/org/codehaus/plexus/plexus-utils/3.0.22.redhat-00001/plexus-utils-3.0.22.redhat-00001.jar:/Users/rams/.m2/repository/org/eclipse/aether/aether-impl/1.1.0.redhat-1/aether-impl-1.1.0.redhat-1.jar:/Users/rams/.m2/repository/org/eclipse/aether/aether-connector-basic/1.1.0.redhat-1/aether-connector-basic-1.1.0.redhat-1.jar:/Users/rams/.m2/repository/org/eclipse/aether/aether-transport-wagon/1.1.0.redhat-1/aether-transport-wagon-1.1.0.redhat-1.jar:/Users/rams/.m2/repository/org/eclipse/sisu/org.eclipse.sisu.plexus/0.3.2.redhat-00002/org.eclipse.sisu.plexus-0.3.2.redhat-00002.jar:/Users/rams/.m2/repository/javax/enterprise/cdi-api/1.0/cdi-api-1.0.jar:/Users/rams/.m2/repository/javax/annotation/jsr250-api/1.0/jsr250-api-1.0.jar:/Users/rams/.m2/repository/org/eclipse/sisu/org.eclipse.sisu.inject.extender/0.3.2.redhat-00002/org.eclipse.sisu.inject.extender-0.3.2.redhat-00002.jar:/Users/rams/.m2/repository/org/eclipse/sisu/org.eclipse.sisu.inject/0.3.2.redhat-00002/org.eclipse.sisu.inject-0.3.2.redhat-00002.jar:/Users/rams/.m2/repository/org/apache/maven/wagon/wagon-http/3.0.0.redhat-2/wagon-http-3.0.0.redhat-2.jar:/Users/rams/.m2/repository/org/apache/maven/wagon/wagon-http-shared/3.0.0.redhat-2/wagon-http-shared-3.0.0.redhat-2.jar:/Users/rams/.m2/repository/org/jsoup/jsoup/1.7.2/jsoup-1.7.2.jar:/Users/rams/.m2/repository/org/sonatype/plexus/plexus-cipher/1.7.0.redhat-1/plexus-cipher-1.7.0.redhat-1.jar:/Users/rams/.m2/repository/org/jbpm/jbpm-bpmn2/7.48.0.Final-redhat-00006/jbpm-bpmn2-7.48.0.Final-redhat-00006.jar:/Users/rams/.m2/repository/org/jboss/spec/javax/security/jacc/jboss-jacc-api_1.5_spec/1.0.2.Final-redhat-1/jboss-jacc-api_1.5_spec-1.0.2.Final-redhat-1.jar:/Users/rams/.m2/repository/org/jboss/spec/javax/servlet/jboss-servlet-api_3.1_spec/1.0.0.Final/jboss-servlet-api_3.1_spec-1.0.0.Final.jar:/Users/rams/.m2/repository/org/apache/httpcomponents/httpclient/4.5.10/httpclient-4.5.10.jar:/Users/rams/.m2/repository/org/apache/httpcomponents/httpcore/4.4.12/httpcore-4.4.12.jar:/Users/rams/.m2/repository/org/kie/soup/kie-soup-maven-support/7.48.0.Final-redhat-00006/kie-soup-maven-support-7.48.0.Final-redhat-00006.jar:/Users/rams/.m2/repository/org/kie/server/kie-server-rest-common/7.48.0.Final-redhat-00006/kie-server-rest-common-7.48.0.Final-redhat-00006.jar:/Users/rams/.m2/repository/io/swagger/swagger-annotations/1.5.20/swagger-annotations-1.5.20.jar:/Users/rams/.m2/repository/io/prometheus/simpleclient/0.5.0.redhat-00001/simpleclient-0.5.0.redhat-00001.jar:/Users/rams/.m2/repository/io/prometheus/simpleclient_common/0.5.0.redhat-00001/simpleclient_common-0.5.0.redhat-00001.jar:/Users/rams/.m2/repository/io/prometheus/simpleclient_httpserver/0.5.0.redhat-00001/simpleclient_httpserver-0.5.0.redhat-00001.jar:/Users/rams/.m2/repository/org/kie/kie-server-spring-boot-autoconfiguration-drools/7.48.0.Final-redhat-00006/kie-server-spring-boot-autoconfiguration-drools-7.48.0.Final-redhat-00006.jar:/Users/rams/.m2/repository/org/kie/kie-api/7.48.0.Final-redhat-00006/kie-api-7.48.0.Final-redhat-00006.jar:/Users/rams/.m2/repository/org/kie/server/kie-server-services-drools/7.48.0.Final-redhat-00006/kie-server-services-drools-7.48.0.Final-redhat-00006.jar:/Users/rams/.m2/repository/org/kie/soup/kie-soup-project-datamodel-api/7.48.0.Final-redhat-00006/kie-soup-project-datamodel-api-7.48.0.Final-redhat-00006.jar:/Users/rams/.m2/repository/org/drools/drools-workbench-models-commons/7.48.0.Final-redhat-00006/drools-workbench-models-commons-7.48.0.Final-redhat-00006.jar:/Users/rams/.m2/repository/org/drools/drools-workbench-models-datamodel-api/7.48.0.Final-redhat-00006/drools-workbench-models-datamodel-api-7.48.0.Final-redhat-00006.jar:/Users/rams/.m2/repository/org/drools/drools-workbench-models-guided-dtable/7.48.0.Final-redhat-00006/drools-workbench-models-guided-dtable-7.48.0.Final-redhat-00006.jar:/Users/rams/.m2/repository/org/drools/drools-workbench-models-guided-dtree/7.48.0.Final-redhat-00006/drools-workbench-models-guided-dtree-7.48.0.Final-redhat-00006.jar:/Users/rams/.m2/repository/org/drools/drools-workbench-models-guided-scorecard/7.48.0.Final-redhat-00006/drools-workbench-models-guided-scorecard-7.48.0.Final-redhat-00006.jar:/Users/rams/.m2/repository/org/drools/drools-scorecards/7.48.0.Final-redhat-00006/drools-scorecards-7.48.0.Final-redhat-00006.jar:/Users/rams/.m2/repository/org/drools/drools-workbench-models-guided-template/7.48.0.Final-redhat-00006/drools-workbench-models-guided-template-7.48.0.Final-redhat-00006.jar:/Users/rams/.m2/repository/org/drools/drools-workbench-models-test-scenarios/7.48.0.Final-redhat-00006/drools-workbench-models-test-scenarios-7.48.0.Final-redhat-00006.jar:/Users/rams/.m2/repository/org/kie/server/kie-server-rest-drools/7.48.0.Final-redhat-00006/kie-server-rest-drools-7.48.0.Final-redhat-00006.jar:/Users/rams/.m2/repository/org/kie/server/kie-server-services-dmn/7.48.0.Final-redhat-00006/kie-server-services-dmn-7.48.0.Final-redhat-00006.jar:/Users/rams/.m2/repository/org/kie/kie-dmn-model/7.48.0.Final-redhat-00006/kie-dmn-model-7.48.0.Final-redhat-00006.jar:/Users/rams/.m2/repository/org/kie/kie-dmn-feel/7.48.0.Final-redhat-00006/kie-dmn-feel-7.48.0.Final-redhat-00006.jar:/Users/rams/.m2/repository/org/antlr/antlr4-runtime/4.8.0.redhat-00002/antlr4-runtime-4.8.0.redhat-00002.jar:/Users/rams/.m2/repository/com/github/javaparser/javaparser-core/3.13.10/javaparser-core-3.13.10.jar:/Users/rams/.m2/repository/org/drools/drools-mvel-parser/7.48.0.Final-redhat-00006/drools-mvel-parser-7.48.0.Final-redhat-00006.jar:/Users/rams/.m2/repository/ch/obermuhlner/big-math/2.0.1/big-math-2.0.1.jar:/Users/rams/.m2/repository/org/kie/kie-dmn-backend/7.48.0.Final-redhat-00006/kie-dmn-backend-7.48.0.Final-redhat-00006.jar:/Users/rams/.m2/repository/org/kie/kie-dmn-core/7.48.0.Final-redhat-00006/kie-dmn-core-7.48.0.Final-redhat-00006.jar:/Users/rams/.m2/repository/org/jpmml/pmml-model/1.5.1/pmml-model-1.5.1.jar:/Users/rams/.m2/repository/org/jpmml/pmml-agent/1.5.1/pmml-agent-1.5.1.jar:/Users/rams/.m2/repository/org/kie/server/kie-server-rest-dmn/7.48.0.Final-redhat-00006/kie-server-rest-dmn-7.48.0.Final-redhat-00006.jar:/Users/rams/.m2/repository/org/kie/server/kie-server-services-prometheus/7.48.0.Final-redhat-00006/kie-server-services-prometheus-7.48.0.Final-redhat-00006.jar:/Users/rams/.m2/repository/org/jbpm/jbpm-flow/7.48.0.Final-redhat-00006/jbpm-flow-7.48.0.Final-redhat-00006.jar:/Users/rams/.m2/repository/com/google/protobuf/protobuf-java/3.6.1/protobuf-java-3.6.1.jar:/Users/rams/.m2/repository/org/jbpm/jbpm-runtime-manager/7.48.0.Final-redhat-00006/jbpm-runtime-manager-7.48.0.Final-redhat-00006.jar:/Users/rams/.m2/repository/org/drools/drools-persistence-jpa/7.48.0.Final-redhat-00006/drools-persistence-jpa-7.48.0.Final-redhat-00006.jar:/Users/rams/.m2/repository/org/jbpm/jbpm-human-task-core/7.48.0.Final-redhat-00006/jbpm-human-task-core-7.48.0.Final-redhat-00006.jar:/Users/rams/.m2/repository/org/jbpm/jbpm-query-jpa/7.48.0.Final-redhat-00006/jbpm-query-jpa-7.48.0.Final-redhat-00006.jar:/Users/rams/.m2/repository/org/jboss/spec/javax/annotation/jboss-annotations-api_1.2_spec/1.0.0.Final-redhat-1/jboss-annotations-api_1.2_spec-1.0.0.Final-redhat-1.jar:/Users/rams/.m2/repository/javax/mail/mail/1.4.5.redhat-2/mail-1.4.5.redhat-2.jar:/Users/rams/.m2/repository/org/jbpm/jbpm-executor/7.48.0.Final-redhat-00006/jbpm-executor-7.48.0.Final-redhat-00006.jar:/Users/rams/.m2/repository/org/kie/soup/kie-soup-dataset-api/7.48.0.Final-redhat-00006/kie-soup-dataset-api-7.48.0.Final-redhat-00006.jar:/Users/rams/.m2/repository/org/kie/soup/kie-soup-json/7.48.0.Final-redhat-00006/kie-soup-json-7.48.0.Final-redhat-00006.jar:/Users/rams/.m2/repository/org/kie/server/kie-server-rest-prometheus/7.48.0.Final-redhat-00006/kie-server-rest-prometheus-7.48.0.Final-redhat-00006.jar:/Users/rams/.m2/repository/org/kie/server/kie-server-services-scenario-simulation/7.48.0.Final-redhat-00006/kie-server-services-scenario-simulation-7.48.0.Final-redhat-00006.jar:/Users/rams/.m2/repository/org/drools/drools-scenario-simulation-api/7.48.0.Final-redhat-00006/drools-scenario-simulation-api-7.48.0.Final-redhat-00006.jar:/Users/rams/.m2/repository/org/drools/drools-scenario-simulation-backend/7.48.0.Final-redhat-00006/drools-scenario-simulation-backend-7.48.0.Final-redhat-00006.jar:/Users/rams/.m2/repository/org/kie/server/kie-server-rest-scenario-simulation/7.48.0.Final-redhat-00006/kie-server-rest-scenario-simulation-7.48.0.Final-redhat-00006.jar:/Users/rams/.m2/repository/org/jbpm/jbpm-case-mgmt-api/7.48.0.Final-redhat-00006/jbpm-case-mgmt-api-7.48.0.Final-redhat-00006.jar:/Users/rams/.m2/repository/org/apache/cxf/cxf-rt-rs-service-description-swagger/3.2.6/cxf-rt-rs-service-description-swagger-3.2.6.jar:/Users/rams/.m2/repository/org/apache/cxf/cxf-rt-frontend-jaxrs/3.2.6/cxf-rt-frontend-jaxrs-3.2.6.jar:/Users/rams/.m2/repository/javax/ws/rs/javax.ws.rs-api/2.1/javax.ws.rs-api-2.1.jar:/Users/rams/.m2/repository/javax/annotation/javax.annotation-api/1.3.2/javax.annotation-api-1.3.2.jar:/Users/rams/.m2/repository/org/apache/cxf/cxf-rt-rs-service-description-swagger-ui/3.2.6/cxf-rt-rs-service-description-swagger-ui-3.2.6.jar:/Users/rams/.m2/repository/io/swagger/swagger-jaxrs/1.5.15/swagger-jaxrs-1.5.15.jar:/Users/rams/.m2/repository/com/fasterxml/jackson/core/jackson-databind/2.10.1/jackson-databind-2.10.1.jar:/Users/rams/.m2/repository/com/fasterxml/jackson/core/jackson-core/2.10.1/jackson-core-2.10.1.jar:/Users/rams/.m2/repository/io/swagger/swagger-core/1.5.15/swagger-core-1.5.15.jar:/Users/rams/.m2/repository/org/apache/commons/commons-lang3/3.9/commons-lang3-3.9.jar:/Users/rams/.m2/repository/com/fasterxml/jackson/core/jackson-annotations/2.10.1/jackson-annotations-2.10.1.jar:/Users/rams/.m2/repository/com/fasterxml/jackson/dataformat/jackson-dataformat-yaml/2.10.1/jackson-dataformat-yaml-2.10.1.jar:/Users/rams/.m2/repository/io/swagger/swagger-models/1.5.15/swagger-models-1.5.15.jar:/Users/rams/.m2/repository/org/reflections/reflections/0.9.11/reflections-0.9.11.jar:/Users/rams/.m2/repository/org/javassist/javassist/3.21.0-GA/javassist-3.21.0-GA.jar:/Users/rams/.m2/repository/com/google/guava/guava/20.0/guava-20.0.jar:/Users/rams/.m2/repository/org/webjars/swagger-ui/3.25.0/swagger-ui-3.25.0.jar:/Users/rams/.m2/repository/org/kie/kie-server-spring-boot-starter/7.48.0.Final-redhat-00006/kie-server-spring-boot-starter-7.48.0.Final-redhat-00006.jar:/Users/rams/.m2/repository/org/springframework/boot/spring-boot-starter-jdbc/2.2.2.RELEASE/spring-boot-starter-jdbc-2.2.2.RELEASE.jar:/Users/rams/.m2/repository/org/springframework/spring-jdbc/5.2.2.RELEASE/spring-jdbc-5.2.2.RELEASE.jar:/Users/rams/.m2/repository/org/springframework/spring-tx/5.2.2.RELEASE/spring-tx-5.2.2.RELEASE.jar:/Users/rams/.m2/repository/me/snowdrop/narayana-spring-boot-starter/2.3.0.redhat-00008/narayana-spring-boot-starter-2.3.0.redhat-00008.jar:/Users/rams/.m2/repository/me/snowdrop/narayana-spring-boot-core/2.3.0.redhat-00008/narayana-spring-boot-core-2.3.0.redhat-00008.jar:/Users/rams/.m2/repository/org/jboss/narayana/jta/jta/5.9.8.Final-redhat-00002/jta-5.9.8.Final-redhat-00002.jar:/Users/rams/.m2/repository/org/jboss/narayana/common/5.9.8.Final-redhat-00002/common-5.9.8.Final-redhat-00002.jar:/Users/rams/.m2/repository/org/jboss/narayana/arjunacore/arjuna/5.9.8.Final-redhat-00002/arjuna-5.9.8.Final-redhat-00002.jar:/Users/rams/.m2/repository/org/jboss/narayana/jta/jdbc/5.9.8.Final-redhat-00002/jdbc-5.9.8.Final-redhat-00002.jar:/Users/rams/.m2/repository/org/jboss/narayana/jta/jms/5.9.8.Final-redhat-00002/jms-5.9.8.Final-redhat-00002.jar:/Users/rams/.m2/repository/org/jboss/narayana/jts/narayana-jts-integration/5.9.8.Final-redhat-00002/narayana-jts-integration-5.9.8.Final-redhat-00002.jar:/Users/rams/.m2/repository/org/jboss/jboss-transaction-spi/7.6.0.Final/jboss-transaction-spi-7.6.0.Final.jar:/Users/rams/.m2/repository/org/jboss/spec/javax/resource/jboss-connector-api_1.7_spec/1.0.0.Final/jboss-connector-api_1.7_spec-1.0.0.Final.jar:/Users/rams/.m2/repository/org/jboss/spec/javax/transaction/jboss-transaction-api_1.2_spec/1.0.0.Alpha3/jboss-transaction-api_1.2_spec-1.0.0.Alpha3.jar:/Users/rams/.m2/repository/org/jboss/logging/jboss-logging/3.4.1.Final/jboss-logging-3.4.1.Final.jar:/Users/rams/.m2/repository/org/apache/commons/commons-dbcp2/2.7.0/commons-dbcp2-2.7.0.jar:/Users/rams/.m2/repository/org/apache/commons/commons-pool2/2.7.0/commons-pool2-2.7.0.jar:/Users/rams/.m2/repository/org/kie/kie-server-spring-boot-autoconfiguration-jbpm/7.48.0.Final-redhat-00006/kie-server-spring-boot-autoconfiguration-jbpm-7.48.0.Final-redhat-00006.jar:/Users/rams/.m2/repository/org/jbpm/jbpm-services-api/7.48.0.Final-redhat-00006/jbpm-services-api-7.48.0.Final-redhat-00006.jar:/Users/rams/.m2/repository/org/jbpm/jbpm-kie-services/7.48.0.Final-redhat-00006/jbpm-kie-services-7.48.0.Final-redhat-00006.jar:/Users/rams/.m2/repository/org/apache/maven/maven-artifact/3.3.9.redhat-2/maven-artifact-3.3.9.redhat-2.jar:/Users/rams/.m2/repository/org/jbpm/jbpm-audit/7.48.0.Final-redhat-00006/jbpm-audit-7.48.0.Final-redhat-00006.jar:/Users/rams/.m2/repository/org/jbpm/jbpm-flow-builder/7.48.0.Final-redhat-00006/jbpm-flow-builder-7.48.0.Final-redhat-00006.jar:/Users/rams/.m2/repository/org/jbpm/jbpm-persistence-api/7.48.0.Final-redhat-00006/jbpm-persistence-api-7.48.0.Final-redhat-00006.jar:/Users/rams/.m2/repository/org/jbpm/jbpm-persistence-jpa/7.48.0.Final-redhat-00006/jbpm-persistence-jpa-7.48.0.Final-redhat-00006.jar:/Users/rams/.m2/repository/org/jbpm/jbpm-human-task-audit/7.48.0.Final-redhat-00006/jbpm-human-task-audit-7.48.0.Final-redhat-00006.jar:/Users/rams/.m2/repository/org/jbpm/jbpm-human-task-jpa/7.48.0.Final-redhat-00006/jbpm-human-task-jpa-7.48.0.Final-redhat-00006.jar:/Users/rams/.m2/repository/org/jbpm/jbpm-human-task-workitems/7.48.0.Final-redhat-00006/jbpm-human-task-workitems-7.48.0.Final-redhat-00006.jar:/Users/rams/.m2/repository/javax/persistence/javax.persistence-api/2.2/javax.persistence-api-2.2.jar:/Users/rams/.m2/repository/org/mvel/mvel2/2.4.12.Final-redhat-00001/mvel2-2.4.12.Final-redhat-00001.jar:/Users/rams/.m2/repository/org/kie/soup/kie-soup-dataset-core/7.48.0.Final-redhat-00006/kie-soup-dataset-core-7.48.0.Final-redhat-00006.jar:/Users/rams/.m2/repository/org/kie/soup/kie-soup-dataset-shared/7.48.0.Final-redhat-00006/kie-soup-dataset-shared-7.48.0.Final-redhat-00006.jar:/Users/rams/.m2/repository/org/kie/soup/kie-soup-dataset-sql/7.48.0.Final-redhat-00006/kie-soup-dataset-sql-7.48.0.Final-redhat-00006.jar:/Users/rams/.m2/repository/org/eclipse/aether/aether-api/1.1.0.redhat-1/aether-api-1.1.0.redhat-1.jar:/Users/rams/.m2/repository/org/freemarker/freemarker/2.3.29/freemarker-2.3.29.jar:/Users/rams/.m2/repository/commons-collections/commons-collections/3.2.2.redhat-2/commons-collections-3.2.2.redhat-2.jar:/Users/rams/.m2/repository/commons-codec/commons-codec/1.13/commons-codec-1.13.jar:/Users/rams/.m2/repository/org/jbpm/jbpm-shared-services/7.48.0.Final-redhat-00006/jbpm-shared-services-7.48.0.Final-redhat-00006.jar:/Users/rams/.m2/repository/org/kie/jbpm-spring-boot-autoconfiguration/7.48.0.Final-redhat-00006/jbpm-spring-boot-autoconfiguration-7.48.0.Final-redhat-00006.jar:/Users/rams/.m2/repository/org/kie/jbpm-spring-boot-data-sources/7.48.0.Final-redhat-00006/jbpm-spring-boot-data-sources-7.48.0.Final-redhat-00006.jar:/Users/rams/.m2/repository/org/jbpm/jbpm-workitems-core/7.48.0.Final-redhat-00006/jbpm-workitems-core-7.48.0.Final-redhat-00006.jar:/Users/rams/.m2/repository/org/apache/commons/commons-exec/1.3/commons-exec-1.3.jar:/Users/rams/.m2/repository/org/antlr/ST4/4.0.7/ST4-4.0.7.jar:/Users/rams/.m2/repository/org/jbpm/jbpm-workitems-email/7.48.0.Final-redhat-00006/jbpm-workitems-email-7.48.0.Final-redhat-00006.jar:/Users/rams/.m2/repository/org/jbpm/jbpm-workitems-rest/7.48.0.Final-redhat-00006/jbpm-workitems-rest-7.48.0.Final-redhat-00006.jar:/Users/rams/.m2/repository/org/jbpm/jbpm-case-mgmt-impl/7.48.0.Final-redhat-00006/jbpm-case-mgmt-impl-7.48.0.Final-redhat-00006.jar:/Users/rams/.m2/repository/org/jbpm/jbpm-case-mgmt-cmmn/7.48.0.Final-redhat-00006/jbpm-case-mgmt-cmmn-7.48.0.Final-redhat-00006.jar:/Users/rams/.m2/repository/org/kie/kie-spring/7.48.0.Final-redhat-00006/kie-spring-7.48.0.Final-redhat-00006.jar:/Users/rams/.m2/repository/org/quartz-scheduler/quartz/2.3.2/quartz-2.3.2.jar:/Users/rams/.m2/repository/com/mchange/mchange-commons-java/0.2.15/mchange-commons-java-0.2.15.jar:/Users/rams/.m2/repository/org/drools/drools-persistence-api/7.48.0.Final-redhat-00006/drools-persistence-api-7.48.0.Final-redhat-00006.jar:/Users/rams/.m2/repository/org/jboss/spec/javax/ejb/jboss-ejb-api_3.2_spec/1.0.1.Final-redhat-1/jboss-ejb-api_3.2_spec-1.0.1.Final-redhat-1.jar:/Users/rams/.m2/repository/org/jboss/spec/javax/jms/jboss-jms-api_2.0_spec/1.0.2.Final-redhat-1/jboss-jms-api_2.0_spec-1.0.2.Final-redhat-1.jar:/Users/rams/.m2/repository/org/hibernate/hibernate-entitymanager/5.4.9.Final/hibernate-entitymanager-5.4.9.Final.jar:/Users/rams/.m2/repository/org/dom4j/dom4j/2.1.1/dom4j-2.1.1.jar:/Users/rams/.m2/repository/org/hibernate/common/hibernate-commons-annotations/5.1.0.Final/hibernate-commons-annotations-5.1.0.Final.jar:/Users/rams/.m2/repository/org/hibernate/hibernate-core/5.4.9.Final/hibernate-core-5.4.9.Final.jar:/Users/rams/.m2/repository/antlr/antlr/2.7.7/antlr-2.7.7.jar:/Users/rams/.m2/repository/org/jboss/jandex/2.1.1.Final/jandex-2.1.1.Final.jar:/Users/rams/.m2/repository/javax/activation/javax.activation-api/1.2.0/javax.activation-api-1.2.0.jar:/Users/rams/.m2/repository/org/springframework/spring-orm/5.2.2.RELEASE/spring-orm-5.2.2.RELEASE.jar:/Users/rams/.m2/repository/org/kie/server/kie-server-services-jbpm/7.48.0.Final-redhat-00006/kie-server-services-jbpm-7.48.0.Final-redhat-00006.jar:/Users/rams/.m2/repository/org/jbpm/jbpm-workitems-bpmn2/7.48.0.Final-redhat-00006/jbpm-workitems-bpmn2-7.48.0.Final-redhat-00006.jar:/Users/rams/.m2/repository/org/apache/cxf/cxf-rt-frontend-jaxws/3.2.14/cxf-rt-frontend-jaxws-3.2.14.jar:/Users/rams/.m2/repository/xml-resolver/xml-resolver/1.2/xml-resolver-1.2.jar:/Users/rams/.m2/repository/org/apache/cxf/cxf-rt-bindings-soap/3.2.14/cxf-rt-bindings-soap-3.2.14.jar:/Users/rams/.m2/repository/org/apache/cxf/cxf-rt-bindings-xml/3.2.14/cxf-rt-bindings-xml-3.2.14.jar:/Users/rams/.m2/repository/org/apache/cxf/cxf-rt-ws-addr/3.2.14/cxf-rt-ws-addr-3.2.14.jar:/Users/rams/.m2/repository/org/apache/cxf/cxf-rt-ws-policy/3.2.14/cxf-rt-ws-policy-3.2.14.jar:/Users/rams/.m2/repository/org/jboss/spec/javax/xml/ws/jboss-jaxws-api_2.3_spec/1.0.0.Final-redhat-1/jboss-jaxws-api_2.3_spec-1.0.0.Final-redhat-1.jar:/Users/rams/.m2/repository/org/apache/cxf/cxf-rt-databinding-jaxb/3.2.14/cxf-rt-databinding-jaxb-3.2.14.jar:/Users/rams/.m2/repository/org/apache/cxf/cxf-rt-wsdl/3.2.14/cxf-rt-wsdl-3.2.14.jar:/Users/rams/.m2/repository/org/apache/cxf/cxf-rt-frontend-simple/3.2.14/cxf-rt-frontend-simple-3.2.14.jar:/Users/rams/.m2/repository/wsdl4j/wsdl4j/1.6.3/wsdl4j-1.6.3.jar:/Users/rams/.m2/repository/org/apache/neethi/neethi/3.1.1.redhat-1/neethi-3.1.1.redhat-1.jar:/Users/rams/.m2/repository/org/jbpm/jbpm-workitems-jms/7.48.0.Final-redhat-00006/jbpm-workitems-jms-7.48.0.Final-redhat-00006.jar:/Users/rams/.m2/repository/org/jbpm/jbpm-workitems-webservice/7.48.0.Final-redhat-00006/jbpm-workitems-webservice-7.48.0.Final-redhat-00006.jar:/Users/rams/.m2/repository/org/jbpm/jbpm-document/7.48.0.Final-redhat-00006/jbpm-document-7.48.0.Final-redhat-00006.jar:/Users/rams/.m2/repository/commons-io/commons-io/2.6.0.redhat-00001/commons-io-2.6.0.redhat-00001.jar:/Users/rams/.m2/repository/com/thoughtworks/xstream/xstream-hibernate/1.4.14.redhat-00001/xstream-hibernate-1.4.14.redhat-00001.jar:/Users/rams/.m2/repository/org/kie/server/kie-server-rest-jbpm/7.48.0.Final-redhat-00006/kie-server-rest-jbpm-7.48.0.Final-redhat-00006.jar:/Users/rams/.m2/repository/org/kie/server/kie-server-services-case-mgmt/7.48.0.Final-redhat-00006/kie-server-services-case-mgmt-7.48.0.Final-redhat-00006.jar:/Users/rams/.m2/repository/org/kie/server/kie-server-rest-case-mgmt/7.48.0.Final-redhat-00006/kie-server-rest-case-mgmt-7.48.0.Final-redhat-00006.jar:/Users/rams/.m2/repository/org/kie/server/kie-server-services-jbpm-ui/7.48.0.Final-redhat-00006/kie-server-services-jbpm-ui-7.48.0.Final-redhat-00006.jar:/Users/rams/.m2/repository/com/google/code/gson/gson/2.8.6/gson-2.8.6.jar:/Users/rams/.m2/repository/org/kie/soup/kie-soup-project-datamodel-commons/7.48.0.Final-redhat-00006/kie-soup-project-datamodel-commons-7.48.0.Final-redhat-00006.jar:/Users/rams/.m2/repository/org/drools/drools-mvel/7.48.0.Final-redhat-00006/drools-mvel-7.48.0.Final-redhat-00006.jar:/Users/rams/.m2/repository/org/kie/server/kie-server-rest-jbpm-ui/7.48.0.Final-redhat-00006/kie-server-rest-jbpm-ui-7.48.0.Final-redhat-00006.jar:/Users/rams/.m2/repository/org/json/json/20090211/json-20090211.jar:/Users/rams/.m2/repository/org/kie/jbpm-process-svg/7.48.0.Final-redhat-00006/jbpm-process-svg-7.48.0.Final-redhat-00006.jar:/Users/rams/.m2/repository/org/apache/xmlgraphics/batik-util/1.13/batik-util-1.13.jar:/Users/rams/.m2/repository/org/apache/xmlgraphics/batik-constants/1.13/batik-constants-1.13.jar:/Users/rams/.m2/repository/org/apache/xmlgraphics/batik-i18n/1.13/batik-i18n-1.13.jar:/Users/rams/.m2/repository/org/apache/xmlgraphics/batik-shared-resources/1.13/batik-shared-resources-1.13.jar:/Users/rams/.m2/repository/org/apache/xmlgraphics/batik-anim/1.13/batik-anim-1.13.jar:/Users/rams/.m2/repository/org/apache/xmlgraphics/batik-awt-util/1.13/batik-awt-util-1.13.jar:/Users/rams/.m2/repository/org/apache/xmlgraphics/xmlgraphics-commons/2.4/xmlgraphics-commons-2.4.jar:/Users/rams/.m2/repository/org/apache/xmlgraphics/batik-css/1.13/batik-css-1.13.jar:/Users/rams/.m2/repository/org/apache/xmlgraphics/batik-dom/1.13/batik-dom-1.13.jar:/Users/rams/.m2/repository/org/apache/xmlgraphics/batik-xml/1.13/batik-xml-1.13.jar:/Users/rams/.m2/repository/xalan/xalan/2.7.2/xalan-2.7.2.jar:/Users/rams/.m2/repository/xalan/serializer/2.7.2/serializer-2.7.2.jar:/Users/rams/.m2/repository/org/apache/xmlgraphics/batik-ext/1.13/batik-ext-1.13.jar:/Users/rams/.m2/repository/org/apache/xmlgraphics/batik-parser/1.13/batik-parser-1.13.jar:/Users/rams/.m2/repository/org/apache/xmlgraphics/batik-svg-dom/1.13/batik-svg-dom-1.13.jar:/Users/rams/.m2/repository/xml-apis/xml-apis-ext/1.3.04/xml-apis-ext-1.3.04.jar:/Users/rams/.m2/repository/xerces/xercesImpl/2.12.0.SP03-redhat-00001/xercesImpl-2.12.0.SP03-redhat-00001.jar:/Users/rams/.m2/repository/xml-apis/xml-apis/1.4.01/xml-apis-1.4.01.jar:/Users/rams/.m2/repository/org/kie/server/kie-server-services-kafka/7.48.0.Final-redhat-00006/kie-server-services-kafka-7.48.0.Final-redhat-00006.jar:/Users/rams/.m2/repository/org/apache/kafka/kafka-clients/2.3.1/kafka-clients-2.3.1.jar:/Users/rams/.m2/repository/com/github/luben/zstd-jni/1.4.0-1/zstd-jni-1.4.0-1.jar:/Users/rams/.m2/repository/org/lz4/lz4-java/1.6.0/lz4-java-1.6.0.jar:/Users/rams/.m2/repository/org/xerial/snappy/snappy-java/1.1.7.3/snappy-java-1.1.7.3.jar:/Users/rams/.m2/repository/org/kie/kie-server-spring-boot-autoconfiguration-optaplanner/7.48.0.Final-redhat-00006/kie-server-spring-boot-autoconfiguration-optaplanner-7.48.0.Final-redhat-00006.jar:/Users/rams/.m2/repository/org/kie/server/kie-server-services-optaplanner/7.48.0.Final-redhat-00006/kie-server-services-optaplanner-7.48.0.Final-redhat-00006.jar:/Users/rams/.m2/repository/org/optaplanner/optaplanner-workbench-models-datamodel-api/7.48.0.Final-redhat-00006/optaplanner-workbench-models-datamodel-api-7.48.0.Final-redhat-00006.jar:/Users/rams/.m2/repository/org/kie/server/kie-server-rest-optaplanner/7.48.0.Final-redhat-00006/kie-server-rest-optaplanner-7.48.0.Final-redhat-00006.jar:/Users/rams/.m2/repository/org/kie/kie-server-spring-boot-autoconfiguration-task-assigning-runtime/7.48.0.Final-redhat-00006/kie-server-spring-boot-autoconfiguration-task-assigning-runtime-7.48.0.Final-redhat-00006.jar:/Users/rams/.m2/repository/org/kie/server/kie-server-services-task-assigning-runtime/7.48.0.Final-redhat-00006/kie-server-services-task-assigning-runtime-7.48.0.Final-redhat-00006.jar:/Users/rams/.m2/repository/org/kie/server/kie-server-rest-task-assigning-runtime/7.48.0.Final-redhat-00006/kie-server-rest-task-assigning-runtime-7.48.0.Final-redhat-00006.jar:/Users/rams/.m2/repository/org/kie/kie-server-spring-boot-autoconfiguration-task-assigning-planning/7.48.0.Final-redhat-00006/kie-server-spring-boot-autoconfiguration-task-assigning-planning-7.48.0.Final-redhat-00006.jar:/Users/rams/.m2/repository/org/kie/server/kie-server-services-task-assigning-user-system-simple/7.48.0.Final-redhat-00006/kie-server-services-task-assigning-user-system-simple-7.48.0.Final-redhat-00006.jar:/Users/rams/.m2/repository/org/kie/server/kie-server-services-task-assigning-user-system-api/7.48.0.Final-redhat-00006/kie-server-services-task-assigning-user-system-api-7.48.0.Final-redhat-00006.jar:/Users/rams/.m2/repository/org/kie/server/kie-server-services-task-assigning-core/7.48.0.Final-redhat-00006/kie-server-services-task-assigning-core-7.48.0.Final-redhat-00006.jar:/Users/rams/.m2/repository/org/kie/server/kie-server-services-task-assigning-planning/7.48.0.Final-redhat-00006/kie-server-services-task-assigning-planning-7.48.0.Final-redhat-00006.jar:/Users/rams/.m2/repository/org/kie/server/kie-server-client/7.48.0.Final-redhat-00006/kie-server-client-7.48.0.Final-redhat-00006.jar:/Users/rams/.m2/repository/org/springframework/boot/spring-boot-starter-test/2.2.2.RELEASE/spring-boot-starter-test-2.2.2.RELEASE.jar:/Users/rams/.m2/repository/org/springframework/boot/spring-boot-starter/2.2.2.RELEASE/spring-boot-starter-2.2.2.RELEASE.jar:/Users/rams/.m2/repository/org/springframework/boot/spring-boot-starter-logging/2.2.2.RELEASE/spring-boot-starter-logging-2.2.2.RELEASE.jar:/Users/rams/.m2/repository/org/apache/logging/log4j/log4j-to-slf4j/2.12.1/log4j-to-slf4j-2.12.1.jar:/Users/rams/.m2/repository/org/apache/logging/log4j/log4j-api/2.12.1/log4j-api-2.12.1.jar:/Users/rams/.m2/repository/org/slf4j/jul-to-slf4j/1.7.29/jul-to-slf4j-1.7.29.jar:/Users/rams/.m2/repository/jakarta/annotation/jakarta.annotation-api/1.3.5/jakarta.annotation-api-1.3.5.jar:/Users/rams/.m2/repository/org/yaml/snakeyaml/1.25/snakeyaml-1.25.jar:/Users/rams/.m2/repository/org/springframework/boot/spring-boot-test/2.2.2.RELEASE/spring-boot-test-2.2.2.RELEASE.jar:/Users/rams/.m2/repository/org/springframework/boot/spring-boot-test-autoconfigure/2.2.2.RELEASE/spring-boot-test-autoconfigure-2.2.2.RELEASE.jar:/Users/rams/.m2/repository/com/jayway/jsonpath/json-path/2.4.0/json-path-2.4.0.jar:/Users/rams/.m2/repository/net/minidev/json-smart/2.3/json-smart-2.3.jar:/Users/rams/.m2/repository/net/minidev/accessors-smart/1.2/accessors-smart-1.2.jar:/Users/rams/.m2/repository/org/ow2/asm/asm/5.0.4/asm-5.0.4.jar:/Users/rams/.m2/repository/jakarta/xml/bind/jakarta.xml.bind-api/2.3.2/jakarta.xml.bind-api-2.3.2.jar:/Users/rams/.m2/repository/jakarta/activation/jakarta.activation-api/1.2.1/jakarta.activation-api-1.2.1.jar:/Users/rams/.m2/repository/org/junit/jupiter/junit-jupiter/5.5.2/junit-jupiter-5.5.2.jar:/Users/rams/.m2/repository/org/junit/jupiter/junit-jupiter-api/5.5.2/junit-jupiter-api-5.5.2.jar:/Users/rams/.m2/repository/org/opentest4j/opentest4j/1.2.0/opentest4j-1.2.0.jar:/Users/rams/.m2/repository/org/junit/platform/junit-platform-commons/1.5.2/junit-platform-commons-1.5.2.jar:/Users/rams/.m2/repository/org/junit/jupiter/junit-jupiter-params/5.5.2/junit-jupiter-params-5.5.2.jar:/Users/rams/.m2/repository/org/junit/jupiter/junit-jupiter-engine/5.5.2/junit-jupiter-engine-5.5.2.jar:/Users/rams/.m2/repository/org/junit/vintage/junit-vintage-engine/5.5.2/junit-vintage-engine-5.5.2.jar:/Users/rams/.m2/repository/org/junit/platform/junit-platform-engine/1.5.2/junit-platform-engine-1.5.2.jar:/Users/rams/.m2/repository/org/mockito/mockito-junit-jupiter/3.1.0/mockito-junit-jupiter-3.1.0.jar:/Users/rams/.m2/repository/org/assertj/assertj-core/3.13.2/assertj-core-3.13.2.jar:/Users/rams/.m2/repository/org/hamcrest/hamcrest/2.1/hamcrest-2.1.jar:/Users/rams/.m2/repository/org/mockito/mockito-core/3.1.0/mockito-core-3.1.0.jar:/Users/rams/.m2/repository/net/bytebuddy/byte-buddy/1.10.4/byte-buddy-1.10.4.jar:/Users/rams/.m2/repository/net/bytebuddy/byte-buddy-agent/1.10.4/byte-buddy-agent-1.10.4.jar:/Users/rams/.m2/repository/org/objenesis/objenesis/2.6/objenesis-2.6.jar:/Users/rams/.m2/repository/org/skyscreamer/jsonassert/1.5.0/jsonassert-1.5.0.jar:/Users/rams/.m2/repository/com/vaadin/external/google/android-json/0.0.20131108.vaadin1/android-json-0.0.20131108.vaadin1.jar:/Users/rams/.m2/repository/org/springframework/spring-core/5.2.2.RELEASE/spring-core-5.2.2.RELEASE.jar:/Users/rams/.m2/repository/org/springframework/spring-jcl/5.2.2.RELEASE/spring-jcl-5.2.2.RELEASE.jar:/Users/rams/.m2/repository/org/springframework/spring-test/5.2.2.RELEASE/spring-test-5.2.2.RELEASE.jar:/Users/rams/.m2/repository/org/xmlunit/xmlunit-core/2.6.3/xmlunit-core-2.6.3.jar:/Users/rams/.m2/repository/net/jodah/failsafe/2.3.3/failsafe-2.3.3.jar:/Users/rams/.m2/repository/io/cucumber/cucumber-java/6.10.4/cucumber-java-6.10.4.jar:/Users/rams/.m2/repository/io/cucumber/cucumber-core/6.10.4/cucumber-core-6.10.4.jar:/Users/rams/.m2/repository/io/cucumber/cucumber-gherkin/6.10.4/cucumber-gherkin-6.10.4.jar:/Users/rams/.m2/repository/io/cucumber/cucumber-gherkin-messages/6.10.4/cucumber-gherkin-messages-6.10.4.jar:/Users/rams/.m2/repository/io/cucumber/messages/15.0.0/messages-15.0.0.jar:/Users/rams/.m2/repository/io/cucumber/tag-expressions/3.0.1/tag-expressions-3.0.1.jar:/Users/rams/.m2/repository/io/cucumber/cucumber-expressions/10.3.0/cucumber-expressions-10.3.0.jar:/Users/rams/.m2/repository/io/cucumber/datatable/3.5.0/datatable-3.5.0.jar:/Users/rams/.m2/repository/io/cucumber/cucumber-plugin/6.10.4/cucumber-plugin-6.10.4.jar:/Users/rams/.m2/repository/io/cucumber/docstring/6.10.4/docstring-6.10.4.jar:/Users/rams/.m2/repository/io/cucumber/html-formatter/13.0.0/html-formatter-13.0.0.jar:/Users/rams/.m2/repository/io/cucumber/create-meta/4.0.0/create-meta-4.0.0.jar:/Users/rams/.m2/repository/org/apiguardian/apiguardian-api/1.1.1/apiguardian-api-1.1.1.jar:/Users/rams/.m2/repository/io/cucumber/cucumber-junit/6.10.4/cucumber-junit-6.10.4.jar:/Users/rams/.m2/repository/io/cucumber/cucumber-spring/6.10.4/cucumber-spring-6.10.4.jar:/Users/rams/.m2/repository/junit/junit/4.12/junit-4.12.jar:/Users/rams/.m2/repository/org/hamcrest/hamcrest-core/2.1/hamcrest-core-2.1.jar:/Users/rams/.m2/repository/ch/qos/logback/logback-classic/1.2.3/logback-classic-1.2.3.jar:/Users/rams/.m2/repository/ch/qos/logback/logback-core/1.2.3/logback-core-1.2.3.jar:/Users/rams/.m2/repository/org/slf4j/slf4j-api/1.7.29/slf4j-api-1.7.29.jar:/Users/rams/.m2/repository/com/h2database/h2/1.4.200/h2-1.4.200.jar:"/>
    <property name="java.vm.vendor" value="Oracle Corporation"/>
    <property name="sun.arch.data.model" value="64"/>
    <property name="java.vendor.url" value="https://openjdk.java.net/"/>
    <property name="user.timezone" value=""/>
    <property name="java.vm.specification.version" value="11"/>
    <property name="os.name" value="Mac OS X"/>
    <property name="sun.java.launcher" value="SUN_STANDARD"/>
    <property name="user.country" value="GB"/>
    <property name="sun.boot.library.path" value="/Library/Java/JavaVirtualMachines/jdk-11.0.9.jdk/Contents/Home/lib"/>
    <property name="sun.java.command" value="/Users/rams/liveprojects/CreditSuisse/Projects/reproducer-exception-test/target/surefire/surefirebooter4181132262636306021.jar /Users/rams/liveprojects/CreditSuisse/Projects/reproducer-exception-test/target/surefire 2021-06-11T09-48-19_577-jvmRun1 surefire11369692881297267298tmp surefire_0296144415683997449tmp"/>
    <property name="jdk.debug" value="release"/>
    <property name="surefire.test.class.path" value="/Users/rams/liveprojects/CreditSuisse/Projects/reproducer-exception-test/target/test-classes:/Users/rams/liveprojects/CreditSuisse/Projects/reproducer-exception-test/target/classes:/Users/rams/.m2/repository/org/kie/kie-server-spring-boot-starter-drools/7.48.0.Final-redhat-00006/kie-server-spring-boot-starter-drools-7.48.0.Final-redhat-00006.jar:/Users/rams/.m2/repository/org/springframework/boot/spring-boot-starter-web/2.2.2.RELEASE/spring-boot-starter-web-2.2.2.RELEASE.jar:/Users/rams/.m2/repository/org/springframework/boot/spring-boot-starter-json/2.2.2.RELEASE/spring-boot-starter-json-2.2.2.RELEASE.jar:/Users/rams/.m2/repository/com/fasterxml/jackson/datatype/jackson-datatype-jdk8/2.10.1/jackson-datatype-jdk8-2.10.1.jar:/Users/rams/.m2/repository/com/fasterxml/jackson/datatype/jackson-datatype-jsr310/2.10.1/jackson-datatype-jsr310-2.10.1.jar:/Users/rams/.m2/repository/com/fasterxml/jackson/module/jackson-module-parameter-names/2.10.1/jackson-module-parameter-names-2.10.1.jar:/Users/rams/.m2/repository/org/springframework/boot/spring-boot-starter-tomcat/2.2.2.RELEASE/spring-boot-starter-tomcat-2.2.2.RELEASE.jar:/Users/rams/.m2/repository/org/apache/tomcat/embed/tomcat-embed-core/9.0.29/tomcat-embed-core-9.0.29.jar:/Users/rams/.m2/repository/org/apache/tomcat/embed/tomcat-embed-el/9.0.29/tomcat-embed-el-9.0.29.jar:/Users/rams/.m2/repository/org/apache/tomcat/embed/tomcat-embed-websocket/9.0.29/tomcat-embed-websocket-9.0.29.jar:/Users/rams/.m2/repository/org/springframework/boot/spring-boot-starter-validation/2.2.2.RELEASE/spring-boot-starter-validation-2.2.2.RELEASE.jar:/Users/rams/.m2/repository/org/hibernate/validator/hibernate-validator/6.0.18.Final/hibernate-validator-6.0.18.Final.jar:/Users/rams/.m2/repository/com/fasterxml/classmate/1.5.1/classmate-1.5.1.jar:/Users/rams/.m2/repository/org/springframework/spring-web/5.2.2.RELEASE/spring-web-5.2.2.RELEASE.jar:/Users/rams/.m2/repository/org/springframework/spring-webmvc/5.2.2.RELEASE/spring-webmvc-5.2.2.RELEASE.jar:/Users/rams/.m2/repository/org/springframework/spring-aop/5.2.2.RELEASE/spring-aop-5.2.2.RELEASE.jar:/Users/rams/.m2/repository/org/springframework/spring-expression/5.2.2.RELEASE/spring-expression-5.2.2.RELEASE.jar:/Users/rams/.m2/repository/org/apache/cxf/cxf-spring-boot-starter-jaxrs/3.2.14/cxf-spring-boot-starter-jaxrs-3.2.14.jar:/Users/rams/.m2/repository/org/apache/cxf/cxf-spring-boot-autoconfigure/3.2.14/cxf-spring-boot-autoconfigure-3.2.14.jar:/Users/rams/.m2/repository/org/apache/cxf/cxf-rt-transports-http/3.2.14/cxf-rt-transports-http-3.2.14.jar:/Users/rams/.m2/repository/org/apache/cxf/cxf-rt-rs-client/3.2.14/cxf-rt-rs-client-3.2.14.jar:/Users/rams/.m2/repository/javax/validation/validation-api/2.0.1.Final/validation-api-2.0.1.Final.jar:/Users/rams/.m2/repository/org/kie/kie-server-spring-boot-autoconfiguration/7.48.0.Final-redhat-00006/kie-server-spring-boot-autoconfiguration-7.48.0.Final-redhat-00006.jar:/Users/rams/.m2/repository/org/springframework/boot/spring-boot/2.2.2.RELEASE/spring-boot-2.2.2.RELEASE.jar:/Users/rams/.m2/repository/org/springframework/boot/spring-boot-autoconfigure/2.2.2.RELEASE/spring-boot-autoconfigure-2.2.2.RELEASE.jar:/Users/rams/.m2/repository/org/springframework/boot/spring-boot-starter-security/2.2.2.RELEASE/spring-boot-starter-security-2.2.2.RELEASE.jar:/Users/rams/.m2/repository/org/springframework/security/spring-security-web/5.2.1.RELEASE/spring-security-web-5.2.1.RELEASE.jar:/Users/rams/.m2/repository/org/apache/cxf/cxf-core/3.2.14/cxf-core-3.2.14.jar:/Users/rams/.m2/repository/com/fasterxml/woodstox/woodstox-core/5.0.3/woodstox-core-5.0.3.jar:/Users/rams/.m2/repository/org/codehaus/woodstox/stax2-api/3.1.4/stax2-api-3.1.4.jar:/Users/rams/.m2/repository/org/apache/ws/xmlschema/xmlschema-core/2.2.5/xmlschema-core-2.2.5.jar:/Users/rams/.m2/repository/org/kie/kie-internal/7.48.0.Final-redhat-00006/kie-internal-7.48.0.Final-redhat-00006.jar:/Users/rams/.m2/repository/org/kie/server/kie-server-api/7.48.0.Final-redhat-00006/kie-server-api-7.48.0.Final-redhat-00006.jar:/Users/rams/.m2/repository/org/kie/soup/kie-soup-xstream/7.48.0.Final-redhat-00006/kie-soup-xstream-7.48.0.Final-redhat-00006.jar:/Users/rams/.m2/repository/org/drools/drools-core/7.48.0.Final-redhat-00006/drools-core-7.48.0.Final-redhat-00006.jar:/Users/rams/.m2/repository/org/drools/drools-core-reflective/7.48.0.Final-redhat-00006/drools-core-reflective-7.48.0.Final-redhat-00006.jar:/Users/rams/.m2/repository/org/drools/drools-core-dynamic/7.48.0.Final-redhat-00006/drools-core-dynamic-7.48.0.Final-redhat-00006.jar:/Users/rams/.m2/repository/org/optaplanner/optaplanner-core/7.48.0.Final-redhat-00006/optaplanner-core-7.48.0.Final-redhat-00006.jar:/Users/rams/.m2/repository/org/drools/drools-canonical-model/7.48.0.Final-redhat-00006/drools-canonical-model-7.48.0.Final-redhat-00006.jar:/Users/rams/.m2/repository/org/drools/drools-model-compiler/7.48.0.Final-redhat-00006/drools-model-compiler-7.48.0.Final-redhat-00006.jar:/Users/rams/.m2/repository/org/drools/drools-mvel-compiler/7.48.0.Final-redhat-00006/drools-mvel-compiler-7.48.0.Final-redhat-00006.jar:/Users/rams/.m2/repository/org/apache/commons/commons-math3/3.4.1.redhat-3/commons-math3-3.4.1.redhat-3.jar:/Users/rams/.m2/repository/org/optaplanner/optaplanner-persistence-xstream/7.48.0.Final-redhat-00006/optaplanner-persistence-xstream-7.48.0.Final-redhat-00006.jar:/Users/rams/.m2/repository/org/optaplanner/optaplanner-persistence-common/7.48.0.Final-redhat-00006/optaplanner-persistence-common-7.48.0.Final-redhat-00006.jar:/Users/rams/.m2/repository/org/optaplanner/optaplanner-persistence-jaxb/7.48.0.Final-redhat-00006/optaplanner-persistence-jaxb-7.48.0.Final-redhat-00006.jar:/Users/rams/.m2/repository/org/jboss/spec/javax/xml/bind/jboss-jaxb-api_2.3_spec/1.0.1.Final-redhat-1/jboss-jaxb-api_2.3_spec-1.0.1.Final-redhat-1.jar:/Users/rams/.m2/repository/org/kie/kie-dmn-api/7.48.0.Final-redhat-00006/kie-dmn-api-7.48.0.Final-redhat-00006.jar:/Users/rams/.m2/repository/com/fasterxml/jackson/module/jackson-module-jaxb-annotations/2.10.1/jackson-module-jaxb-annotations-2.10.1.jar:/Users/rams/.m2/repository/com/thoughtworks/xstream/xstream/1.4.14.redhat-00001/xstream-1.4.14.redhat-00001.jar:/Users/rams/.m2/repository/xmlpull/xmlpull/1.1.3.1/xmlpull-1.1.3.1.jar:/Users/rams/.m2/repository/xpp3/xpp3_min/1.1.4c-redhat-2/xpp3_min-1.1.4c-redhat-2.jar:/Users/rams/.m2/repository/org/drools/kie-pmml/7.48.0.Final-redhat-00006/kie-pmml-7.48.0.Final-redhat-00006.jar:/Users/rams/.m2/repository/org/drools/drools-ruleunit/7.48.0.Final-redhat-00006/drools-ruleunit-7.48.0.Final-redhat-00006.jar:/Users/rams/.m2/repository/com/sun/xml/bind/jaxb-impl/2.3.0.redhat-1/jaxb-impl-2.3.0.redhat-1.jar:/Users/rams/.m2/repository/com/sun/xml/bind/jaxb-core/2.3.0.redhat-1/jaxb-core-2.3.0.redhat-1.jar:/Users/rams/.m2/repository/javax/activation/activation/1.1.1.redhat-5/activation-1.1.1.redhat-5.jar:/Users/rams/.m2/repository/org/springframework/spring-beans/5.2.2.RELEASE/spring-beans-5.2.2.RELEASE.jar:/Users/rams/.m2/repository/org/springframework/spring-context/5.2.2.RELEASE/spring-context-5.2.2.RELEASE.jar:/Users/rams/.m2/repository/org/springframework/security/spring-security-config/5.2.1.RELEASE/spring-security-config-5.2.1.RELEASE.jar:/Users/rams/.m2/repository/org/springframework/boot/spring-boot-loader/2.2.2.RELEASE/spring-boot-loader-2.2.2.RELEASE.jar:/Users/rams/.m2/repository/org/springframework/security/spring-security-core/5.2.1.RELEASE/spring-security-core-5.2.1.RELEASE.jar:/Users/rams/.m2/repository/org/kie/server/kie-server-services-common/7.48.0.Final-redhat-00006/kie-server-services-common-7.48.0.Final-redhat-00006.jar:/Users/rams/.m2/repository/org/kie/server/kie-server-controller-api/7.48.0.Final-redhat-00006/kie-server-controller-api-7.48.0.Final-redhat-00006.jar:/Users/rams/.m2/repository/org/kie/soup/kie-soup-commons/7.48.0.Final-redhat-00006/kie-soup-commons-7.48.0.Final-redhat-00006.jar:/Users/rams/.m2/repository/org/kie/server/kie-server-common/7.48.0.Final-redhat-00006/kie-server-common-7.48.0.Final-redhat-00006.jar:/Users/rams/.m2/repository/org/drools/drools-compiler/7.48.0.Final-redhat-00006/drools-compiler-7.48.0.Final-redhat-00006.jar:/Users/rams/.m2/repository/org/kie/kie-memory-compiler/7.48.0.Final-redhat-00006/kie-memory-compiler-7.48.0.Final-redhat-00006.jar:/Users/rams/.m2/repository/org/antlr/antlr-runtime/3.5.2.redhat-1/antlr-runtime-3.5.2.redhat-1.jar:/Users/rams/.m2/repository/org/drools/drools-ecj/7.48.0.Final-redhat-00006/drools-ecj-7.48.0.Final-redhat-00006.jar:/Users/rams/.m2/repository/org/drools/drools-decisiontables/7.48.0.Final-redhat-00006/drools-decisiontables-7.48.0.Final-redhat-00006.jar:/Users/rams/.m2/repository/org/drools/drools-templates/7.48.0.Final-redhat-00006/drools-templates-7.48.0.Final-redhat-00006.jar:/Users/rams/.m2/repository/org/apache/poi/poi-ooxml/4.1.2/poi-ooxml-4.1.2.jar:/Users/rams/.m2/repository/org/apache/poi/poi-ooxml-schemas/4.1.2/poi-ooxml-schemas-4.1.2.jar:/Users/rams/.m2/repository/org/apache/xmlbeans/xmlbeans/3.1.0/xmlbeans-3.1.0.jar:/Users/rams/.m2/repository/org/apache/commons/commons-compress/1.19/commons-compress-1.19.jar:/Users/rams/.m2/repository/com/github/virtuald/curvesapi/1.06/curvesapi-1.06.jar:/Users/rams/.m2/repository/org/apache/poi/poi/4.1.2/poi-4.1.2.jar:/Users/rams/.m2/repository/org/apache/commons/commons-collections4/4.4/commons-collections4-4.4.jar:/Users/rams/.m2/repository/com/zaxxer/SparseBitSet/1.2/SparseBitSet-1.2.jar:/Users/rams/.m2/repository/org/kie/kie-ci/7.48.0.Final-redhat-00006/kie-ci-7.48.0.Final-redhat-00006.jar:/Users/rams/.m2/repository/org/drools/drools-serialization-protobuf/7.48.0.Final-redhat-00006/drools-serialization-protobuf-7.48.0.Final-redhat-00006.jar:/Users/rams/.m2/repository/org/kie/soup/kie-soup-maven-integration/7.48.0.Final-redhat-00006/kie-soup-maven-integration-7.48.0.Final-redhat-00006.jar:/Users/rams/.m2/repository/org/apache/maven/maven-plugin-api/3.3.9.redhat-2/maven-plugin-api-3.3.9.redhat-2.jar:/Users/rams/.m2/repository/org/eclipse/aether/aether-util/1.1.0.redhat-1/aether-util-1.1.0.redhat-1.jar:/Users/rams/.m2/repository/org/eclipse/aether/aether-spi/1.1.0.redhat-1/aether-spi-1.1.0.redhat-1.jar:/Users/rams/.m2/repository/org/eclipse/aether/aether-transport-file/1.1.0.redhat-1/aether-transport-file-1.1.0.redhat-1.jar:/Users/rams/.m2/repository/org/eclipse/aether/aether-transport-http/1.1.0.redhat-1/aether-transport-http-1.1.0.redhat-1.jar:/Users/rams/.m2/repository/org/apache/ant/ant/1.9.15/ant-1.9.15.jar:/Users/rams/.m2/repository/org/apache/ant/ant-launcher/1.9.15/ant-launcher-1.9.15.jar:/Users/rams/.m2/repository/com/google/inject/guice/4.0.0.redhat-2/guice-4.0.0.redhat-2-no_aop.jar:/Users/rams/.m2/repository/javax/inject/javax.inject/1.0.0.redhat-6/javax.inject-1.0.0.redhat-6.jar:/Users/rams/.m2/repository/org/apache/maven/maven-core/3.3.9.redhat-2/maven-core-3.3.9.redhat-2.jar:/Users/rams/.m2/repository/org/apache/maven/maven-repository-metadata/3.3.9.redhat-2/maven-repository-metadata-3.3.9.redhat-2.jar:/Users/rams/.m2/repository/org/codehaus/plexus/plexus-interpolation/1.21.0.redhat-1/plexus-interpolation-1.21.0.redhat-1.jar:/Users/rams/.m2/repository/org/codehaus/plexus/plexus-component-annotations/1.6.0.redhat-1/plexus-component-annotations-1.6.0.redhat-1.jar:/Users/rams/.m2/repository/org/apache/maven/maven-model/3.3.9.redhat-2/maven-model-3.3.9.redhat-2.jar:/Users/rams/.m2/repository/org/apache/maven/maven-model-builder/3.3.9.redhat-2/maven-model-builder-3.3.9.redhat-2.jar:/Users/rams/.m2/repository/org/apache/maven/maven-builder-support/3.3.9.redhat-2/maven-builder-support-3.3.9.redhat-2.jar:/Users/rams/.m2/repository/org/apache/maven/maven-settings/3.3.9.redhat-2/maven-settings-3.3.9.redhat-2.jar:/Users/rams/.m2/repository/org/apache/maven/maven-settings-builder/3.3.9.redhat-2/maven-settings-builder-3.3.9.redhat-2.jar:/Users/rams/.m2/repository/org/apache/maven/maven-compat/3.3.9.redhat-2/maven-compat-3.3.9.redhat-2.jar:/Users/rams/.m2/repository/org/apache/maven/maven-aether-provider/3.3.9.redhat-2/maven-aether-provider-3.3.9.redhat-2.jar:/Users/rams/.m2/repository/org/apache/maven/wagon/wagon-provider-api/3.0.0.redhat-2/wagon-provider-api-3.0.0.redhat-2.jar:/Users/rams/.m2/repository/org/sonatype/plexus/plexus-sec-dispatcher/1.3.0.redhat-1/plexus-sec-dispatcher-1.3.0.redhat-1.jar:/Users/rams/.m2/repository/org/codehaus/plexus/plexus-classworlds/2.5.2.redhat-2/plexus-classworlds-2.5.2.redhat-2.jar:/Users/rams/.m2/repository/org/codehaus/plexus/plexus-utils/3.0.22.redhat-00001/plexus-utils-3.0.22.redhat-00001.jar:/Users/rams/.m2/repository/org/eclipse/aether/aether-impl/1.1.0.redhat-1/aether-impl-1.1.0.redhat-1.jar:/Users/rams/.m2/repository/org/eclipse/aether/aether-connector-basic/1.1.0.redhat-1/aether-connector-basic-1.1.0.redhat-1.jar:/Users/rams/.m2/repository/org/eclipse/aether/aether-transport-wagon/1.1.0.redhat-1/aether-transport-wagon-1.1.0.redhat-1.jar:/Users/rams/.m2/repository/org/eclipse/sisu/org.eclipse.sisu.plexus/0.3.2.redhat-00002/org.eclipse.sisu.plexus-0.3.2.redhat-00002.jar:/Users/rams/.m2/repository/javax/enterprise/cdi-api/1.0/cdi-api-1.0.jar:/Users/rams/.m2/repository/javax/annotation/jsr250-api/1.0/jsr250-api-1.0.jar:/Users/rams/.m2/repository/org/eclipse/sisu/org.eclipse.sisu.inject.extender/0.3.2.redhat-00002/org.eclipse.sisu.inject.extender-0.3.2.redhat-00002.jar:/Users/rams/.m2/repository/org/eclipse/sisu/org.eclipse.sisu.inject/0.3.2.redhat-00002/org.eclipse.sisu.inject-0.3.2.redhat-00002.jar:/Users/rams/.m2/repository/org/apache/maven/wagon/wagon-http/3.0.0.redhat-2/wagon-http-3.0.0.redhat-2.jar:/Users/rams/.m2/repository/org/apache/maven/wagon/wagon-http-shared/3.0.0.redhat-2/wagon-http-shared-3.0.0.redhat-2.jar:/Users/rams/.m2/repository/org/jsoup/jsoup/1.7.2/jsoup-1.7.2.jar:/Users/rams/.m2/repository/org/sonatype/plexus/plexus-cipher/1.7.0.redhat-1/plexus-cipher-1.7.0.redhat-1.jar:/Users/rams/.m2/repository/org/jbpm/jbpm-bpmn2/7.48.0.Final-redhat-00006/jbpm-bpmn2-7.48.0.Final-redhat-00006.jar:/Users/rams/.m2/repository/org/jboss/spec/javax/security/jacc/jboss-jacc-api_1.5_spec/1.0.2.Final-redhat-1/jboss-jacc-api_1.5_spec-1.0.2.Final-redhat-1.jar:/Users/rams/.m2/repository/org/jboss/spec/javax/servlet/jboss-servlet-api_3.1_spec/1.0.0.Final/jboss-servlet-api_3.1_spec-1.0.0.Final.jar:/Users/rams/.m2/repository/org/apache/httpcomponents/httpclient/4.5.10/httpclient-4.5.10.jar:/Users/rams/.m2/repository/org/apache/httpcomponents/httpcore/4.4.12/httpcore-4.4.12.jar:/Users/rams/.m2/repository/org/kie/soup/kie-soup-maven-support/7.48.0.Final-redhat-00006/kie-soup-maven-support-7.48.0.Final-redhat-00006.jar:/Users/rams/.m2/repository/org/kie/server/kie-server-rest-common/7.48.0.Final-redhat-00006/kie-server-rest-common-7.48.0.Final-redhat-00006.jar:/Users/rams/.m2/repository/io/swagger/swagger-annotations/1.5.20/swagger-annotations-1.5.20.jar:/Users/rams/.m2/repository/io/prometheus/simpleclient/0.5.0.redhat-00001/simpleclient-0.5.0.redhat-00001.jar:/Users/rams/.m2/repository/io/prometheus/simpleclient_common/0.5.0.redhat-00001/simpleclient_common-0.5.0.redhat-00001.jar:/Users/rams/.m2/repository/io/prometheus/simpleclient_httpserver/0.5.0.redhat-00001/simpleclient_httpserver-0.5.0.redhat-00001.jar:/Users/rams/.m2/repository/org/kie/kie-server-spring-boot-autoconfiguration-drools/7.48.0.Final-redhat-00006/kie-server-spring-boot-autoconfiguration-drools-7.48.0.Final-redhat-00006.jar:/Users/rams/.m2/repository/org/kie/kie-api/7.48.0.Final-redhat-00006/kie-api-7.48.0.Final-redhat-00006.jar:/Users/rams/.m2/repository/org/kie/server/kie-server-services-drools/7.48.0.Final-redhat-00006/kie-server-services-drools-7.48.0.Final-redhat-00006.jar:/Users/rams/.m2/repository/org/kie/soup/kie-soup-project-datamodel-api/7.48.0.Final-redhat-00006/kie-soup-project-datamodel-api-7.48.0.Final-redhat-00006.jar:/Users/rams/.m2/repository/org/drools/drools-workbench-models-commons/7.48.0.Final-redhat-00006/drools-workbench-models-commons-7.48.0.Final-redhat-00006.jar:/Users/rams/.m2/repository/org/drools/drools-workbench-models-datamodel-api/7.48.0.Final-redhat-00006/drools-workbench-models-datamodel-api-7.48.0.Final-redhat-00006.jar:/Users/rams/.m2/repository/org/drools/drools-workbench-models-guided-dtable/7.48.0.Final-redhat-00006/drools-workbench-models-guided-dtable-7.48.0.Final-redhat-00006.jar:/Users/rams/.m2/repository/org/drools/drools-workbench-models-guided-dtree/7.48.0.Final-redhat-00006/drools-workbench-models-guided-dtree-7.48.0.Final-redhat-00006.jar:/Users/rams/.m2/repository/org/drools/drools-workbench-models-guided-scorecard/7.48.0.Final-redhat-00006/drools-workbench-models-guided-scorecard-7.48.0.Final-redhat-00006.jar:/Users/rams/.m2/repository/org/drools/drools-scorecards/7.48.0.Final-redhat-00006/drools-scorecards-7.48.0.Final-redhat-00006.jar:/Users/rams/.m2/repository/org/drools/drools-workbench-models-guided-template/7.48.0.Final-redhat-00006/drools-workbench-models-guided-template-7.48.0.Final-redhat-00006.jar:/Users/rams/.m2/repository/org/drools/drools-workbench-models-test-scenarios/7.48.0.Final-redhat-00006/drools-workbench-models-test-scenarios-7.48.0.Final-redhat-00006.jar:/Users/rams/.m2/repository/org/kie/server/kie-server-rest-drools/7.48.0.Final-redhat-00006/kie-server-rest-drools-7.48.0.Final-redhat-00006.jar:/Users/rams/.m2/repository/org/kie/server/kie-server-services-dmn/7.48.0.Final-redhat-00006/kie-server-services-dmn-7.48.0.Final-redhat-00006.jar:/Users/rams/.m2/repository/org/kie/kie-dmn-model/7.48.0.Final-redhat-00006/kie-dmn-model-7.48.0.Final-redhat-00006.jar:/Users/rams/.m2/repository/org/kie/kie-dmn-feel/7.48.0.Final-redhat-00006/kie-dmn-feel-7.48.0.Final-redhat-00006.jar:/Users/rams/.m2/repository/org/antlr/antlr4-runtime/4.8.0.redhat-00002/antlr4-runtime-4.8.0.redhat-00002.jar:/Users/rams/.m2/repository/com/github/javaparser/javaparser-core/3.13.10/javaparser-core-3.13.10.jar:/Users/rams/.m2/repository/org/drools/drools-mvel-parser/7.48.0.Final-redhat-00006/drools-mvel-parser-7.48.0.Final-redhat-00006.jar:/Users/rams/.m2/repository/ch/obermuhlner/big-math/2.0.1/big-math-2.0.1.jar:/Users/rams/.m2/repository/org/kie/kie-dmn-backend/7.48.0.Final-redhat-00006/kie-dmn-backend-7.48.0.Final-redhat-00006.jar:/Users/rams/.m2/repository/org/kie/kie-dmn-core/7.48.0.Final-redhat-00006/kie-dmn-core-7.48.0.Final-redhat-00006.jar:/Users/rams/.m2/repository/org/jpmml/pmml-model/1.5.1/pmml-model-1.5.1.jar:/Users/rams/.m2/repository/org/jpmml/pmml-agent/1.5.1/pmml-agent-1.5.1.jar:/Users/rams/.m2/repository/org/kie/server/kie-server-rest-dmn/7.48.0.Final-redhat-00006/kie-server-rest-dmn-7.48.0.Final-redhat-00006.jar:/Users/rams/.m2/repository/org/kie/server/kie-server-services-prometheus/7.48.0.Final-redhat-00006/kie-server-services-prometheus-7.48.0.Final-redhat-00006.jar:/Users/rams/.m2/repository/org/jbpm/jbpm-flow/7.48.0.Final-redhat-00006/jbpm-flow-7.48.0.Final-redhat-00006.jar:/Users/rams/.m2/repository/com/google/protobuf/protobuf-java/3.6.1/protobuf-java-3.6.1.jar:/Users/rams/.m2/repository/org/jbpm/jbpm-runtime-manager/7.48.0.Final-redhat-00006/jbpm-runtime-manager-7.48.0.Final-redhat-00006.jar:/Users/rams/.m2/repository/org/drools/drools-persistence-jpa/7.48.0.Final-redhat-00006/drools-persistence-jpa-7.48.0.Final-redhat-00006.jar:/Users/rams/.m2/repository/org/jbpm/jbpm-human-task-core/7.48.0.Final-redhat-00006/jbpm-human-task-core-7.48.0.Final-redhat-00006.jar:/Users/rams/.m2/repository/org/jbpm/jbpm-query-jpa/7.48.0.Final-redhat-00006/jbpm-query-jpa-7.48.0.Final-redhat-00006.jar:/Users/rams/.m2/repository/org/jboss/spec/javax/annotation/jboss-annotations-api_1.2_spec/1.0.0.Final-redhat-1/jboss-annotations-api_1.2_spec-1.0.0.Final-redhat-1.jar:/Users/rams/.m2/repository/javax/mail/mail/1.4.5.redhat-2/mail-1.4.5.redhat-2.jar:/Users/rams/.m2/repository/org/jbpm/jbpm-executor/7.48.0.Final-redhat-00006/jbpm-executor-7.48.0.Final-redhat-00006.jar:/Users/rams/.m2/repository/org/kie/soup/kie-soup-dataset-api/7.48.0.Final-redhat-00006/kie-soup-dataset-api-7.48.0.Final-redhat-00006.jar:/Users/rams/.m2/repository/org/kie/soup/kie-soup-json/7.48.0.Final-redhat-00006/kie-soup-json-7.48.0.Final-redhat-00006.jar:/Users/rams/.m2/repository/org/kie/server/kie-server-rest-prometheus/7.48.0.Final-redhat-00006/kie-server-rest-prometheus-7.48.0.Final-redhat-00006.jar:/Users/rams/.m2/repository/org/kie/server/kie-server-services-scenario-simulation/7.48.0.Final-redhat-00006/kie-server-services-scenario-simulation-7.48.0.Final-redhat-00006.jar:/Users/rams/.m2/repository/org/drools/drools-scenario-simulation-api/7.48.0.Final-redhat-00006/drools-scenario-simulation-api-7.48.0.Final-redhat-00006.jar:/Users/rams/.m2/repository/org/drools/drools-scenario-simulation-backend/7.48.0.Final-redhat-00006/drools-scenario-simulation-backend-7.48.0.Final-redhat-00006.jar:/Users/rams/.m2/repository/org/kie/server/kie-server-rest-scenario-simulation/7.48.0.Final-redhat-00006/kie-server-rest-scenario-simulation-7.48.0.Final-redhat-00006.jar:/Users/rams/.m2/repository/org/jbpm/jbpm-case-mgmt-api/7.48.0.Final-redhat-00006/jbpm-case-mgmt-api-7.48.0.Final-redhat-00006.jar:/Users/rams/.m2/repository/org/apache/cxf/cxf-rt-rs-service-description-swagger/3.2.6/cxf-rt-rs-service-description-swagger-3.2.6.jar:/Users/rams/.m2/repository/org/apache/cxf/cxf-rt-frontend-jaxrs/3.2.6/cxf-rt-frontend-jaxrs-3.2.6.jar:/Users/rams/.m2/repository/javax/ws/rs/javax.ws.rs-api/2.1/javax.ws.rs-api-2.1.jar:/Users/rams/.m2/repository/javax/annotation/javax.annotation-api/1.3.2/javax.annotation-api-1.3.2.jar:/Users/rams/.m2/repository/org/apache/cxf/cxf-rt-rs-service-description-swagger-ui/3.2.6/cxf-rt-rs-service-description-swagger-ui-3.2.6.jar:/Users/rams/.m2/repository/io/swagger/swagger-jaxrs/1.5.15/swagger-jaxrs-1.5.15.jar:/Users/rams/.m2/repository/com/fasterxml/jackson/core/jackson-databind/2.10.1/jackson-databind-2.10.1.jar:/Users/rams/.m2/repository/com/fasterxml/jackson/core/jackson-core/2.10.1/jackson-core-2.10.1.jar:/Users/rams/.m2/repository/io/swagger/swagger-core/1.5.15/swagger-core-1.5.15.jar:/Users/rams/.m2/repository/org/apache/commons/commons-lang3/3.9/commons-lang3-3.9.jar:/Users/rams/.m2/repository/com/fasterxml/jackson/core/jackson-annotations/2.10.1/jackson-annotations-2.10.1.jar:/Users/rams/.m2/repository/com/fasterxml/jackson/dataformat/jackson-dataformat-yaml/2.10.1/jackson-dataformat-yaml-2.10.1.jar:/Users/rams/.m2/repository/io/swagger/swagger-models/1.5.15/swagger-models-1.5.15.jar:/Users/rams/.m2/repository/org/reflections/reflections/0.9.11/reflections-0.9.11.jar:/Users/rams/.m2/repository/org/javassist/javassist/3.21.0-GA/javassist-3.21.0-GA.jar:/Users/rams/.m2/repository/com/google/guava/guava/20.0/guava-20.0.jar:/Users/rams/.m2/repository/org/webjars/swagger-ui/3.25.0/swagger-ui-3.25.0.jar:/Users/rams/.m2/repository/org/kie/kie-server-spring-boot-starter/7.48.0.Final-redhat-00006/kie-server-spring-boot-starter-7.48.0.Final-redhat-00006.jar:/Users/rams/.m2/repository/org/springframework/boot/spring-boot-starter-jdbc/2.2.2.RELEASE/spring-boot-starter-jdbc-2.2.2.RELEASE.jar:/Users/rams/.m2/repository/org/springframework/spring-jdbc/5.2.2.RELEASE/spring-jdbc-5.2.2.RELEASE.jar:/Users/rams/.m2/repository/org/springframework/spring-tx/5.2.2.RELEASE/spring-tx-5.2.2.RELEASE.jar:/Users/rams/.m2/repository/me/snowdrop/narayana-spring-boot-starter/2.3.0.redhat-00008/narayana-spring-boot-starter-2.3.0.redhat-00008.jar:/Users/rams/.m2/repository/me/snowdrop/narayana-spring-boot-core/2.3.0.redhat-00008/narayana-spring-boot-core-2.3.0.redhat-00008.jar:/Users/rams/.m2/repository/org/jboss/narayana/jta/jta/5.9.8.Final-redhat-00002/jta-5.9.8.Final-redhat-00002.jar:/Users/rams/.m2/repository/org/jboss/narayana/common/5.9.8.Final-redhat-00002/common-5.9.8.Final-redhat-00002.jar:/Users/rams/.m2/repository/org/jboss/narayana/arjunacore/arjuna/5.9.8.Final-redhat-00002/arjuna-5.9.8.Final-redhat-00002.jar:/Users/rams/.m2/repository/org/jboss/narayana/jta/jdbc/5.9.8.Final-redhat-00002/jdbc-5.9.8.Final-redhat-00002.jar:/Users/rams/.m2/repository/org/jboss/narayana/jta/jms/5.9.8.Final-redhat-00002/jms-5.9.8.Final-redhat-00002.jar:/Users/rams/.m2/repository/org/jboss/narayana/jts/narayana-jts-integration/5.9.8.Final-redhat-00002/narayana-jts-integration-5.9.8.Final-redhat-00002.jar:/Users/rams/.m2/repository/org/jboss/jboss-transaction-spi/7.6.0.Final/jboss-transaction-spi-7.6.0.Final.jar:/Users/rams/.m2/repository/org/jboss/spec/javax/resource/jboss-connector-api_1.7_spec/1.0.0.Final/jboss-connector-api_1.7_spec-1.0.0.Final.jar:/Users/rams/.m2/repository/org/jboss/spec/javax/transaction/jboss-transaction-api_1.2_spec/1.0.0.Alpha3/jboss-transaction-api_1.2_spec-1.0.0.Alpha3.jar:/Users/rams/.m2/repository/org/jboss/logging/jboss-logging/3.4.1.Final/jboss-logging-3.4.1.Final.jar:/Users/rams/.m2/repository/org/apache/commons/commons-dbcp2/2.7.0/commons-dbcp2-2.7.0.jar:/Users/rams/.m2/repository/org/apache/commons/commons-pool2/2.7.0/commons-pool2-2.7.0.jar:/Users/rams/.m2/repository/org/kie/kie-server-spring-boot-autoconfiguration-jbpm/7.48.0.Final-redhat-00006/kie-server-spring-boot-autoconfiguration-jbpm-7.48.0.Final-redhat-00006.jar:/Users/rams/.m2/repository/org/jbpm/jbpm-services-api/7.48.0.Final-redhat-00006/jbpm-services-api-7.48.0.Final-redhat-00006.jar:/Users/rams/.m2/repository/org/jbpm/jbpm-kie-services/7.48.0.Final-redhat-00006/jbpm-kie-services-7.48.0.Final-redhat-00006.jar:/Users/rams/.m2/repository/org/apache/maven/maven-artifact/3.3.9.redhat-2/maven-artifact-3.3.9.redhat-2.jar:/Users/rams/.m2/repository/org/jbpm/jbpm-audit/7.48.0.Final-redhat-00006/jbpm-audit-7.48.0.Final-redhat-00006.jar:/Users/rams/.m2/repository/org/jbpm/jbpm-flow-builder/7.48.0.Final-redhat-00006/jbpm-flow-builder-7.48.0.Final-redhat-00006.jar:/Users/rams/.m2/repository/org/jbpm/jbpm-persistence-api/7.48.0.Final-redhat-00006/jbpm-persistence-api-7.48.0.Final-redhat-00006.jar:/Users/rams/.m2/repository/org/jbpm/jbpm-persistence-jpa/7.48.0.Final-redhat-00006/jbpm-persistence-jpa-7.48.0.Final-redhat-00006.jar:/Users/rams/.m2/repository/org/jbpm/jbpm-human-task-audit/7.48.0.Final-redhat-00006/jbpm-human-task-audit-7.48.0.Final-redhat-00006.jar:/Users/rams/.m2/repository/org/jbpm/jbpm-human-task-jpa/7.48.0.Final-redhat-00006/jbpm-human-task-jpa-7.48.0.Final-redhat-00006.jar:/Users/rams/.m2/repository/org/jbpm/jbpm-human-task-workitems/7.48.0.Final-redhat-00006/jbpm-human-task-workitems-7.48.0.Final-redhat-00006.jar:/Users/rams/.m2/repository/javax/persistence/javax.persistence-api/2.2/javax.persistence-api-2.2.jar:/Users/rams/.m2/repository/org/mvel/mvel2/2.4.12.Final-redhat-00001/mvel2-2.4.12.Final-redhat-00001.jar:/Users/rams/.m2/repository/org/kie/soup/kie-soup-dataset-core/7.48.0.Final-redhat-00006/kie-soup-dataset-core-7.48.0.Final-redhat-00006.jar:/Users/rams/.m2/repository/org/kie/soup/kie-soup-dataset-shared/7.48.0.Final-redhat-00006/kie-soup-dataset-shared-7.48.0.Final-redhat-00006.jar:/Users/rams/.m2/repository/org/kie/soup/kie-soup-dataset-sql/7.48.0.Final-redhat-00006/kie-soup-dataset-sql-7.48.0.Final-redhat-00006.jar:/Users/rams/.m2/repository/org/eclipse/aether/aether-api/1.1.0.redhat-1/aether-api-1.1.0.redhat-1.jar:/Users/rams/.m2/repository/org/freemarker/freemarker/2.3.29/freemarker-2.3.29.jar:/Users/rams/.m2/repository/commons-collections/commons-collections/3.2.2.redhat-2/commons-collections-3.2.2.redhat-2.jar:/Users/rams/.m2/repository/commons-codec/commons-codec/1.13/commons-codec-1.13.jar:/Users/rams/.m2/repository/org/jbpm/jbpm-shared-services/7.48.0.Final-redhat-00006/jbpm-shared-services-7.48.0.Final-redhat-00006.jar:/Users/rams/.m2/repository/org/kie/jbpm-spring-boot-autoconfiguration/7.48.0.Final-redhat-00006/jbpm-spring-boot-autoconfiguration-7.48.0.Final-redhat-00006.jar:/Users/rams/.m2/repository/org/kie/jbpm-spring-boot-data-sources/7.48.0.Final-redhat-00006/jbpm-spring-boot-data-sources-7.48.0.Final-redhat-00006.jar:/Users/rams/.m2/repository/org/jbpm/jbpm-workitems-core/7.48.0.Final-redhat-00006/jbpm-workitems-core-7.48.0.Final-redhat-00006.jar:/Users/rams/.m2/repository/org/apache/commons/commons-exec/1.3/commons-exec-1.3.jar:/Users/rams/.m2/repository/org/antlr/ST4/4.0.7/ST4-4.0.7.jar:/Users/rams/.m2/repository/org/jbpm/jbpm-workitems-email/7.48.0.Final-redhat-00006/jbpm-workitems-email-7.48.0.Final-redhat-00006.jar:/Users/rams/.m2/repository/org/jbpm/jbpm-workitems-rest/7.48.0.Final-redhat-00006/jbpm-workitems-rest-7.48.0.Final-redhat-00006.jar:/Users/rams/.m2/repository/org/jbpm/jbpm-case-mgmt-impl/7.48.0.Final-redhat-00006/jbpm-case-mgmt-impl-7.48.0.Final-redhat-00006.jar:/Users/rams/.m2/repository/org/jbpm/jbpm-case-mgmt-cmmn/7.48.0.Final-redhat-00006/jbpm-case-mgmt-cmmn-7.48.0.Final-redhat-00006.jar:/Users/rams/.m2/repository/org/kie/kie-spring/7.48.0.Final-redhat-00006/kie-spring-7.48.0.Final-redhat-00006.jar:/Users/rams/.m2/repository/org/quartz-scheduler/quartz/2.3.2/quartz-2.3.2.jar:/Users/rams/.m2/repository/com/mchange/mchange-commons-java/0.2.15/mchange-commons-java-0.2.15.jar:/Users/rams/.m2/repository/org/drools/drools-persistence-api/7.48.0.Final-redhat-00006/drools-persistence-api-7.48.0.Final-redhat-00006.jar:/Users/rams/.m2/repository/org/jboss/spec/javax/ejb/jboss-ejb-api_3.2_spec/1.0.1.Final-redhat-1/jboss-ejb-api_3.2_spec-1.0.1.Final-redhat-1.jar:/Users/rams/.m2/repository/org/jboss/spec/javax/jms/jboss-jms-api_2.0_spec/1.0.2.Final-redhat-1/jboss-jms-api_2.0_spec-1.0.2.Final-redhat-1.jar:/Users/rams/.m2/repository/org/hibernate/hibernate-entitymanager/5.4.9.Final/hibernate-entitymanager-5.4.9.Final.jar:/Users/rams/.m2/repository/org/dom4j/dom4j/2.1.1/dom4j-2.1.1.jar:/Users/rams/.m2/repository/org/hibernate/common/hibernate-commons-annotations/5.1.0.Final/hibernate-commons-annotations-5.1.0.Final.jar:/Users/rams/.m2/repository/org/hibernate/hibernate-core/5.4.9.Final/hibernate-core-5.4.9.Final.jar:/Users/rams/.m2/repository/antlr/antlr/2.7.7/antlr-2.7.7.jar:/Users/rams/.m2/repository/org/jboss/jandex/2.1.1.Final/jandex-2.1.1.Final.jar:/Users/rams/.m2/repository/javax/activation/javax.activation-api/1.2.0/javax.activation-api-1.2.0.jar:/Users/rams/.m2/repository/org/springframework/spring-orm/5.2.2.RELEASE/spring-orm-5.2.2.RELEASE.jar:/Users/rams/.m2/repository/org/kie/server/kie-server-services-jbpm/7.48.0.Final-redhat-00006/kie-server-services-jbpm-7.48.0.Final-redhat-00006.jar:/Users/rams/.m2/repository/org/jbpm/jbpm-workitems-bpmn2/7.48.0.Final-redhat-00006/jbpm-workitems-bpmn2-7.48.0.Final-redhat-00006.jar:/Users/rams/.m2/repository/org/apache/cxf/cxf-rt-frontend-jaxws/3.2.14/cxf-rt-frontend-jaxws-3.2.14.jar:/Users/rams/.m2/repository/xml-resolver/xml-resolver/1.2/xml-resolver-1.2.jar:/Users/rams/.m2/repository/org/apache/cxf/cxf-rt-bindings-soap/3.2.14/cxf-rt-bindings-soap-3.2.14.jar:/Users/rams/.m2/repository/org/apache/cxf/cxf-rt-bindings-xml/3.2.14/cxf-rt-bindings-xml-3.2.14.jar:/Users/rams/.m2/repository/org/apache/cxf/cxf-rt-ws-addr/3.2.14/cxf-rt-ws-addr-3.2.14.jar:/Users/rams/.m2/repository/org/apache/cxf/cxf-rt-ws-policy/3.2.14/cxf-rt-ws-policy-3.2.14.jar:/Users/rams/.m2/repository/org/jboss/spec/javax/xml/ws/jboss-jaxws-api_2.3_spec/1.0.0.Final-redhat-1/jboss-jaxws-api_2.3_spec-1.0.0.Final-redhat-1.jar:/Users/rams/.m2/repository/org/apache/cxf/cxf-rt-databinding-jaxb/3.2.14/cxf-rt-databinding-jaxb-3.2.14.jar:/Users/rams/.m2/repository/org/apache/cxf/cxf-rt-wsdl/3.2.14/cxf-rt-wsdl-3.2.14.jar:/Users/rams/.m2/repository/org/apache/cxf/cxf-rt-frontend-simple/3.2.14/cxf-rt-frontend-simple-3.2.14.jar:/Users/rams/.m2/repository/wsdl4j/wsdl4j/1.6.3/wsdl4j-1.6.3.jar:/Users/rams/.m2/repository/org/apache/neethi/neethi/3.1.1.redhat-1/neethi-3.1.1.redhat-1.jar:/Users/rams/.m2/repository/org/jbpm/jbpm-workitems-jms/7.48.0.Final-redhat-00006/jbpm-workitems-jms-7.48.0.Final-redhat-00006.jar:/Users/rams/.m2/repository/org/jbpm/jbpm-workitems-webservice/7.48.0.Final-redhat-00006/jbpm-workitems-webservice-7.48.0.Final-redhat-00006.jar:/Users/rams/.m2/repository/org/jbpm/jbpm-document/7.48.0.Final-redhat-00006/jbpm-document-7.48.0.Final-redhat-00006.jar:/Users/rams/.m2/repository/commons-io/commons-io/2.6.0.redhat-00001/commons-io-2.6.0.redhat-00001.jar:/Users/rams/.m2/repository/com/thoughtworks/xstream/xstream-hibernate/1.4.14.redhat-00001/xstream-hibernate-1.4.14.redhat-00001.jar:/Users/rams/.m2/repository/org/kie/server/kie-server-rest-jbpm/7.48.0.Final-redhat-00006/kie-server-rest-jbpm-7.48.0.Final-redhat-00006.jar:/Users/rams/.m2/repository/org/kie/server/kie-server-services-case-mgmt/7.48.0.Final-redhat-00006/kie-server-services-case-mgmt-7.48.0.Final-redhat-00006.jar:/Users/rams/.m2/repository/org/kie/server/kie-server-rest-case-mgmt/7.48.0.Final-redhat-00006/kie-server-rest-case-mgmt-7.48.0.Final-redhat-00006.jar:/Users/rams/.m2/repository/org/kie/server/kie-server-services-jbpm-ui/7.48.0.Final-redhat-00006/kie-server-services-jbpm-ui-7.48.0.Final-redhat-00006.jar:/Users/rams/.m2/repository/com/google/code/gson/gson/2.8.6/gson-2.8.6.jar:/Users/rams/.m2/repository/org/kie/soup/kie-soup-project-datamodel-commons/7.48.0.Final-redhat-00006/kie-soup-project-datamodel-commons-7.48.0.Final-redhat-00006.jar:/Users/rams/.m2/repository/org/drools/drools-mvel/7.48.0.Final-redhat-00006/drools-mvel-7.48.0.Final-redhat-00006.jar:/Users/rams/.m2/repository/org/kie/server/kie-server-rest-jbpm-ui/7.48.0.Final-redhat-00006/kie-server-rest-jbpm-ui-7.48.0.Final-redhat-00006.jar:/Users/rams/.m2/repository/org/json/json/20090211/json-20090211.jar:/Users/rams/.m2/repository/org/kie/jbpm-process-svg/7.48.0.Final-redhat-00006/jbpm-process-svg-7.48.0.Final-redhat-00006.jar:/Users/rams/.m2/repository/org/apache/xmlgraphics/batik-util/1.13/batik-util-1.13.jar:/Users/rams/.m2/repository/org/apache/xmlgraphics/batik-constants/1.13/batik-constants-1.13.jar:/Users/rams/.m2/repository/org/apache/xmlgraphics/batik-i18n/1.13/batik-i18n-1.13.jar:/Users/rams/.m2/repository/org/apache/xmlgraphics/batik-shared-resources/1.13/batik-shared-resources-1.13.jar:/Users/rams/.m2/repository/org/apache/xmlgraphics/batik-anim/1.13/batik-anim-1.13.jar:/Users/rams/.m2/repository/org/apache/xmlgraphics/batik-awt-util/1.13/batik-awt-util-1.13.jar:/Users/rams/.m2/repository/org/apache/xmlgraphics/xmlgraphics-commons/2.4/xmlgraphics-commons-2.4.jar:/Users/rams/.m2/repository/org/apache/xmlgraphics/batik-css/1.13/batik-css-1.13.jar:/Users/rams/.m2/repository/org/apache/xmlgraphics/batik-dom/1.13/batik-dom-1.13.jar:/Users/rams/.m2/repository/org/apache/xmlgraphics/batik-xml/1.13/batik-xml-1.13.jar:/Users/rams/.m2/repository/xalan/xalan/2.7.2/xalan-2.7.2.jar:/Users/rams/.m2/repository/xalan/serializer/2.7.2/serializer-2.7.2.jar:/Users/rams/.m2/repository/org/apache/xmlgraphics/batik-ext/1.13/batik-ext-1.13.jar:/Users/rams/.m2/repository/org/apache/xmlgraphics/batik-parser/1.13/batik-parser-1.13.jar:/Users/rams/.m2/repository/org/apache/xmlgraphics/batik-svg-dom/1.13/batik-svg-dom-1.13.jar:/Users/rams/.m2/repository/xml-apis/xml-apis-ext/1.3.04/xml-apis-ext-1.3.04.jar:/Users/rams/.m2/repository/xerces/xercesImpl/2.12.0.SP03-redhat-00001/xercesImpl-2.12.0.SP03-redhat-00001.jar:/Users/rams/.m2/repository/xml-apis/xml-apis/1.4.01/xml-apis-1.4.01.jar:/Users/rams/.m2/repository/org/kie/server/kie-server-services-kafka/7.48.0.Final-redhat-00006/kie-server-services-kafka-7.48.0.Final-redhat-00006.jar:/Users/rams/.m2/repository/org/apache/kafka/kafka-clients/2.3.1/kafka-clients-2.3.1.jar:/Users/rams/.m2/repository/com/github/luben/zstd-jni/1.4.0-1/zstd-jni-1.4.0-1.jar:/Users/rams/.m2/repository/org/lz4/lz4-java/1.6.0/lz4-java-1.6.0.jar:/Users/rams/.m2/repository/org/xerial/snappy/snappy-java/1.1.7.3/snappy-java-1.1.7.3.jar:/Users/rams/.m2/repository/org/kie/kie-server-spring-boot-autoconfiguration-optaplanner/7.48.0.Final-redhat-00006/kie-server-spring-boot-autoconfiguration-optaplanner-7.48.0.Final-redhat-00006.jar:/Users/rams/.m2/repository/org/kie/server/kie-server-services-optaplanner/7.48.0.Final-redhat-00006/kie-server-services-optaplanner-7.48.0.Final-redhat-00006.jar:/Users/rams/.m2/repository/org/optaplanner/optaplanner-workbench-models-datamodel-api/7.48.0.Final-redhat-00006/optaplanner-workbench-models-datamodel-api-7.48.0.Final-redhat-00006.jar:/Users/rams/.m2/repository/org/kie/server/kie-server-rest-optaplanner/7.48.0.Final-redhat-00006/kie-server-rest-optaplanner-7.48.0.Final-redhat-00006.jar:/Users/rams/.m2/repository/org/kie/kie-server-spring-boot-autoconfiguration-task-assigning-runtime/7.48.0.Final-redhat-00006/kie-server-spring-boot-autoconfiguration-task-assigning-runtime-7.48.0.Final-redhat-00006.jar:/Users/rams/.m2/repository/org/kie/server/kie-server-services-task-assigning-runtime/7.48.0.Final-redhat-00006/kie-server-services-task-assigning-runtime-7.48.0.Final-redhat-00006.jar:/Users/rams/.m2/repository/org/kie/server/kie-server-rest-task-assigning-runtime/7.48.0.Final-redhat-00006/kie-server-rest-task-assigning-runtime-7.48.0.Final-redhat-00006.jar:/Users/rams/.m2/repository/org/kie/kie-server-spring-boot-autoconfiguration-task-assigning-planning/7.48.0.Final-redhat-00006/kie-server-spring-boot-autoconfiguration-task-assigning-planning-7.48.0.Final-redhat-00006.jar:/Users/rams/.m2/repository/org/kie/server/kie-server-services-task-assigning-user-system-simple/7.48.0.Final-redhat-00006/kie-server-services-task-assigning-user-system-simple-7.48.0.Final-redhat-00006.jar:/Users/rams/.m2/repository/org/kie/server/kie-server-services-task-assigning-user-system-api/7.48.0.Final-redhat-00006/kie-server-services-task-assigning-user-system-api-7.48.0.Final-redhat-00006.jar:/Users/rams/.m2/repository/org/kie/server/kie-server-services-task-assigning-core/7.48.0.Final-redhat-00006/kie-server-services-task-assigning-core-7.48.0.Final-redhat-00006.jar:/Users/rams/.m2/repository/org/kie/server/kie-server-services-task-assigning-planning/7.48.0.Final-redhat-00006/kie-server-services-task-assigning-planning-7.48.0.Final-redhat-00006.jar:/Users/rams/.m2/repository/org/kie/server/kie-server-client/7.48.0.Final-redhat-00006/kie-server-client-7.48.0.Final-redhat-00006.jar:/Users/rams/.m2/repository/org/springframework/boot/spring-boot-starter-test/2.2.2.RELEASE/spring-boot-starter-test-2.2.2.RELEASE.jar:/Users/rams/.m2/repository/org/springframework/boot/spring-boot-starter/2.2.2.RELEASE/spring-boot-starter-2.2.2.RELEASE.jar:/Users/rams/.m2/repository/org/springframework/boot/spring-boot-starter-logging/2.2.2.RELEASE/spring-boot-starter-logging-2.2.2.RELEASE.jar:/Users/rams/.m2/repository/org/apache/logging/log4j/log4j-to-slf4j/2.12.1/log4j-to-slf4j-2.12.1.jar:/Users/rams/.m2/repository/org/apache/logging/log4j/log4j-api/2.12.1/log4j-api-2.12.1.jar:/Users/rams/.m2/repository/org/slf4j/jul-to-slf4j/1.7.29/jul-to-slf4j-1.7.29.jar:/Users/rams/.m2/repository/jakarta/annotation/jakarta.annotation-api/1.3.5/jakarta.annotation-api-1.3.5.jar:/Users/rams/.m2/repository/org/yaml/snakeyaml/1.25/snakeyaml-1.25.jar:/Users/rams/.m2/repository/org/springframework/boot/spring-boot-test/2.2.2.RELEASE/spring-boot-test-2.2.2.RELEASE.jar:/Users/rams/.m2/repository/org/springframework/boot/spring-boot-test-autoconfigure/2.2.2.RELEASE/spring-boot-test-autoconfigure-2.2.2.RELEASE.jar:/Users/rams/.m2/repository/com/jayway/jsonpath/json-path/2.4.0/json-path-2.4.0.jar:/Users/rams/.m2/repository/net/minidev/json-smart/2.3/json-smart-2.3.jar:/Users/rams/.m2/repository/net/minidev/accessors-smart/1.2/accessors-smart-1.2.jar:/Users/rams/.m2/repository/org/ow2/asm/asm/5.0.4/asm-5.0.4.jar:/Users/rams/.m2/repository/jakarta/xml/bind/jakarta.xml.bind-api/2.3.2/jakarta.xml.bind-api-2.3.2.jar:/Users/rams/.m2/repository/jakarta/activation/jakarta.activation-api/1.2.1/jakarta.activation-api-1.2.1.jar:/Users/rams/.m2/repository/org/junit/jupiter/junit-jupiter/5.5.2/junit-jupiter-5.5.2.jar:/Users/rams/.m2/repository/org/junit/jupiter/junit-jupiter-api/5.5.2/junit-jupiter-api-5.5.2.jar:/Users/rams/.m2/repository/org/opentest4j/opentest4j/1.2.0/opentest4j-1.2.0.jar:/Users/rams/.m2/repository/org/junit/platform/junit-platform-commons/1.5.2/junit-platform-commons-1.5.2.jar:/Users/rams/.m2/repository/org/junit/jupiter/junit-jupiter-params/5.5.2/junit-jupiter-params-5.5.2.jar:/Users/rams/.m2/repository/org/junit/jupiter/junit-jupiter-engine/5.5.2/junit-jupiter-engine-5.5.2.jar:/Users/rams/.m2/repository/org/junit/vintage/junit-vintage-engine/5.5.2/junit-vintage-engine-5.5.2.jar:/Users/rams/.m2/repository/org/junit/platform/junit-platform-engine/1.5.2/junit-platform-engine-1.5.2.jar:/Users/rams/.m2/repository/org/mockito/mockito-junit-jupiter/3.1.0/mockito-junit-jupiter-3.1.0.jar:/Users/rams/.m2/repository/org/assertj/assertj-core/3.13.2/assertj-core-3.13.2.jar:/Users/rams/.m2/repository/org/hamcrest/hamcrest/2.1/hamcrest-2.1.jar:/Users/rams/.m2/repository/org/mockito/mockito-core/3.1.0/mockito-core-3.1.0.jar:/Users/rams/.m2/repository/net/bytebuddy/byte-buddy/1.10.4/byte-buddy-1.10.4.jar:/Users/rams/.m2/repository/net/bytebuddy/byte-buddy-agent/1.10.4/byte-buddy-agent-1.10.4.jar:/Users/rams/.m2/repository/org/objenesis/objenesis/2.6/objenesis-2.6.jar:/Users/rams/.m2/repository/org/skyscreamer/jsonassert/1.5.0/jsonassert-1.5.0.jar:/Users/rams/.m2/repository/com/vaadin/external/google/android-json/0.0.20131108.vaadin1/android-json-0.0.20131108.vaadin1.jar:/Users/rams/.m2/repository/org/springframework/spring-core/5.2.2.RELEASE/spring-core-5.2.2.RELEASE.jar:/Users/rams/.m2/repository/org/springframework/spring-jcl/5.2.2.RELEASE/spring-jcl-5.2.2.RELEASE.jar:/Users/rams/.m2/repository/org/springframework/spring-test/5.2.2.RELEASE/spring-test-5.2.2.RELEASE.jar:/Users/rams/.m2/repository/org/xmlunit/xmlunit-core/2.6.3/xmlunit-core-2.6.3.jar:/Users/rams/.m2/repository/net/jodah/failsafe/2.3.3/failsafe-2.3.3.jar:/Users/rams/.m2/repository/io/cucumber/cucumber-java/6.10.4/cucumber-java-6.10.4.jar:/Users/rams/.m2/repository/io/cucumber/cucumber-core/6.10.4/cucumber-core-6.10.4.jar:/Users/rams/.m2/repository/io/cucumber/cucumber-gherkin/6.10.4/cucumber-gherkin-6.10.4.jar:/Users/rams/.m2/repository/io/cucumber/cucumber-gherkin-messages/6.10.4/cucumber-gherkin-messages-6.10.4.jar:/Users/rams/.m2/repository/io/cucumber/messages/15.0.0/messages-15.0.0.jar:/Users/rams/.m2/repository/io/cucumber/tag-expressions/3.0.1/tag-expressions-3.0.1.jar:/Users/rams/.m2/repository/io/cucumber/cucumber-expressions/10.3.0/cucumber-expressions-10.3.0.jar:/Users/rams/.m2/repository/io/cucumber/datatable/3.5.0/datatable-3.5.0.jar:/Users/rams/.m2/repository/io/cucumber/cucumber-plugin/6.10.4/cucumber-plugin-6.10.4.jar:/Users/rams/.m2/repository/io/cucumber/docstring/6.10.4/docstring-6.10.4.jar:/Users/rams/.m2/repository/io/cucumber/html-formatter/13.0.0/html-formatter-13.0.0.jar:/Users/rams/.m2/repository/io/cucumber/create-meta/4.0.0/create-meta-4.0.0.jar:/Users/rams/.m2/repository/org/apiguardian/apiguardian-api/1.1.1/apiguardian-api-1.1.1.jar:/Users/rams/.m2/repository/io/cucumber/cucumber-junit/6.10.4/cucumber-junit-6.10.4.jar:/Users/rams/.m2/repository/io/cucumber/cucumber-spring/6.10.4/cucumber-spring-6.10.4.jar:/Users/rams/.m2/repository/junit/junit/4.12/junit-4.12.jar:/Users/rams/.m2/repository/org/hamcrest/hamcrest-core/2.1/hamcrest-core-2.1.jar:/Users/rams/.m2/repository/ch/qos/logback/logback-classic/1.2.3/logback-classic-1.2.3.jar:/Users/rams/.m2/repository/ch/qos/logback/logback-core/1.2.3/logback-core-1.2.3.jar:/Users/rams/.m2/repository/org/slf4j/slf4j-api/1.7.29/slf4j-api-1.7.29.jar:/Users/rams/.m2/repository/com/h2database/h2/1.4.200/h2-1.4.200.jar:"/>
    <property name="sun.cpu.endian" value="little"/>
    <property name="user.home" value="/Users/rams"/>
    <property name="user.language" value="en"/>
    <property name="java.specification.vendor" value="Oracle Corporation"/>
    <property name="java.version.date" value="2020-10-20"/>
    <property name="java.home" value="/Library/Java/JavaVirtualMachines/jdk-11.0.9.jdk/Contents/Home"/>
    <property name="file.separator" value="/"/>
    <property name="basedir" value="/Users/rams/liveprojects/CreditSuisse/Projects/reproducer-exception-test"/>
    <property name="java.vm.compressedOopsMode" value="Zero based"/>
    <property name="line.separator" value="&#10;"/>
    <property name="java.specification.name" value="Java Platform API Specification"/>
    <property name="java.vm.specification.vendor" value="Oracle Corporation"/>
    <property name="java.awt.graphicsenv" value="sun.awt.CGraphicsEnvironment"/>
    <property name="surefire.real.class.path" value="/Users/rams/liveprojects/CreditSuisse/Projects/reproducer-exception-test/target/surefire/surefirebooter4181132262636306021.jar"/>
    <property name="sun.management.compiler" value="HotSpot 64-Bit Tiered Compilers"/>
    <property name="java.runtime.version" value="11.0.9+7-LTS"/>
    <property name="user.name" value="rams"/>
    <property name="path.separator" value=":"/>
    <property name="os.version" value="10.16"/>
    <property name="java.runtime.name" value="Java(TM) SE Runtime Environment"/>
    <property name="file.encoding" value="UTF-8"/>
    <property name="java.vm.name" value="Java HotSpot(TM) 64-Bit Server VM"/>
    <property name="java.vendor.version" value="18.9"/>
    <property name="localRepository" value="/Users/rams/.m2/repository"/>
    <property name="java.vendor.url.bug" value="https://bugreport.java.com/bugreport/"/>
    <property name="java.io.tmpdir" value="/var/folders/0d/0y84vzks43zc0w7kw63glkvm0000gn/T/"/>
    <property name="java.version" value="11.0.9"/>
    <property name="user.dir" value="/Users/rams/liveprojects/CreditSuisse/Projects/reproducer-exception-test"/>
    <property name="os.arch" value="x86_64"/>
    <property name="java.vm.specification.name" value="Java Virtual Machine Specification"/>
    <property name="java.awt.printerjob" value="sun.lwawt.macosx.CPrinterJob"/>
    <property name="sun.os.patch.level" value="unknown"/>
    <property name="java.library.path" value="/Users/rams/Library/Java/Extensions:/Library/Java/Extensions:/Network/Library/Java/Extensions:/System/Library/Java/Extensions:/usr/lib/java:."/>
    <property name="java.vendor" value="Oracle Corporation"/>
    <property name="java.vm.info" value="mixed mode"/>
    <property name="java.vm.version" value="11.0.9+7-LTS"/>
    <property name="sun.io.unicode.encoding" value="UnicodeBig"/>
    <property name="java.class.version" value="55.0"/>
  </properties>
  <testcase name="1" classname="com.redhat.internal.config.RunnerTest" time="1.422">
    <failure message="Multiple Failures (2 failures)&#10;	io.cucumber.core.exception.CucumberException: Could not invoke hook defined at &apos;com.redhat.internal.cases.CSSteps.beforTest(io.cucumber.java.Scenario)&apos;.&#10;It appears there was a problem with the hook definition.&#10;	io.cucumber.core.exception.CucumberException: Could not invoke hook defined at &apos;com.redhat.internal.cases.CSSteps.afterTest(io.cucumber.java.Scenario)&apos;.&#10;It appears there was a problem with the hook definition." type="org.opentest4j.MultipleFailuresError">org.opentest4j.MultipleFailuresError: 
Multiple Failures (2 failures)
	io.cucumber.core.exception.CucumberException: Could not invoke hook defined at 'com.redhat.internal.cases.CSSteps.beforTest(io.cucumber.java.Scenario)'.
It appears there was a problem with the hook definition.
	io.cucumber.core.exception.CucumberException: Could not invoke hook defined at 'com.redhat.internal.cases.CSSteps.afterTest(io.cucumber.java.Scenario)'.
It appears there was a problem with the hook definition.
</failure>
    <system-out><![CDATA[09:48:21.059 [main] DEBUG org.springframework.test.context.junit4.SpringJUnit4ClassRunner - SpringJUnit4ClassRunner constructor called with [class com.redhat.internal.kie.ExceptionTest]
09:48:21.065 [main] DEBUG org.springframework.test.context.BootstrapUtils - Instantiating CacheAwareContextLoaderDelegate from class [org.springframework.test.context.cache.DefaultCacheAwareContextLoaderDelegate]
09:48:21.079 [main] DEBUG org.springframework.test.context.BootstrapUtils - Instantiating BootstrapContext using constructor [public org.springframework.test.context.support.DefaultBootstrapContext(java.lang.Class,org.springframework.test.context.CacheAwareContextLoaderDelegate)]
09:48:21.120 [main] DEBUG org.springframework.test.context.BootstrapUtils - Instantiating TestContextBootstrapper for test class [com.redhat.internal.kie.ExceptionTest] from class [org.springframework.boot.test.context.SpringBootTestContextBootstrapper]
09:48:21.148 [main] INFO org.springframework.boot.test.context.SpringBootTestContextBootstrapper - Neither @ContextConfiguration nor @ContextHierarchy found for test class [com.redhat.internal.kie.ExceptionTest], using SpringBootContextLoader
09:48:21.156 [main] DEBUG org.springframework.test.context.support.AbstractContextLoader - Did not detect default resource location for test class [com.redhat.internal.kie.ExceptionTest]: class path resource [com/redhat/internal/kie/ExceptionTest-context.xml] does not exist
09:48:21.158 [main] DEBUG org.springframework.test.context.support.AbstractContextLoader - Did not detect default resource location for test class [com.redhat.internal.kie.ExceptionTest]: class path resource [com/redhat/internal/kie/ExceptionTestContext.groovy] does not exist
09:48:21.158 [main] INFO org.springframework.test.context.support.AbstractContextLoader - Could not detect default resource locations for test class [com.redhat.internal.kie.ExceptionTest]: no resource found for suffixes {-context.xml, Context.groovy}.
09:48:21.159 [main] INFO org.springframework.test.context.support.AnnotationConfigContextLoaderUtils - Could not detect default configuration classes for test class [com.redhat.internal.kie.ExceptionTest]: ExceptionTest does not declare any static, non-private, non-final, nested classes annotated with @Configuration.
09:48:21.232 [main] DEBUG org.springframework.test.context.support.ActiveProfilesUtils - Could not find an 'annotation declaring class' for annotation type [org.springframework.test.context.ActiveProfiles] and class [com.redhat.internal.kie.ExceptionTest]
09:48:21.318 [main] DEBUG org.springframework.context.annotation.ClassPathScanningCandidateComponentProvider - Identified candidate component class: file [/Users/rams/liveprojects/CreditSuisse/Projects/reproducer-exception-test/target/classes/com/redhat/internal/kie/Application.class]
09:48:21.326 [main] INFO org.springframework.boot.test.context.SpringBootTestContextBootstrapper - Found @SpringBootConfiguration com.redhat.internal.kie.Application for test class com.redhat.internal.kie.ExceptionTest
09:48:21.480 [main] DEBUG org.springframework.boot.test.context.SpringBootTestContextBootstrapper - @TestExecutionListeners is not present for class [com.redhat.internal.kie.ExceptionTest]: using defaults.
09:48:21.481 [main] INFO org.springframework.boot.test.context.SpringBootTestContextBootstrapper - Loaded default TestExecutionListener class names from location [META-INF/spring.factories]: [org.springframework.boot.test.mock.mockito.MockitoTestExecutionListener, org.springframework.boot.test.mock.mockito.ResetMocksTestExecutionListener, org.springframework.boot.test.autoconfigure.restdocs.RestDocsTestExecutionListener, org.springframework.boot.test.autoconfigure.web.client.MockRestServiceServerResetTestExecutionListener, org.springframework.boot.test.autoconfigure.web.servlet.MockMvcPrintOnlyOnFailureTestExecutionListener, org.springframework.boot.test.autoconfigure.web.servlet.WebDriverTestExecutionListener, org.springframework.test.context.web.ServletTestExecutionListener, org.springframework.test.context.support.DirtiesContextBeforeModesTestExecutionListener, org.springframework.test.context.support.DependencyInjectionTestExecutionListener, org.springframework.test.context.support.DirtiesContextTestExecutionListener, org.springframework.test.context.transaction.TransactionalTestExecutionListener, org.springframework.test.context.jdbc.SqlScriptsTestExecutionListener, org.springframework.test.context.event.EventPublishingTestExecutionListener]
09:48:21.510 [main] INFO org.springframework.boot.test.context.SpringBootTestContextBootstrapper - Using TestExecutionListeners: [org.springframework.test.context.web.ServletTestExecutionListener@d4ab71a, org.springframework.test.context.support.DirtiesContextBeforeModesTestExecutionListener@3b4ef7, org.springframework.boot.test.mock.mockito.MockitoTestExecutionListener@1af05b03, org.springframework.boot.test.autoconfigure.SpringBootDependencyInjectionTestExecutionListener@5987e932, org.springframework.test.context.support.DirtiesContextTestExecutionListener@1ad777f, org.springframework.test.context.transaction.TransactionalTestExecutionListener@5bbbdd4b, org.springframework.test.context.jdbc.SqlScriptsTestExecutionListener@438bad7c, org.springframework.test.context.event.EventPublishingTestExecutionListener@25230246, org.springframework.boot.test.mock.mockito.ResetMocksTestExecutionListener@4fdf8f12, org.springframework.boot.test.autoconfigure.restdocs.RestDocsTestExecutionListener@4a8b5227, org.springframework.boot.test.autoconfigure.web.client.MockRestServiceServerResetTestExecutionListener@54f5f647, org.springframework.boot.test.autoconfigure.web.servlet.MockMvcPrintOnlyOnFailureTestExecutionListener@6979efad, org.springframework.boot.test.autoconfigure.web.servlet.WebDriverTestExecutionListener@5a6d5a8f]
09:48:21.513 [main] DEBUG org.springframework.test.annotation.ProfileValueUtils - Retrieved @ProfileValueSourceConfiguration [null] for test class [com.redhat.internal.kie.ExceptionTest]
09:48:21.514 [main] DEBUG org.springframework.test.annotation.ProfileValueUtils - Retrieved ProfileValueSource type [class org.springframework.test.annotation.SystemProfileValueSource] for class [com.redhat.internal.kie.ExceptionTest]
09:48:21.544 [main] DEBUG org.springframework.test.context.junit4.SpringJUnit4ClassRunner - SpringJUnit4ClassRunner constructor called with [class com.redhat.internal.kie.ExceptionTest]
09:48:21.544 [main] DEBUG org.springframework.test.context.BootstrapUtils - Instantiating CacheAwareContextLoaderDelegate from class [org.springframework.test.context.cache.DefaultCacheAwareContextLoaderDelegate]
09:48:21.544 [main] DEBUG org.springframework.test.context.BootstrapUtils - Instantiating BootstrapContext using constructor [public org.springframework.test.context.support.DefaultBootstrapContext(java.lang.Class,org.springframework.test.context.CacheAwareContextLoaderDelegate)]
09:48:21.545 [main] DEBUG org.springframework.test.context.BootstrapUtils - Instantiating TestContextBootstrapper for test class [com.redhat.internal.kie.ExceptionTest] from class [org.springframework.boot.test.context.SpringBootTestContextBootstrapper]
09:48:21.546 [main] INFO org.springframework.boot.test.context.SpringBootTestContextBootstrapper - Neither @ContextConfiguration nor @ContextHierarchy found for test class [com.redhat.internal.kie.ExceptionTest], using SpringBootContextLoader
09:48:21.547 [main] DEBUG org.springframework.test.context.support.AbstractContextLoader - Did not detect default resource location for test class [com.redhat.internal.kie.ExceptionTest]: class path resource [com/redhat/internal/kie/ExceptionTest-context.xml] does not exist
09:48:21.547 [main] DEBUG org.springframework.test.context.support.AbstractContextLoader - Did not detect default resource location for test class [com.redhat.internal.kie.ExceptionTest]: class path resource [com/redhat/internal/kie/ExceptionTestContext.groovy] does not exist
09:48:21.547 [main] INFO org.springframework.test.context.support.AbstractContextLoader - Could not detect default resource locations for test class [com.redhat.internal.kie.ExceptionTest]: no resource found for suffixes {-context.xml, Context.groovy}.
09:48:21.547 [main] INFO org.springframework.test.context.support.AnnotationConfigContextLoaderUtils - Could not detect default configuration classes for test class [com.redhat.internal.kie.ExceptionTest]: ExceptionTest does not declare any static, non-private, non-final, nested classes annotated with @Configuration.
09:48:21.550 [main] DEBUG org.springframework.test.context.support.ActiveProfilesUtils - Could not find an 'annotation declaring class' for annotation type [org.springframework.test.context.ActiveProfiles] and class [com.redhat.internal.kie.ExceptionTest]
09:48:21.552 [main] INFO org.springframework.boot.test.context.SpringBootTestContextBootstrapper - Found @SpringBootConfiguration com.redhat.internal.kie.Application for test class com.redhat.internal.kie.ExceptionTest
09:48:21.556 [main] DEBUG org.springframework.boot.test.context.SpringBootTestContextBootstrapper - @TestExecutionListeners is not present for class [com.redhat.internal.kie.ExceptionTest]: using defaults.
09:48:21.556 [main] INFO org.springframework.boot.test.context.SpringBootTestContextBootstrapper - Loaded default TestExecutionListener class names from location [META-INF/spring.factories]: [org.springframework.boot.test.mock.mockito.MockitoTestExecutionListener, org.springframework.boot.test.mock.mockito.ResetMocksTestExecutionListener, org.springframework.boot.test.autoconfigure.restdocs.RestDocsTestExecutionListener, org.springframework.boot.test.autoconfigure.web.client.MockRestServiceServerResetTestExecutionListener, org.springframework.boot.test.autoconfigure.web.servlet.MockMvcPrintOnlyOnFailureTestExecutionListener, org.springframework.boot.test.autoconfigure.web.servlet.WebDriverTestExecutionListener, org.springframework.test.context.web.ServletTestExecutionListener, org.springframework.test.context.support.DirtiesContextBeforeModesTestExecutionListener, org.springframework.test.context.support.DependencyInjectionTestExecutionListener, org.springframework.test.context.support.DirtiesContextTestExecutionListener, org.springframework.test.context.transaction.TransactionalTestExecutionListener, org.springframework.test.context.jdbc.SqlScriptsTestExecutionListener, org.springframework.test.context.event.EventPublishingTestExecutionListener]
09:48:21.557 [main] INFO org.springframework.boot.test.context.SpringBootTestContextBootstrapper - Using TestExecutionListeners: [org.springframework.test.context.web.ServletTestExecutionListener@9fecdf1, org.springframework.test.context.support.DirtiesContextBeforeModesTestExecutionListener@3b809711, org.springframework.boot.test.mock.mockito.MockitoTestExecutionListener@3b0f7d9d, org.springframework.boot.test.autoconfigure.SpringBootDependencyInjectionTestExecutionListener@236ab296, org.springframework.test.context.support.DirtiesContextTestExecutionListener@5c84624f, org.springframework.test.context.transaction.TransactionalTestExecutionListener@63034ed1, org.springframework.test.context.jdbc.SqlScriptsTestExecutionListener@232024b9, org.springframework.test.context.event.EventPublishingTestExecutionListener@55a8dc49, org.springframework.boot.test.mock.mockito.ResetMocksTestExecutionListener@2a415aa9, org.springframework.boot.test.autoconfigure.restdocs.RestDocsTestExecutionListener@53cdecf6, org.springframework.boot.test.autoconfigure.web.client.MockRestServiceServerResetTestExecutionListener@71ea1fda, org.springframework.boot.test.autoconfigure.web.servlet.MockMvcPrintOnlyOnFailureTestExecutionListener@62b3df3a, org.springframework.boot.test.autoconfigure.web.servlet.WebDriverTestExecutionListener@420745d7]
09:48:21.557 [main] DEBUG org.springframework.test.annotation.ProfileValueUtils - Retrieved @ProfileValueSourceConfiguration [null] for test class [com.redhat.internal.kie.ExceptionTest]
09:48:21.558 [main] DEBUG org.springframework.test.annotation.ProfileValueUtils - Retrieved ProfileValueSource type [class org.springframework.test.annotation.SystemProfileValueSource] for class [com.redhat.internal.kie.ExceptionTest]
09:48:22.082 [main] DEBUG org.springframework.test.context.BootstrapUtils - Instantiating CacheAwareContextLoaderDelegate from class [org.springframework.test.context.cache.DefaultCacheAwareContextLoaderDelegate]
09:48:22.082 [main] DEBUG org.springframework.test.context.BootstrapUtils - Instantiating BootstrapContext using constructor [public org.springframework.test.context.support.DefaultBootstrapContext(java.lang.Class,org.springframework.test.context.CacheAwareContextLoaderDelegate)]
09:48:22.082 [main] DEBUG org.springframework.test.context.BootstrapUtils - Instantiating TestContextBootstrapper for test class [com.redhat.internal.config.CucumberSpringConfiguration] from class [org.springframework.boot.test.context.SpringBootTestContextBootstrapper]
09:48:22.083 [main] INFO org.springframework.boot.test.context.SpringBootTestContextBootstrapper - Neither @ContextConfiguration nor @ContextHierarchy found for test class [com.redhat.internal.config.CucumberSpringConfiguration], using SpringBootContextLoader
09:48:22.084 [main] DEBUG org.springframework.test.context.support.AbstractContextLoader - Did not detect default resource location for test class [com.redhat.internal.config.CucumberSpringConfiguration]: class path resource [com/redhat/internal/config/CucumberSpringConfiguration-context.xml] does not exist
09:48:22.085 [main] DEBUG org.springframework.test.context.support.AbstractContextLoader - Did not detect default resource location for test class [com.redhat.internal.config.CucumberSpringConfiguration]: class path resource [com/redhat/internal/config/CucumberSpringConfigurationContext.groovy] does not exist
09:48:22.085 [main] INFO org.springframework.test.context.support.AbstractContextLoader - Could not detect default resource locations for test class [com.redhat.internal.config.CucumberSpringConfiguration]: no resource found for suffixes {-context.xml, Context.groovy}.
09:48:22.086 [main] DEBUG org.springframework.test.context.support.ActiveProfilesUtils - Could not find an 'annotation declaring class' for annotation type [org.springframework.test.context.ActiveProfiles] and class [com.redhat.internal.config.CucumberSpringConfiguration]
09:48:22.091 [main] DEBUG org.springframework.boot.test.context.SpringBootTestContextBootstrapper - @TestExecutionListeners is not present for class [com.redhat.internal.config.CucumberSpringConfiguration]: using defaults.
09:48:22.092 [main] INFO org.springframework.boot.test.context.SpringBootTestContextBootstrapper - Loaded default TestExecutionListener class names from location [META-INF/spring.factories]: [org.springframework.boot.test.mock.mockito.MockitoTestExecutionListener, org.springframework.boot.test.mock.mockito.ResetMocksTestExecutionListener, org.springframework.boot.test.autoconfigure.restdocs.RestDocsTestExecutionListener, org.springframework.boot.test.autoconfigure.web.client.MockRestServiceServerResetTestExecutionListener, org.springframework.boot.test.autoconfigure.web.servlet.MockMvcPrintOnlyOnFailureTestExecutionListener, org.springframework.boot.test.autoconfigure.web.servlet.WebDriverTestExecutionListener, org.springframework.test.context.web.ServletTestExecutionListener, org.springframework.test.context.support.DirtiesContextBeforeModesTestExecutionListener, org.springframework.test.context.support.DependencyInjectionTestExecutionListener, org.springframework.test.context.support.DirtiesContextTestExecutionListener, org.springframework.test.context.transaction.TransactionalTestExecutionListener, org.springframework.test.context.jdbc.SqlScriptsTestExecutionListener, org.springframework.test.context.event.EventPublishingTestExecutionListener]
09:48:22.092 [main] INFO org.springframework.boot.test.context.SpringBootTestContextBootstrapper - Using TestExecutionListeners: [org.springframework.test.context.web.ServletTestExecutionListener@27a7ef08, org.springframework.test.context.support.DirtiesContextBeforeModesTestExecutionListener@280e8a1a, org.springframework.boot.test.mock.mockito.MockitoTestExecutionListener@11e33bac, org.springframework.boot.test.autoconfigure.SpringBootDependencyInjectionTestExecutionListener@30501e60, org.springframework.test.context.support.DirtiesContextTestExecutionListener@289778cd, org.springframework.test.context.transaction.TransactionalTestExecutionListener@7495699f, org.springframework.test.context.jdbc.SqlScriptsTestExecutionListener@7c2312fa, org.springframework.test.context.event.EventPublishingTestExecutionListener@4cb0a000, org.springframework.boot.test.mock.mockito.ResetMocksTestExecutionListener@5ff2e84b, org.springframework.boot.test.autoconfigure.restdocs.RestDocsTestExecutionListener@74abbb, org.springframework.boot.test.autoconfigure.web.client.MockRestServiceServerResetTestExecutionListener@64a4dd8d, org.springframework.boot.test.autoconfigure.web.servlet.MockMvcPrintOnlyOnFailureTestExecutionListener@2dddc1b9, org.springframework.boot.test.autoconfigure.web.servlet.WebDriverTestExecutionListener@65a5d4f9]
09:48:22.115 [main] DEBUG org.springframework.test.context.support.TestPropertySourceUtils - Adding inlined properties to environment: {spring.jmx.enabled=false, org.springframework.boot.test.context.SpringBootTestContextBootstrapper=true, server.port=-1}
   _ ______ ______ ___  ___  ______              _                            ___                 _  _              _    _
  (_)| ___ \| ___ \|  \/  |  | ___ \            (_)                          / _ \               | |(_)            | |  (_)
   _ | |_/ /| |_/ /| .  . |  | |_/ / _   _  ___  _  _ __    ___  ___  ___   / /_\ \ _ __   _ __  | | _   ___  __ _ | |_  _   ___   _ __
  | || ___ \|  __/ | |\/| |  | ___ \| | | |/ __|| || '_ \  / _ \/ __|/ __|  |  _  || '_ \ | '_ \ | || | / __|/ _` || __|| | / _ \ | '_ \
  | || |_/ /| |    | |  | |  | |_/ /| |_| |\__ \| || | | ||  __/\__ \\__ \  | | | || |_) || |_) || || || (__| (_| || |_ | || (_) || | | |
  | |\____/ \_|    \_|  |_/  \____/  \__,_||___/|_||_| |_| \___||___/|___/  \_| |_/| .__/ | .__/ |_||_| \___|\__,_| \__||_| \___/ |_| |_|
 _/ |                                                                              | |    | |
|__/                                                                               |_|    |_|
                                                    myserviceapp :: v.1.0


2021-06-11 09:48:22.505  WARN 35189 --- [           main] ory$DuplicateJsonObjectContextCustomizer : 

Found multiple occurrences of org.json.JSONObject on the class path:

	jar:file:/Users/rams/.m2/repository/org/json/json/20090211/json-20090211.jar!/org/json/JSONObject.class
	jar:file:/Users/rams/.m2/repository/com/vaadin/external/google/android-json/0.0.20131108.vaadin1/android-json-0.0.20131108.vaadin1.jar!/org/json/JSONObject.class

You may wish to exclude one of them to ensure predictable runtime behavior

2021-06-11 09:48:22.525  INFO 35189 --- [           main] c.r.i.c.CucumberSpringConfiguration      : Starting CucumberSpringConfiguration on rmuppane-mac with PID 35189 (started by rams in /Users/rams/liveprojects/CreditSuisse/Projects/reproducer-exception-test)
2021-06-11 09:48:22.526  INFO 35189 --- [           main] c.r.i.c.CucumberSpringConfiguration      : No active profile set, falling back to default profiles: default
2021-06-11 09:48:23.218  INFO 35189 --- [           main] o.s.s.web.DefaultSecurityFilterChain     : Creating filter chain: any request, [org.springframework.security.web.context.request.async.WebAsyncManagerIntegrationFilter@64b018f3, org.springframework.security.web.context.SecurityContextPersistenceFilter@abad89c, org.springframework.security.web.header.HeaderWriterFilter@7741771e, org.springframework.web.filter.CorsFilter@20801cbb, org.springframework.security.web.authentication.logout.LogoutFilter@3f1a9a53, org.springframework.security.web.authentication.www.BasicAuthenticationFilter@4d705112, org.springframework.security.web.savedrequest.RequestCacheAwareFilter@4dfe8b37, org.springframework.security.web.servletapi.SecurityContextHolderAwareRequestFilter@5fcd1f0a, org.springframework.security.web.authentication.AnonymousAuthenticationFilter@581b1c08, org.springframework.security.web.session.SessionManagementFilter@5d7d8613, org.springframework.security.web.access.ExceptionTranslationFilter@67fa5045, org.springframework.security.web.access.intercept.FilterSecurityInterceptor@27f3f512]
2021-06-11 09:48:23.253  INFO 35189 --- [           main] c.r.i.c.CucumberSpringConfiguration      : Started CucumberSpringConfiguration in 1.122 seconds (JVM running for 3.416)

Scenario: 1                                                                                                &amp#27;[90m# cs.feature:3&amp#27;[0m
      &amp#27;[31mio.cucumber.core.exception.CucumberException: Could not invoke hook defined at 'com.redhat.internal.cases.CSSteps.beforTest(io.cucumber.java.Scenario)'.
It appears there was a problem with the hook definition.
	at io.cucumber.core.runner.HookDefinitionMatch.couldNotInvokeHook(HookDefinitionMatch.java:30)
	at io.cucumber.core.runner.HookDefinitionMatch.runStep(HookDefinitionMatch.java:23)
	at io.cucumber.core.runner.ExecutionMode$1.execute(ExecutionMode.java:10)
	at io.cucumber.core.runner.TestStep.executeStep(TestStep.java:92)
	at io.cucumber.core.runner.TestStep.run(TestStep.java:64)
	at io.cucumber.core.runner.TestCase.run(TestCase.java:98)
	at io.cucumber.core.runner.Runner.runPickle(Runner.java:73)
	at io.cucumber.junit.PickleRunners$NoStepDescriptions.run(PickleRunners.java:151)
	at io.cucumber.junit.FeatureRunner.runChild(FeatureRunner.java:135)
	at io.cucumber.junit.FeatureRunner.runChild(FeatureRunner.java:27)
	at org.junit.runners.ParentRunner$3.run(ParentRunner.java:290)
	at org.junit.runners.ParentRunner$1.schedule(ParentRunner.java:71)
	at org.junit.runners.ParentRunner.runChildren(ParentRunner.java:288)
	at org.junit.runners.ParentRunner.access$000(ParentRunner.java:58)
	at org.junit.runners.ParentRunner$2.evaluate(ParentRunner.java:268)
	at org.junit.runners.ParentRunner.run(ParentRunner.java:363)
	at io.cucumber.junit.Cucumber.runChild(Cucumber.java:200)
	at io.cucumber.junit.Cucumber.runChild(Cucumber.java:90)
	at org.junit.runners.ParentRunner$3.run(ParentRunner.java:290)
	at org.junit.runners.ParentRunner$1.schedule(ParentRunner.java:71)
	at org.junit.runners.ParentRunner.runChildren(ParentRunner.java:288)
	at org.junit.runners.ParentRunner.access$000(ParentRunner.java:58)
	at org.junit.runners.ParentRunner$2.evaluate(ParentRunner.java:268)
	at io.cucumber.junit.Cucumber$RunCucumber.evaluate(Cucumber.java:235)
	at org.junit.runners.ParentRunner.run(ParentRunner.java:363)
	at org.junit.runner.JUnitCore.run(JUnitCore.java:137)
	at org.junit.runner.JUnitCore.run(JUnitCore.java:115)
	at org.junit.vintage.engine.execution.RunnerExecutor.execute(RunnerExecutor.java:40)
	at java.base/java.util.stream.ForEachOps$ForEachOp$OfRef.accept(ForEachOps.java:183)
	at java.base/java.util.stream.ReferencePipeline$3$1.accept(ReferencePipeline.java:195)
	at java.base/java.util.Iterator.forEachRemaining(Iterator.java:133)
	at java.base/java.util.Spliterators$IteratorSpliterator.forEachRemaining(Spliterators.java:1801)
	at java.base/java.util.stream.AbstractPipeline.copyInto(AbstractPipeline.java:484)
	at java.base/java.util.stream.AbstractPipeline.wrapAndCopyInto(AbstractPipeline.java:474)
	at java.base/java.util.stream.ForEachOps$ForEachOp.evaluateSequential(ForEachOps.java:150)
	at java.base/java.util.stream.ForEachOps$ForEachOp$OfRef.evaluateSequential(ForEachOps.java:173)
	at java.base/java.util.stream.AbstractPipeline.evaluate(AbstractPipeline.java:234)
	at java.base/java.util.stream.ReferencePipeline.forEach(ReferencePipeline.java:497)
	at org.junit.vintage.engine.VintageTestEngine.executeAllChildren(VintageTestEngine.java:80)
	at org.junit.vintage.engine.VintageTestEngine.execute(VintageTestEngine.java:71)
	at org.junit.platform.launcher.core.DefaultLauncher.execute(DefaultLauncher.java:220)
	at org.junit.platform.launcher.core.DefaultLauncher.lambda$execute$6(DefaultLauncher.java:188)
	at org.junit.platform.launcher.core.DefaultLauncher.withInterceptedStreams(DefaultLauncher.java:202)
	at org.junit.platform.launcher.core.DefaultLauncher.execute(DefaultLauncher.java:181)
	at org.junit.platform.launcher.core.DefaultLauncher.execute(DefaultLauncher.java:128)
	at org.apache.maven.surefire.junitplatform.JUnitPlatformProvider.invokeAllTests(JUnitPlatformProvider.java:150)
	at org.apache.maven.surefire.junitplatform.JUnitPlatformProvider.invoke(JUnitPlatformProvider.java:124)
	at org.apache.maven.surefire.booter.ForkedBooter.invokeProviderInSameClassLoader(ForkedBooter.java:384)
	at org.apache.maven.surefire.booter.ForkedBooter.runSuitesInProcess(ForkedBooter.java:345)
	at org.apache.maven.surefire.booter.ForkedBooter.execute(ForkedBooter.java:126)
	at org.apache.maven.surefire.booter.ForkedBooter.main(ForkedBooter.java:418)
Caused by: io.cucumber.core.backend.CucumberBackendException: Error creating bean with name 'com.redhat.internal.cases.CSSteps': Unsatisfied dependency expressed through field 'processService'; nested exception is org.springframework.beans.factory.NoSuchBeanDefinitionException: No qualifying bean of type 'org.jbpm.services.api.ProcessService' available: expected at least 1 bean which qualifies as autowire candidate. Dependency annotations: {@org.springframework.beans.factory.annotation.Autowired(required=true)}
	at io.cucumber.spring.SpringFactory.getInstance(SpringFactory.java:165)
	at io.cucumber.java.AbstractGlueDefinition.invokeMethod(AbstractGlueDefinition.java:47)
	at io.cucumber.java.JavaHookDefinition.execute(JavaHookDefinition.java:59)
	at io.cucumber.core.runner.CoreHookDefinition.execute(CoreHookDefinition.java:46)
	at io.cucumber.core.runner.HookDefinitionMatch.runStep(HookDefinitionMatch.java:21)
	... 49 more
Caused by: org.springframework.beans.factory.UnsatisfiedDependencyException: Error creating bean with name 'com.redhat.internal.cases.CSSteps': Unsatisfied dependency expressed through field 'processService'; nested exception is org.springframework.beans.factory.NoSuchBeanDefinitionException: No qualifying bean of type 'org.jbpm.services.api.ProcessService' available: expected at least 1 bean which qualifies as autowire candidate. Dependency annotations: {@org.springframework.beans.factory.annotation.Autowired(required=true)}
	at org.springframework.beans.factory.annotation.AutowiredAnnotationBeanPostProcessor$AutowiredFieldElement.inject(AutowiredAnnotationBeanPostProcessor.java:643)
	at org.springframework.beans.factory.annotation.InjectionMetadata.inject(InjectionMetadata.java:116)
	at org.springframework.beans.factory.annotation.AutowiredAnnotationBeanPostProcessor.postProcessProperties(AutowiredAnnotationBeanPostProcessor.java:399)
	at org.springframework.beans.factory.support.AbstractAutowireCapableBeanFactory.populateBean(AbstractAutowireCapableBeanFactory.java:1422)
	at org.springframework.beans.factory.support.AbstractAutowireCapableBeanFactory.doCreateBean(AbstractAutowireCapableBeanFactory.java:594)
	at org.springframework.beans.factory.support.AbstractAutowireCapableBeanFactory.createBean(AbstractAutowireCapableBeanFactory.java:517)
	at org.springframework.beans.factory.support.AbstractBeanFactory.lambda$doGetBean$1(AbstractBeanFactory.java:359)
	at io.cucumber.spring.CucumberScenarioScope.get(CucumberScenarioScope.java:13)
	at org.springframework.beans.factory.support.AbstractBeanFactory.doGetBean(AbstractBeanFactory.java:356)
	at org.springframework.beans.factory.support.AbstractBeanFactory.getBean(AbstractBeanFactory.java:227)
	at org.springframework.beans.factory.support.DefaultListableBeanFactory.resolveNamedBean(DefaultListableBeanFactory.java:1155)
	at org.springframework.beans.factory.support.DefaultListableBeanFactory.resolveBean(DefaultListableBeanFactory.java:416)
	at org.springframework.beans.factory.support.DefaultListableBeanFactory.getBean(DefaultListableBeanFactory.java:349)
	at org.springframework.beans.factory.support.DefaultListableBeanFactory.getBean(DefaultListableBeanFactory.java:342)
	at org.springframework.context.support.AbstractApplicationContext.getBean(AbstractApplicationContext.java:1126)
	at io.cucumber.spring.TestContextAdaptor.getInstance(TestContextAdaptor.java:103)
	at io.cucumber.spring.SpringFactory.getInstance(SpringFactory.java:163)
	... 53 more
Caused by: org.springframework.beans.factory.NoSuchBeanDefinitionException: No qualifying bean of type 'org.jbpm.services.api.ProcessService' available: expected at least 1 bean which qualifies as autowire candidate. Dependency annotations: {@org.springframework.beans.factory.annotation.Autowired(required=true)}
	at org.springframework.beans.factory.support.DefaultListableBeanFactory.raiseNoMatchingBeanFound(DefaultListableBeanFactory.java:1695)
	at org.springframework.beans.factory.support.DefaultListableBeanFactory.doResolveDependency(DefaultListableBeanFactory.java:1253)
	at org.springframework.beans.factory.support.DefaultListableBeanFactory.resolveDependency(DefaultListableBeanFactory.java:1207)
	at org.springframework.beans.factory.annotation.AutowiredAnnotationBeanPostProcessor$AutowiredFieldElement.inject(AutowiredAnnotationBeanPostProcessor.java:640)
	... 69 more
&amp#27;[0m
  &amp#27;[36mGiven &amp#27;[0m&amp#27;[36ma request to check for '&amp#27;[0m&amp#27;[36m&amp#27;[1mLoanApprovalDMN.loanapprovalprocess&amp#27;[0m&amp#27;[36m' when the customer financial status is&amp#27;[0m &amp#27;[90m# com.redhat.internal.cases.CSSteps.startProcessInstanceEr(java.lang.String,io.cucumber.datatable.DataTable)&amp#27;[0m
  &amp#27;[36mAnd &amp#27;[0m&amp#27;[36mcustomer Loan might be '&amp#27;[0m&amp#27;[36m&amp#27;[1mApproved&amp#27;[0m&amp#27;[36m'&amp#27;[0m                                                                    &amp#27;[90m# com.redhat.internal.cases.CSSteps.validateEr(java.lang.String)&amp#27;[0m
      &amp#27;[31mio.cucumber.core.exception.CucumberException: Could not invoke hook defined at 'com.redhat.internal.cases.CSSteps.afterTest(io.cucumber.java.Scenario)'.
It appears there was a problem with the hook definition.
	at io.cucumber.core.runner.HookDefinitionMatch.couldNotInvokeHook(HookDefinitionMatch.java:30)
	at io.cucumber.core.runner.HookDefinitionMatch.runStep(HookDefinitionMatch.java:23)
	at io.cucumber.core.runner.ExecutionMode$1.execute(ExecutionMode.java:10)
	at io.cucumber.core.runner.TestStep.executeStep(TestStep.java:92)
	at io.cucumber.core.runner.TestStep.run(TestStep.java:64)
	at io.cucumber.core.runner.TestCase.run(TestCase.java:110)
	at io.cucumber.core.runner.Runner.runPickle(Runner.java:73)
	at io.cucumber.junit.PickleRunners$NoStepDescriptions.run(PickleRunners.java:151)
	at io.cucumber.junit.FeatureRunner.runChild(FeatureRunner.java:135)
	at io.cucumber.junit.FeatureRunner.runChild(FeatureRunner.java:27)
	at org.junit.runners.ParentRunner$3.run(ParentRunner.java:290)
	at org.junit.runners.ParentRunner$1.schedule(ParentRunner.java:71)
	at org.junit.runners.ParentRunner.runChildren(ParentRunner.java:288)
	at org.junit.runners.ParentRunner.access$000(ParentRunner.java:58)
	at org.junit.runners.ParentRunner$2.evaluate(ParentRunner.java:268)
	at org.junit.runners.ParentRunner.run(ParentRunner.java:363)
	at io.cucumber.junit.Cucumber.runChild(Cucumber.java:200)
	at io.cucumber.junit.Cucumber.runChild(Cucumber.java:90)
	at org.junit.runners.ParentRunner$3.run(ParentRunner.java:290)
	at org.junit.runners.ParentRunner$1.schedule(ParentRunner.java:71)
	at org.junit.runners.ParentRunner.runChildren(ParentRunner.java:288)
	at org.junit.runners.ParentRunner.access$000(ParentRunner.java:58)
	at org.junit.runners.ParentRunner$2.evaluate(ParentRunner.java:268)
	at io.cucumber.junit.Cucumber$RunCucumber.evaluate(Cucumber.java:235)
	at org.junit.runners.ParentRunner.run(ParentRunner.java:363)
	at org.junit.runner.JUnitCore.run(JUnitCore.java:137)
	at org.junit.runner.JUnitCore.run(JUnitCore.java:115)
	at org.junit.vintage.engine.execution.RunnerExecutor.execute(RunnerExecutor.java:40)
	at java.base/java.util.stream.ForEachOps$ForEachOp$OfRef.accept(ForEachOps.java:183)
	at java.base/java.util.stream.ReferencePipeline$3$1.accept(ReferencePipeline.java:195)
	at java.base/java.util.Iterator.forEachRemaining(Iterator.java:133)
	at java.base/java.util.Spliterators$IteratorSpliterator.forEachRemaining(Spliterators.java:1801)
	at java.base/java.util.stream.AbstractPipeline.copyInto(AbstractPipeline.java:484)
	at java.base/java.util.stream.AbstractPipeline.wrapAndCopyInto(AbstractPipeline.java:474)
	at java.base/java.util.stream.ForEachOps$ForEachOp.evaluateSequential(ForEachOps.java:150)
	at java.base/java.util.stream.ForEachOps$ForEachOp$OfRef.evaluateSequential(ForEachOps.java:173)
	at java.base/java.util.stream.AbstractPipeline.evaluate(AbstractPipeline.java:234)
	at java.base/java.util.stream.ReferencePipeline.forEach(ReferencePipeline.java:497)
	at org.junit.vintage.engine.VintageTestEngine.executeAllChildren(VintageTestEngine.java:80)
	at org.junit.vintage.engine.VintageTestEngine.execute(VintageTestEngine.java:71)
	at org.junit.platform.launcher.core.DefaultLauncher.execute(DefaultLauncher.java:220)
	at org.junit.platform.launcher.core.DefaultLauncher.lambda$execute$6(DefaultLauncher.java:188)
	at org.junit.platform.launcher.core.DefaultLauncher.withInterceptedStreams(DefaultLauncher.java:202)
	at org.junit.platform.launcher.core.DefaultLauncher.execute(DefaultLauncher.java:181)
	at org.junit.platform.launcher.core.DefaultLauncher.execute(DefaultLauncher.java:128)
	at org.apache.maven.surefire.junitplatform.JUnitPlatformProvider.invokeAllTests(JUnitPlatformProvider.java:150)
	at org.apache.maven.surefire.junitplatform.JUnitPlatformProvider.invoke(JUnitPlatformProvider.java:124)
	at org.apache.maven.surefire.booter.ForkedBooter.invokeProviderInSameClassLoader(ForkedBooter.java:384)
	at org.apache.maven.surefire.booter.ForkedBooter.runSuitesInProcess(ForkedBooter.java:345)
	at org.apache.maven.surefire.booter.ForkedBooter.execute(ForkedBooter.java:126)
	at org.apache.maven.surefire.booter.ForkedBooter.main(ForkedBooter.java:418)
Caused by: io.cucumber.core.backend.CucumberBackendException: Error creating bean with name 'com.redhat.internal.cases.CSSteps': Unsatisfied dependency expressed through field 'processService'; nested exception is org.springframework.beans.factory.NoSuchBeanDefinitionException: No qualifying bean of type 'org.jbpm.services.api.ProcessService' available: expected at least 1 bean which qualifies as autowire candidate. Dependency annotations: {@org.springframework.beans.factory.annotation.Autowired(required=true)}
	at io.cucumber.spring.SpringFactory.getInstance(SpringFactory.java:165)
	at io.cucumber.java.AbstractGlueDefinition.invokeMethod(AbstractGlueDefinition.java:47)
	at io.cucumber.java.JavaHookDefinition.execute(JavaHookDefinition.java:59)
	at io.cucumber.core.runner.CoreHookDefinition.execute(CoreHookDefinition.java:46)
	at io.cucumber.core.runner.HookDefinitionMatch.runStep(HookDefinitionMatch.java:21)
	... 49 more
Caused by: org.springframework.beans.factory.UnsatisfiedDependencyException: Error creating bean with name 'com.redhat.internal.cases.CSSteps': Unsatisfied dependency expressed through field 'processService'; nested exception is org.springframework.beans.factory.NoSuchBeanDefinitionException: No qualifying bean of type 'org.jbpm.services.api.ProcessService' available: expected at least 1 bean which qualifies as autowire candidate. Dependency annotations: {@org.springframework.beans.factory.annotation.Autowired(required=true)}
	at org.springframework.beans.factory.annotation.AutowiredAnnotationBeanPostProcessor$AutowiredFieldElement.inject(AutowiredAnnotationBeanPostProcessor.java:643)
	at org.springframework.beans.factory.annotation.InjectionMetadata.inject(InjectionMetadata.java:116)
	at org.springframework.beans.factory.annotation.AutowiredAnnotationBeanPostProcessor.postProcessProperties(AutowiredAnnotationBeanPostProcessor.java:399)
	at org.springframework.beans.factory.support.AbstractAutowireCapableBeanFactory.populateBean(AbstractAutowireCapableBeanFactory.java:1422)
	at org.springframework.beans.factory.support.AbstractAutowireCapableBeanFactory.doCreateBean(AbstractAutowireCapableBeanFactory.java:594)
	at org.springframework.beans.factory.support.AbstractAutowireCapableBeanFactory.createBean(AbstractAutowireCapableBeanFactory.java:517)
	at org.springframework.beans.factory.support.AbstractBeanFactory.lambda$doGetBean$1(AbstractBeanFactory.java:359)
	at io.cucumber.spring.CucumberScenarioScope.get(CucumberScenarioScope.java:13)
	at org.springframework.beans.factory.support.AbstractBeanFactory.doGetBean(AbstractBeanFactory.java:356)
	at org.springframework.beans.factory.support.AbstractBeanFactory.getBean(AbstractBeanFactory.java:227)
	at org.springframework.beans.factory.support.DefaultListableBeanFactory.resolveNamedBean(DefaultListableBeanFactory.java:1155)
	at org.springframework.beans.factory.support.DefaultListableBeanFactory.resolveBean(DefaultListableBeanFactory.java:416)
	at org.springframework.beans.factory.support.DefaultListableBeanFactory.getBean(DefaultListableBeanFactory.java:349)
	at org.springframework.beans.factory.support.DefaultListableBeanFactory.getBean(DefaultListableBeanFactory.java:342)
	at org.springframework.context.support.AbstractApplicationContext.getBean(AbstractApplicationContext.java:1126)
	at io.cucumber.spring.TestContextAdaptor.getInstance(TestContextAdaptor.java:103)
	at io.cucumber.spring.SpringFactory.getInstance(SpringFactory.java:163)
	... 53 more
Caused by: org.springframework.beans.factory.NoSuchBeanDefinitionException: No qualifying bean of type 'org.jbpm.services.api.ProcessService' available: expected at least 1 bean which qualifies as autowire candidate. Dependency annotations: {@org.springframework.beans.factory.annotation.Autowired(required=true)}
	at org.springframework.beans.factory.support.DefaultListableBeanFactory.raiseNoMatchingBeanFound(DefaultListableBeanFactory.java:1695)
	at org.springframework.beans.factory.support.DefaultListableBeanFactory.doResolveDependency(DefaultListableBeanFactory.java:1253)
	at org.springframework.beans.factory.support.DefaultListableBeanFactory.resolveDependency(DefaultListableBeanFactory.java:1207)
	at org.springframework.beans.factory.annotation.AutowiredAnnotationBeanPostProcessor$AutowiredFieldElement.inject(AutowiredAnnotationBeanPostProcessor.java:640)
	... 69 more
&amp#27;[0m
]]></system-out>
  </testcase>
  <testcase name="2" classname="com.redhat.internal.config.RunnerTest" time="0.046">
    <failure message="Multiple Failures (2 failures)&#10;	io.cucumber.core.exception.CucumberException: Could not invoke hook defined at &apos;com.redhat.internal.cases.CSSteps.beforTest(io.cucumber.java.Scenario)&apos;.&#10;It appears there was a problem with the hook definition.&#10;	io.cucumber.core.exception.CucumberException: Could not invoke hook defined at &apos;com.redhat.internal.cases.CSSteps.afterTest(io.cucumber.java.Scenario)&apos;.&#10;It appears there was a problem with the hook definition." type="org.opentest4j.MultipleFailuresError">org.opentest4j.MultipleFailuresError: 
Multiple Failures (2 failures)
	io.cucumber.core.exception.CucumberException: Could not invoke hook defined at 'com.redhat.internal.cases.CSSteps.beforTest(io.cucumber.java.Scenario)'.
It appears there was a problem with the hook definition.
	io.cucumber.core.exception.CucumberException: Could not invoke hook defined at 'com.redhat.internal.cases.CSSteps.afterTest(io.cucumber.java.Scenario)'.
It appears there was a problem with the hook definition.
</failure>
    <system-out><![CDATA[2021-06-11 09:48:23.375  INFO 35189 --- [           main] .b.t.c.SpringBootTestContextBootstrapper : Neither @ContextConfiguration nor @ContextHierarchy found for test class [com.redhat.internal.config.CucumberSpringConfiguration], using SpringBootContextLoader
2021-06-11 09:48:23.376  INFO 35189 --- [           main] o.s.t.c.support.AbstractContextLoader    : Could not detect default resource locations for test class [com.redhat.internal.config.CucumberSpringConfiguration]: no resource found for suffixes {-context.xml, Context.groovy}.
2021-06-11 09:48:23.380  INFO 35189 --- [           main] .b.t.c.SpringBootTestContextBootstrapper : Loaded default TestExecutionListener class names from location [META-INF/spring.factories]: [org.springframework.boot.test.mock.mockito.MockitoTestExecutionListener, org.springframework.boot.test.mock.mockito.ResetMocksTestExecutionListener, org.springframework.boot.test.autoconfigure.restdocs.RestDocsTestExecutionListener, org.springframework.boot.test.autoconfigure.web.client.MockRestServiceServerResetTestExecutionListener, org.springframework.boot.test.autoconfigure.web.servlet.MockMvcPrintOnlyOnFailureTestExecutionListener, org.springframework.boot.test.autoconfigure.web.servlet.WebDriverTestExecutionListener, org.springframework.test.context.web.ServletTestExecutionListener, org.springframework.test.context.support.DirtiesContextBeforeModesTestExecutionListener, org.springframework.test.context.support.DependencyInjectionTestExecutionListener, org.springframework.test.context.support.DirtiesContextTestExecutionListener, org.springframework.test.context.transaction.TransactionalTestExecutionListener, org.springframework.test.context.jdbc.SqlScriptsTestExecutionListener, org.springframework.test.context.event.EventPublishingTestExecutionListener]
2021-06-11 09:48:23.380  INFO 35189 --- [           main] .b.t.c.SpringBootTestContextBootstrapper : Using TestExecutionListeners: [org.springframework.test.context.web.ServletTestExecutionListener@2c18a3ea, org.springframework.test.context.support.DirtiesContextBeforeModesTestExecutionListener@166c2c17, org.springframework.boot.test.mock.mockito.MockitoTestExecutionListener@25953be6, org.springframework.boot.test.autoconfigure.SpringBootDependencyInjectionTestExecutionListener@19dc0d32, org.springframework.test.context.support.DirtiesContextTestExecutionListener@70b2fa10, org.springframework.test.context.transaction.TransactionalTestExecutionListener@7c96c85, org.springframework.test.context.jdbc.SqlScriptsTestExecutionListener@b0f2d91, org.springframework.test.context.event.EventPublishingTestExecutionListener@7243145f, org.springframework.boot.test.mock.mockito.ResetMocksTestExecutionListener@15c6027d, org.springframework.boot.test.autoconfigure.restdocs.RestDocsTestExecutionListener@5927f904, org.springframework.boot.test.autoconfigure.web.client.MockRestServiceServerResetTestExecutionListener@2bb62414, org.springframework.boot.test.autoconfigure.web.servlet.MockMvcPrintOnlyOnFailureTestExecutionListener@413d2cd1, org.springframework.boot.test.autoconfigure.web.servlet.WebDriverTestExecutionListener@644d1b61]

Scenario: 2                                                                                                &amp#27;[90m# cs.feature:8&amp#27;[0m
      &amp#27;[31mio.cucumber.core.exception.CucumberException: Could not invoke hook defined at 'com.redhat.internal.cases.CSSteps.beforTest(io.cucumber.java.Scenario)'.
It appears there was a problem with the hook definition.
	at io.cucumber.core.runner.HookDefinitionMatch.couldNotInvokeHook(HookDefinitionMatch.java:30)
	at io.cucumber.core.runner.HookDefinitionMatch.runStep(HookDefinitionMatch.java:23)
	at io.cucumber.core.runner.ExecutionMode$1.execute(ExecutionMode.java:10)
	at io.cucumber.core.runner.TestStep.executeStep(TestStep.java:92)
	at io.cucumber.core.runner.TestStep.run(TestStep.java:64)
	at io.cucumber.core.runner.TestCase.run(TestCase.java:98)
	at io.cucumber.core.runner.Runner.runPickle(Runner.java:73)
	at io.cucumber.junit.PickleRunners$NoStepDescriptions.run(PickleRunners.java:151)
	at io.cucumber.junit.FeatureRunner.runChild(FeatureRunner.java:135)
	at io.cucumber.junit.FeatureRunner.runChild(FeatureRunner.java:27)
	at org.junit.runners.ParentRunner$3.run(ParentRunner.java:290)
	at org.junit.runners.ParentRunner$1.schedule(ParentRunner.java:71)
	at org.junit.runners.ParentRunner.runChildren(ParentRunner.java:288)
	at org.junit.runners.ParentRunner.access$000(ParentRunner.java:58)
	at org.junit.runners.ParentRunner$2.evaluate(ParentRunner.java:268)
	at org.junit.runners.ParentRunner.run(ParentRunner.java:363)
	at io.cucumber.junit.Cucumber.runChild(Cucumber.java:200)
	at io.cucumber.junit.Cucumber.runChild(Cucumber.java:90)
	at org.junit.runners.ParentRunner$3.run(ParentRunner.java:290)
	at org.junit.runners.ParentRunner$1.schedule(ParentRunner.java:71)
	at org.junit.runners.ParentRunner.runChildren(ParentRunner.java:288)
	at org.junit.runners.ParentRunner.access$000(ParentRunner.java:58)
	at org.junit.runners.ParentRunner$2.evaluate(ParentRunner.java:268)
	at io.cucumber.junit.Cucumber$RunCucumber.evaluate(Cucumber.java:235)
	at org.junit.runners.ParentRunner.run(ParentRunner.java:363)
	at org.junit.runner.JUnitCore.run(JUnitCore.java:137)
	at org.junit.runner.JUnitCore.run(JUnitCore.java:115)
	at org.junit.vintage.engine.execution.RunnerExecutor.execute(RunnerExecutor.java:40)
	at java.base/java.util.stream.ForEachOps$ForEachOp$OfRef.accept(ForEachOps.java:183)
	at java.base/java.util.stream.ReferencePipeline$3$1.accept(ReferencePipeline.java:195)
	at java.base/java.util.Iterator.forEachRemaining(Iterator.java:133)
	at java.base/java.util.Spliterators$IteratorSpliterator.forEachRemaining(Spliterators.java:1801)
	at java.base/java.util.stream.AbstractPipeline.copyInto(AbstractPipeline.java:484)
	at java.base/java.util.stream.AbstractPipeline.wrapAndCopyInto(AbstractPipeline.java:474)
	at java.base/java.util.stream.ForEachOps$ForEachOp.evaluateSequential(ForEachOps.java:150)
	at java.base/java.util.stream.ForEachOps$ForEachOp$OfRef.evaluateSequential(ForEachOps.java:173)
	at java.base/java.util.stream.AbstractPipeline.evaluate(AbstractPipeline.java:234)
	at java.base/java.util.stream.ReferencePipeline.forEach(ReferencePipeline.java:497)
	at org.junit.vintage.engine.VintageTestEngine.executeAllChildren(VintageTestEngine.java:80)
	at org.junit.vintage.engine.VintageTestEngine.execute(VintageTestEngine.java:71)
	at org.junit.platform.launcher.core.DefaultLauncher.execute(DefaultLauncher.java:220)
	at org.junit.platform.launcher.core.DefaultLauncher.lambda$execute$6(DefaultLauncher.java:188)
	at org.junit.platform.launcher.core.DefaultLauncher.withInterceptedStreams(DefaultLauncher.java:202)
	at org.junit.platform.launcher.core.DefaultLauncher.execute(DefaultLauncher.java:181)
	at org.junit.platform.launcher.core.DefaultLauncher.execute(DefaultLauncher.java:128)
	at org.apache.maven.surefire.junitplatform.JUnitPlatformProvider.invokeAllTests(JUnitPlatformProvider.java:150)
	at org.apache.maven.surefire.junitplatform.JUnitPlatformProvider.invoke(JUnitPlatformProvider.java:124)
	at org.apache.maven.surefire.booter.ForkedBooter.invokeProviderInSameClassLoader(ForkedBooter.java:384)
	at org.apache.maven.surefire.booter.ForkedBooter.runSuitesInProcess(ForkedBooter.java:345)
	at org.apache.maven.surefire.booter.ForkedBooter.execute(ForkedBooter.java:126)
	at org.apache.maven.surefire.booter.ForkedBooter.main(ForkedBooter.java:418)
Caused by: io.cucumber.core.backend.CucumberBackendException: Error creating bean with name 'com.redhat.internal.cases.CSSteps': Unsatisfied dependency expressed through field 'processService'; nested exception is org.springframework.beans.factory.NoSuchBeanDefinitionException: No qualifying bean of type 'org.jbpm.services.api.ProcessService' available: expected at least 1 bean which qualifies as autowire candidate. Dependency annotations: {@org.springframework.beans.factory.annotation.Autowired(required=true)}
	at io.cucumber.spring.SpringFactory.getInstance(SpringFactory.java:165)
	at io.cucumber.java.AbstractGlueDefinition.invokeMethod(AbstractGlueDefinition.java:47)
	at io.cucumber.java.JavaHookDefinition.execute(JavaHookDefinition.java:59)
	at io.cucumber.core.runner.CoreHookDefinition.execute(CoreHookDefinition.java:46)
	at io.cucumber.core.runner.HookDefinitionMatch.runStep(HookDefinitionMatch.java:21)
	... 49 more
Caused by: org.springframework.beans.factory.UnsatisfiedDependencyException: Error creating bean with name 'com.redhat.internal.cases.CSSteps': Unsatisfied dependency expressed through field 'processService'; nested exception is org.springframework.beans.factory.NoSuchBeanDefinitionException: No qualifying bean of type 'org.jbpm.services.api.ProcessService' available: expected at least 1 bean which qualifies as autowire candidate. Dependency annotations: {@org.springframework.beans.factory.annotation.Autowired(required=true)}
	at org.springframework.beans.factory.annotation.AutowiredAnnotationBeanPostProcessor$AutowiredFieldElement.inject(AutowiredAnnotationBeanPostProcessor.java:643)
	at org.springframework.beans.factory.annotation.InjectionMetadata.inject(InjectionMetadata.java:116)
	at org.springframework.beans.factory.annotation.AutowiredAnnotationBeanPostProcessor.postProcessProperties(AutowiredAnnotationBeanPostProcessor.java:399)
	at org.springframework.beans.factory.support.AbstractAutowireCapableBeanFactory.populateBean(AbstractAutowireCapableBeanFactory.java:1422)
	at org.springframework.beans.factory.support.AbstractAutowireCapableBeanFactory.doCreateBean(AbstractAutowireCapableBeanFactory.java:594)
	at org.springframework.beans.factory.support.AbstractAutowireCapableBeanFactory.createBean(AbstractAutowireCapableBeanFactory.java:517)
	at org.springframework.beans.factory.support.AbstractBeanFactory.lambda$doGetBean$1(AbstractBeanFactory.java:359)
	at io.cucumber.spring.CucumberScenarioScope.get(CucumberScenarioScope.java:13)
	at org.springframework.beans.factory.support.AbstractBeanFactory.doGetBean(AbstractBeanFactory.java:356)
	at org.springframework.beans.factory.support.AbstractBeanFactory.getBean(AbstractBeanFactory.java:227)
	at org.springframework.beans.factory.support.DefaultListableBeanFactory.resolveNamedBean(DefaultListableBeanFactory.java:1155)
	at org.springframework.beans.factory.support.DefaultListableBeanFactory.resolveBean(DefaultListableBeanFactory.java:416)
	at org.springframework.beans.factory.support.DefaultListableBeanFactory.getBean(DefaultListableBeanFactory.java:349)
	at org.springframework.beans.factory.support.DefaultListableBeanFactory.getBean(DefaultListableBeanFactory.java:342)
	at org.springframework.context.support.AbstractApplicationContext.getBean(AbstractApplicationContext.java:1126)
	at io.cucumber.spring.TestContextAdaptor.getInstance(TestContextAdaptor.java:103)
	at io.cucumber.spring.SpringFactory.getInstance(SpringFactory.java:163)
	... 53 more
Caused by: org.springframework.beans.factory.NoSuchBeanDefinitionException: No qualifying bean of type 'org.jbpm.services.api.ProcessService' available: expected at least 1 bean which qualifies as autowire candidate. Dependency annotations: {@org.springframework.beans.factory.annotation.Autowired(required=true)}
	at org.springframework.beans.factory.support.DefaultListableBeanFactory.raiseNoMatchingBeanFound(DefaultListableBeanFactory.java:1695)
	at org.springframework.beans.factory.support.DefaultListableBeanFactory.doResolveDependency(DefaultListableBeanFactory.java:1253)
	at org.springframework.beans.factory.support.DefaultListableBeanFactory.resolveDependency(DefaultListableBeanFactory.java:1207)
	at org.springframework.beans.factory.annotation.AutowiredAnnotationBeanPostProcessor$AutowiredFieldElement.inject(AutowiredAnnotationBeanPostProcessor.java:640)
	... 69 more
&amp#27;[0m
  &amp#27;[36mGiven &amp#27;[0m&amp#27;[36ma request to check for '&amp#27;[0m&amp#27;[36m&amp#27;[1mLoanApprovalDMN.loanapprovalprocess&amp#27;[0m&amp#27;[36m' when the customer financial status is&amp#27;[0m &amp#27;[90m# com.redhat.internal.cases.CSSteps.startProcessInstanceEr(java.lang.String,io.cucumber.datatable.DataTable)&amp#27;[0m
  &amp#27;[36mAnd &amp#27;[0m&amp#27;[36mcustomer Loan might be '&amp#27;[0m&amp#27;[36m&amp#27;[1mDeclined&amp#27;[0m&amp#27;[36m'&amp#27;[0m                                                                    &amp#27;[90m# com.redhat.internal.cases.CSSteps.validateEr(java.lang.String)&amp#27;[0m
      &amp#27;[31mio.cucumber.core.exception.CucumberException: Could not invoke hook defined at 'com.redhat.internal.cases.CSSteps.afterTest(io.cucumber.java.Scenario)'.
It appears there was a problem with the hook definition.
	at io.cucumber.core.runner.HookDefinitionMatch.couldNotInvokeHook(HookDefinitionMatch.java:30)
	at io.cucumber.core.runner.HookDefinitionMatch.runStep(HookDefinitionMatch.java:23)
	at io.cucumber.core.runner.ExecutionMode$1.execute(ExecutionMode.java:10)
	at io.cucumber.core.runner.TestStep.executeStep(TestStep.java:92)
	at io.cucumber.core.runner.TestStep.run(TestStep.java:64)
	at io.cucumber.core.runner.TestCase.run(TestCase.java:110)
	at io.cucumber.core.runner.Runner.runPickle(Runner.java:73)
	at io.cucumber.junit.PickleRunners$NoStepDescriptions.run(PickleRunners.java:151)
	at io.cucumber.junit.FeatureRunner.runChild(FeatureRunner.java:135)
	at io.cucumber.junit.FeatureRunner.runChild(FeatureRunner.java:27)
	at org.junit.runners.ParentRunner$3.run(ParentRunner.java:290)
	at org.junit.runners.ParentRunner$1.schedule(ParentRunner.java:71)
	at org.junit.runners.ParentRunner.runChildren(ParentRunner.java:288)
	at org.junit.runners.ParentRunner.access$000(ParentRunner.java:58)
	at org.junit.runners.ParentRunner$2.evaluate(ParentRunner.java:268)
	at org.junit.runners.ParentRunner.run(ParentRunner.java:363)
	at io.cucumber.junit.Cucumber.runChild(Cucumber.java:200)
	at io.cucumber.junit.Cucumber.runChild(Cucumber.java:90)
	at org.junit.runners.ParentRunner$3.run(ParentRunner.java:290)
	at org.junit.runners.ParentRunner$1.schedule(ParentRunner.java:71)
	at org.junit.runners.ParentRunner.runChildren(ParentRunner.java:288)
	at org.junit.runners.ParentRunner.access$000(ParentRunner.java:58)
	at org.junit.runners.ParentRunner$2.evaluate(ParentRunner.java:268)
	at io.cucumber.junit.Cucumber$RunCucumber.evaluate(Cucumber.java:235)
	at org.junit.runners.ParentRunner.run(ParentRunner.java:363)
	at org.junit.runner.JUnitCore.run(JUnitCore.java:137)
	at org.junit.runner.JUnitCore.run(JUnitCore.java:115)
	at org.junit.vintage.engine.execution.RunnerExecutor.execute(RunnerExecutor.java:40)
	at java.base/java.util.stream.ForEachOps$ForEachOp$OfRef.accept(ForEachOps.java:183)
	at java.base/java.util.stream.ReferencePipeline$3$1.accept(ReferencePipeline.java:195)
	at java.base/java.util.Iterator.forEachRemaining(Iterator.java:133)
	at java.base/java.util.Spliterators$IteratorSpliterator.forEachRemaining(Spliterators.java:1801)
	at java.base/java.util.stream.AbstractPipeline.copyInto(AbstractPipeline.java:484)
	at java.base/java.util.stream.AbstractPipeline.wrapAndCopyInto(AbstractPipeline.java:474)
	at java.base/java.util.stream.ForEachOps$ForEachOp.evaluateSequential(ForEachOps.java:150)
	at java.base/java.util.stream.ForEachOps$ForEachOp$OfRef.evaluateSequential(ForEachOps.java:173)
	at java.base/java.util.stream.AbstractPipeline.evaluate(AbstractPipeline.java:234)
	at java.base/java.util.stream.ReferencePipeline.forEach(ReferencePipeline.java:497)
	at org.junit.vintage.engine.VintageTestEngine.executeAllChildren(VintageTestEngine.java:80)
	at org.junit.vintage.engine.VintageTestEngine.execute(VintageTestEngine.java:71)
	at org.junit.platform.launcher.core.DefaultLauncher.execute(DefaultLauncher.java:220)
	at org.junit.platform.launcher.core.DefaultLauncher.lambda$execute$6(DefaultLauncher.java:188)
	at org.junit.platform.launcher.core.DefaultLauncher.withInterceptedStreams(DefaultLauncher.java:202)
	at org.junit.platform.launcher.core.DefaultLauncher.execute(DefaultLauncher.java:181)
	at org.junit.platform.launcher.core.DefaultLauncher.execute(DefaultLauncher.java:128)
	at org.apache.maven.surefire.junitplatform.JUnitPlatformProvider.invokeAllTests(JUnitPlatformProvider.java:150)
	at org.apache.maven.surefire.junitplatform.JUnitPlatformProvider.invoke(JUnitPlatformProvider.java:124)
	at org.apache.maven.surefire.booter.ForkedBooter.invokeProviderInSameClassLoader(ForkedBooter.java:384)
	at org.apache.maven.surefire.booter.ForkedBooter.runSuitesInProcess(ForkedBooter.java:345)
	at org.apache.maven.surefire.booter.ForkedBooter.execute(ForkedBooter.java:126)
	at org.apache.maven.surefire.booter.ForkedBooter.main(ForkedBooter.java:418)
Caused by: io.cucumber.core.backend.CucumberBackendException: Error creating bean with name 'com.redhat.internal.cases.CSSteps': Unsatisfied dependency expressed through field 'processService'; nested exception is org.springframework.beans.factory.NoSuchBeanDefinitionException: No qualifying bean of type 'org.jbpm.services.api.ProcessService' available: expected at least 1 bean which qualifies as autowire candidate. Dependency annotations: {@org.springframework.beans.factory.annotation.Autowired(required=true)}
	at io.cucumber.spring.SpringFactory.getInstance(SpringFactory.java:165)
	at io.cucumber.java.AbstractGlueDefinition.invokeMethod(AbstractGlueDefinition.java:47)
	at io.cucumber.java.JavaHookDefinition.execute(JavaHookDefinition.java:59)
	at io.cucumber.core.runner.CoreHookDefinition.execute(CoreHookDefinition.java:46)
	at io.cucumber.core.runner.HookDefinitionMatch.runStep(HookDefinitionMatch.java:21)
	... 49 more
Caused by: org.springframework.beans.factory.UnsatisfiedDependencyException: Error creating bean with name 'com.redhat.internal.cases.CSSteps': Unsatisfied dependency expressed through field 'processService'; nested exception is org.springframework.beans.factory.NoSuchBeanDefinitionException: No qualifying bean of type 'org.jbpm.services.api.ProcessService' available: expected at least 1 bean which qualifies as autowire candidate. Dependency annotations: {@org.springframework.beans.factory.annotation.Autowired(required=true)}
	at org.springframework.beans.factory.annotation.AutowiredAnnotationBeanPostProcessor$AutowiredFieldElement.inject(AutowiredAnnotationBeanPostProcessor.java:643)
	at org.springframework.beans.factory.annotation.InjectionMetadata.inject(InjectionMetadata.java:116)
	at org.springframework.beans.factory.annotation.AutowiredAnnotationBeanPostProcessor.postProcessProperties(AutowiredAnnotationBeanPostProcessor.java:399)
	at org.springframework.beans.factory.support.AbstractAutowireCapableBeanFactory.populateBean(AbstractAutowireCapableBeanFactory.java:1422)
	at org.springframework.beans.factory.support.AbstractAutowireCapableBeanFactory.doCreateBean(AbstractAutowireCapableBeanFactory.java:594)
	at org.springframework.beans.factory.support.AbstractAutowireCapableBeanFactory.createBean(AbstractAutowireCapableBeanFactory.java:517)
	at org.springframework.beans.factory.support.AbstractBeanFactory.lambda$doGetBean$1(AbstractBeanFactory.java:359)
	at io.cucumber.spring.CucumberScenarioScope.get(CucumberScenarioScope.java:13)
	at org.springframework.beans.factory.support.AbstractBeanFactory.doGetBean(AbstractBeanFactory.java:356)
	at org.springframework.beans.factory.support.AbstractBeanFactory.getBean(AbstractBeanFactory.java:227)
	at org.springframework.beans.factory.support.DefaultListableBeanFactory.resolveNamedBean(DefaultListableBeanFactory.java:1155)
	at org.springframework.beans.factory.support.DefaultListableBeanFactory.resolveBean(DefaultListableBeanFactory.java:416)
	at org.springframework.beans.factory.support.DefaultListableBeanFactory.getBean(DefaultListableBeanFactory.java:349)
	at org.springframework.beans.factory.support.DefaultListableBeanFactory.getBean(DefaultListableBeanFactory.java:342)
	at org.springframework.context.support.AbstractApplicationContext.getBean(AbstractApplicationContext.java:1126)
	at io.cucumber.spring.TestContextAdaptor.getInstance(TestContextAdaptor.java:103)
	at io.cucumber.spring.SpringFactory.getInstance(SpringFactory.java:163)
	... 53 more
Caused by: org.springframework.beans.factory.NoSuchBeanDefinitionException: No qualifying bean of type 'org.jbpm.services.api.ProcessService' available: expected at least 1 bean which qualifies as autowire candidate. Dependency annotations: {@org.springframework.beans.factory.annotation.Autowired(required=true)}
	at org.springframework.beans.factory.support.DefaultListableBeanFactory.raiseNoMatchingBeanFound(DefaultListableBeanFactory.java:1695)
	at org.springframework.beans.factory.support.DefaultListableBeanFactory.doResolveDependency(DefaultListableBeanFactory.java:1253)
	at org.springframework.beans.factory.support.DefaultListableBeanFactory.resolveDependency(DefaultListableBeanFactory.java:1207)
	at org.springframework.beans.factory.annotation.AutowiredAnnotationBeanPostProcessor$AutowiredFieldElement.inject(AutowiredAnnotationBeanPostProcessor.java:640)
	... 69 more
&amp#27;[0m
]]></system-out>
  </testcase>
  <testcase name="3" classname="com.redhat.internal.config.RunnerTest" time="0.038">
    <failure message="Multiple Failures (2 failures)&#10;	io.cucumber.core.exception.CucumberException: Could not invoke hook defined at &apos;com.redhat.internal.cases.CSSteps.beforTest(io.cucumber.java.Scenario)&apos;.&#10;It appears there was a problem with the hook definition.&#10;	io.cucumber.core.exception.CucumberException: Could not invoke hook defined at &apos;com.redhat.internal.cases.CSSteps.afterTest(io.cucumber.java.Scenario)&apos;.&#10;It appears there was a problem with the hook definition." type="org.opentest4j.MultipleFailuresError">org.opentest4j.MultipleFailuresError: 
Multiple Failures (2 failures)
	io.cucumber.core.exception.CucumberException: Could not invoke hook defined at 'com.redhat.internal.cases.CSSteps.beforTest(io.cucumber.java.Scenario)'.
It appears there was a problem with the hook definition.
	io.cucumber.core.exception.CucumberException: Could not invoke hook defined at 'com.redhat.internal.cases.CSSteps.afterTest(io.cucumber.java.Scenario)'.
It appears there was a problem with the hook definition.
</failure>
    <system-out><![CDATA[2021-06-11 09:48:23.393  INFO 35189 --- [           main] .b.t.c.SpringBootTestContextBootstrapper : Neither @ContextConfiguration nor @ContextHierarchy found for test class [com.redhat.internal.config.CucumberSpringConfiguration], using SpringBootContextLoader
2021-06-11 09:48:23.394  INFO 35189 --- [           main] o.s.t.c.support.AbstractContextLoader    : Could not detect default resource locations for test class [com.redhat.internal.config.CucumberSpringConfiguration]: no resource found for suffixes {-context.xml, Context.groovy}.
2021-06-11 09:48:23.397  INFO 35189 --- [           main] .b.t.c.SpringBootTestContextBootstrapper : Loaded default TestExecutionListener class names from location [META-INF/spring.factories]: [org.springframework.boot.test.mock.mockito.MockitoTestExecutionListener, org.springframework.boot.test.mock.mockito.ResetMocksTestExecutionListener, org.springframework.boot.test.autoconfigure.restdocs.RestDocsTestExecutionListener, org.springframework.boot.test.autoconfigure.web.client.MockRestServiceServerResetTestExecutionListener, org.springframework.boot.test.autoconfigure.web.servlet.MockMvcPrintOnlyOnFailureTestExecutionListener, org.springframework.boot.test.autoconfigure.web.servlet.WebDriverTestExecutionListener, org.springframework.test.context.web.ServletTestExecutionListener, org.springframework.test.context.support.DirtiesContextBeforeModesTestExecutionListener, org.springframework.test.context.support.DependencyInjectionTestExecutionListener, org.springframework.test.context.support.DirtiesContextTestExecutionListener, org.springframework.test.context.transaction.TransactionalTestExecutionListener, org.springframework.test.context.jdbc.SqlScriptsTestExecutionListener, org.springframework.test.context.event.EventPublishingTestExecutionListener]
2021-06-11 09:48:23.397  INFO 35189 --- [           main] .b.t.c.SpringBootTestContextBootstrapper : Using TestExecutionListeners: [org.springframework.test.context.web.ServletTestExecutionListener@553d2579, org.springframework.test.context.support.DirtiesContextBeforeModesTestExecutionListener@2a8f6e6, org.springframework.boot.test.mock.mockito.MockitoTestExecutionListener@1ac730cd, org.springframework.boot.test.autoconfigure.SpringBootDependencyInjectionTestExecutionListener@668cc9a2, org.springframework.test.context.support.DirtiesContextTestExecutionListener@5aa62ee7, org.springframework.test.context.transaction.TransactionalTestExecutionListener@1f7cec93, org.springframework.test.context.jdbc.SqlScriptsTestExecutionListener@3c9ef6e9, org.springframework.test.context.event.EventPublishingTestExecutionListener@3cdff901, org.springframework.boot.test.mock.mockito.ResetMocksTestExecutionListener@57e5396b, org.springframework.boot.test.autoconfigure.restdocs.RestDocsTestExecutionListener@2f054f70, org.springframework.boot.test.autoconfigure.web.client.MockRestServiceServerResetTestExecutionListener@6467ddc7, org.springframework.boot.test.autoconfigure.web.servlet.MockMvcPrintOnlyOnFailureTestExecutionListener@27b337bb, org.springframework.boot.test.autoconfigure.web.servlet.WebDriverTestExecutionListener@59636c47]

Scenario: 3                                                                                                &amp#27;[90m# cs.feature:13&amp#27;[0m
      &amp#27;[31mio.cucumber.core.exception.CucumberException: Could not invoke hook defined at 'com.redhat.internal.cases.CSSteps.beforTest(io.cucumber.java.Scenario)'.
It appears there was a problem with the hook definition.
	at io.cucumber.core.runner.HookDefinitionMatch.couldNotInvokeHook(HookDefinitionMatch.java:30)
	at io.cucumber.core.runner.HookDefinitionMatch.runStep(HookDefinitionMatch.java:23)
	at io.cucumber.core.runner.ExecutionMode$1.execute(ExecutionMode.java:10)
	at io.cucumber.core.runner.TestStep.executeStep(TestStep.java:92)
	at io.cucumber.core.runner.TestStep.run(TestStep.java:64)
	at io.cucumber.core.runner.TestCase.run(TestCase.java:98)
	at io.cucumber.core.runner.Runner.runPickle(Runner.java:73)
	at io.cucumber.junit.PickleRunners$NoStepDescriptions.run(PickleRunners.java:151)
	at io.cucumber.junit.FeatureRunner.runChild(FeatureRunner.java:135)
	at io.cucumber.junit.FeatureRunner.runChild(FeatureRunner.java:27)
	at org.junit.runners.ParentRunner$3.run(ParentRunner.java:290)
	at org.junit.runners.ParentRunner$1.schedule(ParentRunner.java:71)
	at org.junit.runners.ParentRunner.runChildren(ParentRunner.java:288)
	at org.junit.runners.ParentRunner.access$000(ParentRunner.java:58)
	at org.junit.runners.ParentRunner$2.evaluate(ParentRunner.java:268)
	at org.junit.runners.ParentRunner.run(ParentRunner.java:363)
	at io.cucumber.junit.Cucumber.runChild(Cucumber.java:200)
	at io.cucumber.junit.Cucumber.runChild(Cucumber.java:90)
	at org.junit.runners.ParentRunner$3.run(ParentRunner.java:290)
	at org.junit.runners.ParentRunner$1.schedule(ParentRunner.java:71)
	at org.junit.runners.ParentRunner.runChildren(ParentRunner.java:288)
	at org.junit.runners.ParentRunner.access$000(ParentRunner.java:58)
	at org.junit.runners.ParentRunner$2.evaluate(ParentRunner.java:268)
	at io.cucumber.junit.Cucumber$RunCucumber.evaluate(Cucumber.java:235)
	at org.junit.runners.ParentRunner.run(ParentRunner.java:363)
	at org.junit.runner.JUnitCore.run(JUnitCore.java:137)
	at org.junit.runner.JUnitCore.run(JUnitCore.java:115)
	at org.junit.vintage.engine.execution.RunnerExecutor.execute(RunnerExecutor.java:40)
	at java.base/java.util.stream.ForEachOps$ForEachOp$OfRef.accept(ForEachOps.java:183)
	at java.base/java.util.stream.ReferencePipeline$3$1.accept(ReferencePipeline.java:195)
	at java.base/java.util.Iterator.forEachRemaining(Iterator.java:133)
	at java.base/java.util.Spliterators$IteratorSpliterator.forEachRemaining(Spliterators.java:1801)
	at java.base/java.util.stream.AbstractPipeline.copyInto(AbstractPipeline.java:484)
	at java.base/java.util.stream.AbstractPipeline.wrapAndCopyInto(AbstractPipeline.java:474)
	at java.base/java.util.stream.ForEachOps$ForEachOp.evaluateSequential(ForEachOps.java:150)
	at java.base/java.util.stream.ForEachOps$ForEachOp$OfRef.evaluateSequential(ForEachOps.java:173)
	at java.base/java.util.stream.AbstractPipeline.evaluate(AbstractPipeline.java:234)
	at java.base/java.util.stream.ReferencePipeline.forEach(ReferencePipeline.java:497)
	at org.junit.vintage.engine.VintageTestEngine.executeAllChildren(VintageTestEngine.java:80)
	at org.junit.vintage.engine.VintageTestEngine.execute(VintageTestEngine.java:71)
	at org.junit.platform.launcher.core.DefaultLauncher.execute(DefaultLauncher.java:220)
	at org.junit.platform.launcher.core.DefaultLauncher.lambda$execute$6(DefaultLauncher.java:188)
	at org.junit.platform.launcher.core.DefaultLauncher.withInterceptedStreams(DefaultLauncher.java:202)
	at org.junit.platform.launcher.core.DefaultLauncher.execute(DefaultLauncher.java:181)
	at org.junit.platform.launcher.core.DefaultLauncher.execute(DefaultLauncher.java:128)
	at org.apache.maven.surefire.junitplatform.JUnitPlatformProvider.invokeAllTests(JUnitPlatformProvider.java:150)
	at org.apache.maven.surefire.junitplatform.JUnitPlatformProvider.invoke(JUnitPlatformProvider.java:124)
	at org.apache.maven.surefire.booter.ForkedBooter.invokeProviderInSameClassLoader(ForkedBooter.java:384)
	at org.apache.maven.surefire.booter.ForkedBooter.runSuitesInProcess(ForkedBooter.java:345)
	at org.apache.maven.surefire.booter.ForkedBooter.execute(ForkedBooter.java:126)
	at org.apache.maven.surefire.booter.ForkedBooter.main(ForkedBooter.java:418)
Caused by: io.cucumber.core.backend.CucumberBackendException: Error creating bean with name 'com.redhat.internal.cases.CSSteps': Unsatisfied dependency expressed through field 'processService'; nested exception is org.springframework.beans.factory.NoSuchBeanDefinitionException: No qualifying bean of type 'org.jbpm.services.api.ProcessService' available: expected at least 1 bean which qualifies as autowire candidate. Dependency annotations: {@org.springframework.beans.factory.annotation.Autowired(required=true)}
	at io.cucumber.spring.SpringFactory.getInstance(SpringFactory.java:165)
	at io.cucumber.java.AbstractGlueDefinition.invokeMethod(AbstractGlueDefinition.java:47)
	at io.cucumber.java.JavaHookDefinition.execute(JavaHookDefinition.java:59)
	at io.cucumber.core.runner.CoreHookDefinition.execute(CoreHookDefinition.java:46)
	at io.cucumber.core.runner.HookDefinitionMatch.runStep(HookDefinitionMatch.java:21)
	... 49 more
Caused by: org.springframework.beans.factory.UnsatisfiedDependencyException: Error creating bean with name 'com.redhat.internal.cases.CSSteps': Unsatisfied dependency expressed through field 'processService'; nested exception is org.springframework.beans.factory.NoSuchBeanDefinitionException: No qualifying bean of type 'org.jbpm.services.api.ProcessService' available: expected at least 1 bean which qualifies as autowire candidate. Dependency annotations: {@org.springframework.beans.factory.annotation.Autowired(required=true)}
	at org.springframework.beans.factory.annotation.AutowiredAnnotationBeanPostProcessor$AutowiredFieldElement.inject(AutowiredAnnotationBeanPostProcessor.java:643)
	at org.springframework.beans.factory.annotation.InjectionMetadata.inject(InjectionMetadata.java:116)
	at org.springframework.beans.factory.annotation.AutowiredAnnotationBeanPostProcessor.postProcessProperties(AutowiredAnnotationBeanPostProcessor.java:399)
	at org.springframework.beans.factory.support.AbstractAutowireCapableBeanFactory.populateBean(AbstractAutowireCapableBeanFactory.java:1422)
	at org.springframework.beans.factory.support.AbstractAutowireCapableBeanFactory.doCreateBean(AbstractAutowireCapableBeanFactory.java:594)
	at org.springframework.beans.factory.support.AbstractAutowireCapableBeanFactory.createBean(AbstractAutowireCapableBeanFactory.java:517)
	at org.springframework.beans.factory.support.AbstractBeanFactory.lambda$doGetBean$1(AbstractBeanFactory.java:359)
	at io.cucumber.spring.CucumberScenarioScope.get(CucumberScenarioScope.java:13)
	at org.springframework.beans.factory.support.AbstractBeanFactory.doGetBean(AbstractBeanFactory.java:356)
	at org.springframework.beans.factory.support.AbstractBeanFactory.getBean(AbstractBeanFactory.java:227)
	at org.springframework.beans.factory.support.DefaultListableBeanFactory.resolveNamedBean(DefaultListableBeanFactory.java:1155)
	at org.springframework.beans.factory.support.DefaultListableBeanFactory.resolveBean(DefaultListableBeanFactory.java:416)
	at org.springframework.beans.factory.support.DefaultListableBeanFactory.getBean(DefaultListableBeanFactory.java:349)
	at org.springframework.beans.factory.support.DefaultListableBeanFactory.getBean(DefaultListableBeanFactory.java:342)
	at org.springframework.context.support.AbstractApplicationContext.getBean(AbstractApplicationContext.java:1126)
	at io.cucumber.spring.TestContextAdaptor.getInstance(TestContextAdaptor.java:103)
	at io.cucumber.spring.SpringFactory.getInstance(SpringFactory.java:163)
	... 53 more
Caused by: org.springframework.beans.factory.NoSuchBeanDefinitionException: No qualifying bean of type 'org.jbpm.services.api.ProcessService' available: expected at least 1 bean which qualifies as autowire candidate. Dependency annotations: {@org.springframework.beans.factory.annotation.Autowired(required=true)}
	at org.springframework.beans.factory.support.DefaultListableBeanFactory.raiseNoMatchingBeanFound(DefaultListableBeanFactory.java:1695)
	at org.springframework.beans.factory.support.DefaultListableBeanFactory.doResolveDependency(DefaultListableBeanFactory.java:1253)
	at org.springframework.beans.factory.support.DefaultListableBeanFactory.resolveDependency(DefaultListableBeanFactory.java:1207)
	at org.springframework.beans.factory.annotation.AutowiredAnnotationBeanPostProcessor$AutowiredFieldElement.inject(AutowiredAnnotationBeanPostProcessor.java:640)
	... 69 more
&amp#27;[0m
  &amp#27;[36mGiven &amp#27;[0m&amp#27;[36ma request to check for '&amp#27;[0m&amp#27;[36m&amp#27;[1mLoanApprovalDMN.loanapprovalprocess&amp#27;[0m&amp#27;[36m' when the customer financial status is&amp#27;[0m &amp#27;[90m# com.redhat.internal.cases.CSSteps.startProcessInstanceEr(java.lang.String,io.cucumber.datatable.DataTable)&amp#27;[0m
  &amp#27;[36mAnd &amp#27;[0m&amp#27;[36mcustomer Loan might be '&amp#27;[0m&amp#27;[36m&amp#27;[1mDeclined&amp#27;[0m&amp#27;[36m'&amp#27;[0m                                                                    &amp#27;[90m# com.redhat.internal.cases.CSSteps.validateEr(java.lang.String)&amp#27;[0m
      &amp#27;[31mio.cucumber.core.exception.CucumberException: Could not invoke hook defined at 'com.redhat.internal.cases.CSSteps.afterTest(io.cucumber.java.Scenario)'.
It appears there was a problem with the hook definition.
	at io.cucumber.core.runner.HookDefinitionMatch.couldNotInvokeHook(HookDefinitionMatch.java:30)
	at io.cucumber.core.runner.HookDefinitionMatch.runStep(HookDefinitionMatch.java:23)
	at io.cucumber.core.runner.ExecutionMode$1.execute(ExecutionMode.java:10)
	at io.cucumber.core.runner.TestStep.executeStep(TestStep.java:92)
	at io.cucumber.core.runner.TestStep.run(TestStep.java:64)
	at io.cucumber.core.runner.TestCase.run(TestCase.java:110)
	at io.cucumber.core.runner.Runner.runPickle(Runner.java:73)
	at io.cucumber.junit.PickleRunners$NoStepDescriptions.run(PickleRunners.java:151)
	at io.cucumber.junit.FeatureRunner.runChild(FeatureRunner.java:135)
	at io.cucumber.junit.FeatureRunner.runChild(FeatureRunner.java:27)
	at org.junit.runners.ParentRunner$3.run(ParentRunner.java:290)
	at org.junit.runners.ParentRunner$1.schedule(ParentRunner.java:71)
	at org.junit.runners.ParentRunner.runChildren(ParentRunner.java:288)
	at org.junit.runners.ParentRunner.access$000(ParentRunner.java:58)
	at org.junit.runners.ParentRunner$2.evaluate(ParentRunner.java:268)
	at org.junit.runners.ParentRunner.run(ParentRunner.java:363)
	at io.cucumber.junit.Cucumber.runChild(Cucumber.java:200)
	at io.cucumber.junit.Cucumber.runChild(Cucumber.java:90)
	at org.junit.runners.ParentRunner$3.run(ParentRunner.java:290)
	at org.junit.runners.ParentRunner$1.schedule(ParentRunner.java:71)
	at org.junit.runners.ParentRunner.runChildren(ParentRunner.java:288)
	at org.junit.runners.ParentRunner.access$000(ParentRunner.java:58)
	at org.junit.runners.ParentRunner$2.evaluate(ParentRunner.java:268)
	at io.cucumber.junit.Cucumber$RunCucumber.evaluate(Cucumber.java:235)
	at org.junit.runners.ParentRunner.run(ParentRunner.java:363)
	at org.junit.runner.JUnitCore.run(JUnitCore.java:137)
	at org.junit.runner.JUnitCore.run(JUnitCore.java:115)
	at org.junit.vintage.engine.execution.RunnerExecutor.execute(RunnerExecutor.java:40)
	at java.base/java.util.stream.ForEachOps$ForEachOp$OfRef.accept(ForEachOps.java:183)
	at java.base/java.util.stream.ReferencePipeline$3$1.accept(ReferencePipeline.java:195)
	at java.base/java.util.Iterator.forEachRemaining(Iterator.java:133)
	at java.base/java.util.Spliterators$IteratorSpliterator.forEachRemaining(Spliterators.java:1801)
	at java.base/java.util.stream.AbstractPipeline.copyInto(AbstractPipeline.java:484)
	at java.base/java.util.stream.AbstractPipeline.wrapAndCopyInto(AbstractPipeline.java:474)
	at java.base/java.util.stream.ForEachOps$ForEachOp.evaluateSequential(ForEachOps.java:150)
	at java.base/java.util.stream.ForEachOps$ForEachOp$OfRef.evaluateSequential(ForEachOps.java:173)
	at java.base/java.util.stream.AbstractPipeline.evaluate(AbstractPipeline.java:234)
	at java.base/java.util.stream.ReferencePipeline.forEach(ReferencePipeline.java:497)
	at org.junit.vintage.engine.VintageTestEngine.executeAllChildren(VintageTestEngine.java:80)
	at org.junit.vintage.engine.VintageTestEngine.execute(VintageTestEngine.java:71)
	at org.junit.platform.launcher.core.DefaultLauncher.execute(DefaultLauncher.java:220)
	at org.junit.platform.launcher.core.DefaultLauncher.lambda$execute$6(DefaultLauncher.java:188)
	at org.junit.platform.launcher.core.DefaultLauncher.withInterceptedStreams(DefaultLauncher.java:202)
	at org.junit.platform.launcher.core.DefaultLauncher.execute(DefaultLauncher.java:181)
	at org.junit.platform.launcher.core.DefaultLauncher.execute(DefaultLauncher.java:128)
	at org.apache.maven.surefire.junitplatform.JUnitPlatformProvider.invokeAllTests(JUnitPlatformProvider.java:150)
	at org.apache.maven.surefire.junitplatform.JUnitPlatformProvider.invoke(JUnitPlatformProvider.java:124)
	at org.apache.maven.surefire.booter.ForkedBooter.invokeProviderInSameClassLoader(ForkedBooter.java:384)
	at org.apache.maven.surefire.booter.ForkedBooter.runSuitesInProcess(ForkedBooter.java:345)
	at org.apache.maven.surefire.booter.ForkedBooter.execute(ForkedBooter.java:126)
	at org.apache.maven.surefire.booter.ForkedBooter.main(ForkedBooter.java:418)
Caused by: io.cucumber.core.backend.CucumberBackendException: Error creating bean with name 'com.redhat.internal.cases.CSSteps': Unsatisfied dependency expressed through field 'processService'; nested exception is org.springframework.beans.factory.NoSuchBeanDefinitionException: No qualifying bean of type 'org.jbpm.services.api.ProcessService' available: expected at least 1 bean which qualifies as autowire candidate. Dependency annotations: {@org.springframework.beans.factory.annotation.Autowired(required=true)}
	at io.cucumber.spring.SpringFactory.getInstance(SpringFactory.java:165)
	at io.cucumber.java.AbstractGlueDefinition.invokeMethod(AbstractGlueDefinition.java:47)
	at io.cucumber.java.JavaHookDefinition.execute(JavaHookDefinition.java:59)
	at io.cucumber.core.runner.CoreHookDefinition.execute(CoreHookDefinition.java:46)
	at io.cucumber.core.runner.HookDefinitionMatch.runStep(HookDefinitionMatch.java:21)
	... 49 more
Caused by: org.springframework.beans.factory.UnsatisfiedDependencyException: Error creating bean with name 'com.redhat.internal.cases.CSSteps': Unsatisfied dependency expressed through field 'processService'; nested exception is org.springframework.beans.factory.NoSuchBeanDefinitionException: No qualifying bean of type 'org.jbpm.services.api.ProcessService' available: expected at least 1 bean which qualifies as autowire candidate. Dependency annotations: {@org.springframework.beans.factory.annotation.Autowired(required=true)}
	at org.springframework.beans.factory.annotation.AutowiredAnnotationBeanPostProcessor$AutowiredFieldElement.inject(AutowiredAnnotationBeanPostProcessor.java:643)
	at org.springframework.beans.factory.annotation.InjectionMetadata.inject(InjectionMetadata.java:116)
	at org.springframework.beans.factory.annotation.AutowiredAnnotationBeanPostProcessor.postProcessProperties(AutowiredAnnotationBeanPostProcessor.java:399)
	at org.springframework.beans.factory.support.AbstractAutowireCapableBeanFactory.populateBean(AbstractAutowireCapableBeanFactory.java:1422)
	at org.springframework.beans.factory.support.AbstractAutowireCapableBeanFactory.doCreateBean(AbstractAutowireCapableBeanFactory.java:594)
	at org.springframework.beans.factory.support.AbstractAutowireCapableBeanFactory.createBean(AbstractAutowireCapableBeanFactory.java:517)
	at org.springframework.beans.factory.support.AbstractBeanFactory.lambda$doGetBean$1(AbstractBeanFactory.java:359)
	at io.cucumber.spring.CucumberScenarioScope.get(CucumberScenarioScope.java:13)
	at org.springframework.beans.factory.support.AbstractBeanFactory.doGetBean(AbstractBeanFactory.java:356)
	at org.springframework.beans.factory.support.AbstractBeanFactory.getBean(AbstractBeanFactory.java:227)
	at org.springframework.beans.factory.support.DefaultListableBeanFactory.resolveNamedBean(DefaultListableBeanFactory.java:1155)
	at org.springframework.beans.factory.support.DefaultListableBeanFactory.resolveBean(DefaultListableBeanFactory.java:416)
	at org.springframework.beans.factory.support.DefaultListableBeanFactory.getBean(DefaultListableBeanFactory.java:349)
	at org.springframework.beans.factory.support.DefaultListableBeanFactory.getBean(DefaultListableBeanFactory.java:342)
	at org.springframework.context.support.AbstractApplicationContext.getBean(AbstractApplicationContext.java:1126)
	at io.cucumber.spring.TestContextAdaptor.getInstance(TestContextAdaptor.java:103)
	at io.cucumber.spring.SpringFactory.getInstance(SpringFactory.java:163)
	... 53 more
Caused by: org.springframework.beans.factory.NoSuchBeanDefinitionException: No qualifying bean of type 'org.jbpm.services.api.ProcessService' available: expected at least 1 bean which qualifies as autowire candidate. Dependency annotations: {@org.springframework.beans.factory.annotation.Autowired(required=true)}
	at org.springframework.beans.factory.support.DefaultListableBeanFactory.raiseNoMatchingBeanFound(DefaultListableBeanFactory.java:1695)
	at org.springframework.beans.factory.support.DefaultListableBeanFactory.doResolveDependency(DefaultListableBeanFactory.java:1253)
	at org.springframework.beans.factory.support.DefaultListableBeanFactory.resolveDependency(DefaultListableBeanFactory.java:1207)
	at org.springframework.beans.factory.annotation.AutowiredAnnotationBeanPostProcessor$AutowiredFieldElement.inject(AutowiredAnnotationBeanPostProcessor.java:640)
	... 69 more
&amp#27;[0m
]]></system-out>
  </testcase>
</testsuite>